<h1>An error occurred</h1>
<h2>Page not found</h2>
The error is logged. Please come back later.
<h3>Exception information:</h3>
<p>
    <b>Message:</b> Invalid controller specified (images)</p>

<h3>Stack trace:</h3>
<pre>#0 D:\project\bag\library\framework\Zend\Controller\Front.php(954): Zend_Controller_Dispatcher_Standard->dispatch(Object(Zend_Controller_Request_Http), Object(Zend_Controller_Response_Http))
#1 D:\project\bag\library\framework\Zend\Application\Bootstrap\Bootstrap.php(101): Zend_Controller_Front->dispatch()
#2 D:\project\bag\library\framework\Zend\Application.php(366): Zend_Application_Bootstrap_Bootstrap->run()
#3 D:\project\bag\core\public\index.php(36): Zend_Application->run()
#4 {main}</pre>

<h3>Request Parameters:</h3>
<pre>array (
  'controller' => 'images',
  'action' => 'logo-mobile',
  'module' => 'home',
)</pre>
<h3>Server information:</h3>
<p>
<pre>array (
  'REDIRECT_REDIRECT_HTTP_APPLICATION_ENV' => 'development',
  'REDIRECT_REDIRECT_HTTP_PROJECT_HOST' => 'bag.local',
  'REDIRECT_REDIRECT_HTTP_APPLICATION_TIMEZONE' => 'Australia/Sydney',
  'REDIRECT_REDIRECT_STATUS' => '200',
  'REDIRECT_HTTP_APPLICATION_ENV' => 'development',
  'REDIRECT_HTTP_PROJECT_HOST' => 'bag.local',
  'REDIRECT_HTTP_APPLICATION_TIMEZONE' => 'Australia/Sydney',
  'REDIRECT_STATUS' => '200',
  'HTTP_APPLICATION_ENV' => 'development',
  'HTTP_PROJECT_HOST' => 'bag.local',
  'HTTP_APPLICATION_TIMEZONE' => 'Australia/Sydney',
  'HTTP_HOST' => 'bag.local',
  'HTTP_CONNECTION' => 'keep-alive',
  'HTTP_ACCEPT' => 'image/webp,*/*;q=0.8',
  'HTTP_USER_AGENT' => 'Mozilla/5.0 (Windows NT 6.1; WOW64) AppleWebKit/537.36 (KHTML, like Gecko) Chrome/39.0.2171.95 Safari/537.36',
  'HTTP_REFERER' => 'http://bag.local/customer/history?search%5Bfield%5D%5Bdestination%5D=&search%5Bdate%5D%5Bdate_from%5D=&search%5Bdate%5D%5Bdate_to%5D=&page=1',
  'HTTP_ACCEPT_ENCODING' => 'gzip, deflate, sdch',
  'HTTP_ACCEPT_LANGUAGE' => 'vi,en-US;q=0.8,en;q=0.6',
  'HTTP_COOKIE' => 'b6589fc6ab0dc82cf12099d1c2d40ab994e8410c=p0nsas3h834t0p2bg4nmvb5t23; 356a192b7913b04c54574d18c28d46e6395428ab=6vt4r702svqidsumugthmsls73',
  'PATH' => 'C:\\Program Files (x86)\\NVIDIA Corporation\\PhysX\\Common;C:\\Program Files (x86)\\Intel\\iCLS Client\\;C:\\Program Files\\Intel\\iCLS Client\\;C:\\Windows\\system32;C:\\Windows;C:\\Windows\\System32\\Wbem;C:\\Windows\\System32\\WindowsPowerShell\\v1.0\\;C:\\Program Files\\Intel\\Intel(R) Management Engine Components\\DAL;C:\\Program Files\\Intel\\Intel(R) Management Engine Components\\IPT;C:\\Program Files (x86)\\Intel\\Intel(R) Management Engine Components\\DAL;C:\\Program Files (x86)\\Intel\\Intel(R) Management Engine Components\\IPT;C:\\Program Files (x86)\\Intel\\OpenCL SDK\\2.0\\bin\\x86;C:\\Program Files (x86)\\Intel\\OpenCL SDK\\2.0\\bin\\x64;C:\\Program Files\\TortoiseGit\\bin;D:\\server\\mysql\\bin;C:\\Program Files\\Java\\jdk1.8.0_05;D:\\server\\apache\\bin;D:\\server\\php;D:\\server\\mysql\\bin;C:\\Windows\\system32;C:\\Windows;C:\\Windows\\System32\\Wbem;',
  'SystemRoot' => 'C:\\Windows',
  'COMSPEC' => 'C:\\Windows\\system32\\cmd.exe',
  'PATHEXT' => '.COM;.EXE;.BAT;.CMD;.VBS;.VBE;.JS;.JSE;.WSF;.WSH;.MSC',
  'WINDIR' => 'C:\\Windows',
  'SERVER_SIGNATURE' => '',
  'SERVER_SOFTWARE' => 'Apache/2.2.19 (Win32) mod_ssl/2.2.19 OpenSSL/0.9.8r PHP/5.3.28',
  'SERVER_NAME' => 'bag.local',
  'SERVER_ADDR' => '127.0.0.1',
  'SERVER_PORT' => '80',
  'REMOTE_ADDR' => '127.0.0.1',
  'DOCUMENT_ROOT' => 'D:/project/bag',
  'SERVER_ADMIN' => 'admin@pc87.com',
  'SCRIPT_FILENAME' => 'D:/project/bag/core/public/index.php',
  'REMOTE_PORT' => '59504',
  'REDIRECT_URL' => '/core/public/images/logo-mobile',
  'GATEWAY_INTERFACE' => 'CGI/1.1',
  'SERVER_PROTOCOL' => 'HTTP/1.1',
  'REQUEST_METHOD' => 'GET',
  'QUERY_STRING' => '',
  'REQUEST_URI' => '/images/logo-mobile',
  'SCRIPT_NAME' => '/core/public/index.php',
  'PHP_SELF' => '/core/public/index.php',
  'REQUEST_TIME' => 1418382077,
)</pre></p>﻿Invalid controller specified (images)#0 D:\project\bag\library\framework\Zend\Controller\Front.php(954): Zend_Controller_Dispatcher_Standard->dispatch(Object(Zend_Controller_Request_Http), Object(Zend_Controller_Response_Http))
#1 D:\project\bag\library\framework\Zend\Application\Bootstrap\Bootstrap.php(101): Zend_Controller_Front->dispatch()
#2 D:\project\bag\library\framework\Zend\Application.php(366): Zend_Application_Bootstrap_Bootstrap->run()
#3 D:\project\bag\core\public\index.php(36): Zend_Application->run()
#4 {main}﻿<h1>An error occurred</h1>
<h2>Page not found</h2>
The error is logged. Please come back later.
<h3>Exception information:</h3>
<p>
    <b>Message:</b> Invalid controller specified (images)</p>

<h3>Stack trace:</h3>
<pre>#0 D:\project\bag\library\framework\Zend\Controller\Front.php(954): Zend_Controller_Dispatcher_Standard->dispatch(Object(Zend_Controller_Request_Http), Object(Zend_Controller_Response_Http))
#1 D:\project\bag\library\framework\Zend\Application\Bootstrap\Bootstrap.php(101): Zend_Controller_Front->dispatch()
#2 D:\project\bag\library\framework\Zend\Application.php(366): Zend_Application_Bootstrap_Bootstrap->run()
#3 D:\project\bag\core\public\index.php(36): Zend_Application->run()
#4 {main}</pre>

<h3>Request Parameters:</h3>
<pre>array (
  'controller' => 'images',
  'action' => 'logo-mobile',
  'module' => 'home',
)</pre>
<h3>Server information:</h3>
<p>
<pre>array (
  'REDIRECT_REDIRECT_HTTP_APPLICATION_ENV' => 'development',
  'REDIRECT_REDIRECT_HTTP_PROJECT_HOST' => 'bag.local',
  'REDIRECT_REDIRECT_HTTP_APPLICATION_TIMEZONE' => 'Australia/Sydney',
  'REDIRECT_REDIRECT_STATUS' => '200',
  'REDIRECT_HTTP_APPLICATION_ENV' => 'development',
  'REDIRECT_HTTP_PROJECT_HOST' => 'bag.local',
  'REDIRECT_HTTP_APPLICATION_TIMEZONE' => 'Australia/Sydney',
  'REDIRECT_STATUS' => '200',
  'HTTP_APPLICATION_ENV' => 'development',
  'HTTP_PROJECT_HOST' => 'bag.local',
  'HTTP_APPLICATION_TIMEZONE' => 'Australia/Sydney',
  'HTTP_HOST' => 'bag.local',
  'HTTP_CONNECTION' => 'keep-alive',
  'HTTP_CACHE_CONTROL' => 'max-age=0',
  'HTTP_ACCEPT' => 'image/webp,*/*;q=0.8',
  'HTTP_USER_AGENT' => 'Mozilla/5.0 (Windows NT 6.1; WOW64) AppleWebKit/537.36 (KHTML, like Gecko) Chrome/39.0.2171.95 Safari/537.36',
  'HTTP_REFERER' => 'http://bag.local/customer/history?search%5Bfield%5D%5Bdestination%5D=&search%5Bdate%5D%5Bdate_from%5D=&search%5Bdate%5D%5Bdate_to%5D=&page=1',
  'HTTP_ACCEPT_ENCODING' => 'gzip, deflate, sdch',
  'HTTP_ACCEPT_LANGUAGE' => 'vi,en-US;q=0.8,en;q=0.6',
  'HTTP_COOKIE' => 'b6589fc6ab0dc82cf12099d1c2d40ab994e8410c=p0nsas3h834t0p2bg4nmvb5t23; 356a192b7913b04c54574d18c28d46e6395428ab=6vt4r702svqidsumugthmsls73',
  'PATH' => 'C:\\Program Files (x86)\\NVIDIA Corporation\\PhysX\\Common;C:\\Program Files (x86)\\Intel\\iCLS Client\\;C:\\Program Files\\Intel\\iCLS Client\\;C:\\Windows\\system32;C:\\Windows;C:\\Windows\\System32\\Wbem;C:\\Windows\\System32\\WindowsPowerShell\\v1.0\\;C:\\Program Files\\Intel\\Intel(R) Management Engine Components\\DAL;C:\\Program Files\\Intel\\Intel(R) Management Engine Components\\IPT;C:\\Program Files (x86)\\Intel\\Intel(R) Management Engine Components\\DAL;C:\\Program Files (x86)\\Intel\\Intel(R) Management Engine Components\\IPT;C:\\Program Files (x86)\\Intel\\OpenCL SDK\\2.0\\bin\\x86;C:\\Program Files (x86)\\Intel\\OpenCL SDK\\2.0\\bin\\x64;C:\\Program Files\\TortoiseGit\\bin;D:\\server\\mysql\\bin;C:\\Program Files\\Java\\jdk1.8.0_05;D:\\server\\apache\\bin;D:\\server\\php;D:\\server\\mysql\\bin;C:\\Windows\\system32;C:\\Windows;C:\\Windows\\System32\\Wbem;',
  'SystemRoot' => 'C:\\Windows',
  'COMSPEC' => 'C:\\Windows\\system32\\cmd.exe',
  'PATHEXT' => '.COM;.EXE;.BAT;.CMD;.VBS;.VBE;.JS;.JSE;.WSF;.WSH;.MSC',
  'WINDIR' => 'C:\\Windows',
  'SERVER_SIGNATURE' => '',
  'SERVER_SOFTWARE' => 'Apache/2.2.19 (Win32) mod_ssl/2.2.19 OpenSSL/0.9.8r PHP/5.3.28',
  'SERVER_NAME' => 'bag.local',
  'SERVER_ADDR' => '127.0.0.1',
  'SERVER_PORT' => '80',
  'REMOTE_ADDR' => '127.0.0.1',
  'DOCUMENT_ROOT' => 'D:/project/bag',
  'SERVER_ADMIN' => 'admin@pc87.com',
  'SCRIPT_FILENAME' => 'D:/project/bag/core/public/index.php',
  'REMOTE_PORT' => '59540',
  'REDIRECT_URL' => '/core/public/images/logo-mobile',
  'GATEWAY_INTERFACE' => 'CGI/1.1',
  'SERVER_PROTOCOL' => 'HTTP/1.1',
  'REQUEST_METHOD' => 'GET',
  'QUERY_STRING' => '',
  'REQUEST_URI' => '/images/logo-mobile',
  'SCRIPT_NAME' => '/core/public/index.php',
  'PHP_SELF' => '/core/public/index.php',
  'REQUEST_TIME' => 1418382120,
)</pre></p>﻿Invalid controller specified (images)#0 D:\project\bag\library\framework\Zend\Controller\Front.php(954): Zend_Controller_Dispatcher_Standard->dispatch(Object(Zend_Controller_Request_Http), Object(Zend_Controller_Response_Http))
#1 D:\project\bag\library\framework\Zend\Application\Bootstrap\Bootstrap.php(101): Zend_Controller_Front->dispatch()
#2 D:\project\bag\library\framework\Zend\Application.php(366): Zend_Application_Bootstrap_Bootstrap->run()
#3 D:\project\bag\core\public\index.php(36): Zend_Application->run()
#4 {main}﻿<h1>An error occurred</h1>
<h2>Page not found</h2>
The error is logged. Please come back later.
<h3>Exception information:</h3>
<p>
    <b>Message:</b> Invalid controller specified (images)</p>

<h3>Stack trace:</h3>
<pre>#0 D:\project\bag\library\framework\Zend\Controller\Front.php(954): Zend_Controller_Dispatcher_Standard->dispatch(Object(Zend_Controller_Request_Http), Object(Zend_Controller_Response_Http))
#1 D:\project\bag\library\framework\Zend\Application\Bootstrap\Bootstrap.php(101): Zend_Controller_Front->dispatch()
#2 D:\project\bag\library\framework\Zend\Application.php(366): Zend_Application_Bootstrap_Bootstrap->run()
#3 D:\project\bag\core\public\index.php(36): Zend_Application->run()
#4 {main}</pre>

<h3>Request Parameters:</h3>
<pre>array (
  'controller' => 'images',
  'action' => 'logo-mobile',
  'module' => 'home',
)</pre>
<h3>Server information:</h3>
<p>
<pre>array (
  'REDIRECT_REDIRECT_HTTP_APPLICATION_ENV' => 'development',
  'REDIRECT_REDIRECT_HTTP_PROJECT_HOST' => 'bag.local',
  'REDIRECT_REDIRECT_HTTP_APPLICATION_TIMEZONE' => 'Australia/Sydney',
  'REDIRECT_REDIRECT_STATUS' => '200',
  'REDIRECT_HTTP_APPLICATION_ENV' => 'development',
  'REDIRECT_HTTP_PROJECT_HOST' => 'bag.local',
  'REDIRECT_HTTP_APPLICATION_TIMEZONE' => 'Australia/Sydney',
  'REDIRECT_STATUS' => '200',
  'HTTP_APPLICATION_ENV' => 'development',
  'HTTP_PROJECT_HOST' => 'bag.local',
  'HTTP_APPLICATION_TIMEZONE' => 'Australia/Sydney',
  'HTTP_HOST' => 'bag.local',
  'HTTP_CONNECTION' => 'keep-alive',
  'HTTP_ACCEPT' => 'image/webp,*/*;q=0.8',
  'HTTP_USER_AGENT' => 'Mozilla/5.0 (Windows NT 6.1; WOW64) AppleWebKit/537.36 (KHTML, like Gecko) Chrome/39.0.2171.95 Safari/537.36',
  'HTTP_REFERER' => 'http://bag.local/customer/history?search%5Bfilter%5D%5Bcompleted%5D=completed&search%5Bfield%5D%5Bdestination%5D=&search%5Bdate%5D%5Bdate_from%5D=&search%5Bdate%5D%5Bdate_to%5D=&page=1',
  'HTTP_ACCEPT_ENCODING' => 'gzip, deflate, sdch',
  'HTTP_ACCEPT_LANGUAGE' => 'vi,en-US;q=0.8,en;q=0.6',
  'HTTP_COOKIE' => 'b6589fc6ab0dc82cf12099d1c2d40ab994e8410c=p0nsas3h834t0p2bg4nmvb5t23; 356a192b7913b04c54574d18c28d46e6395428ab=6vt4r702svqidsumugthmsls73',
  'PATH' => 'C:\\Program Files (x86)\\NVIDIA Corporation\\PhysX\\Common;C:\\Program Files (x86)\\Intel\\iCLS Client\\;C:\\Program Files\\Intel\\iCLS Client\\;C:\\Windows\\system32;C:\\Windows;C:\\Windows\\System32\\Wbem;C:\\Windows\\System32\\WindowsPowerShell\\v1.0\\;C:\\Program Files\\Intel\\Intel(R) Management Engine Components\\DAL;C:\\Program Files\\Intel\\Intel(R) Management Engine Components\\IPT;C:\\Program Files (x86)\\Intel\\Intel(R) Management Engine Components\\DAL;C:\\Program Files (x86)\\Intel\\Intel(R) Management Engine Components\\IPT;C:\\Program Files (x86)\\Intel\\OpenCL SDK\\2.0\\bin\\x86;C:\\Program Files (x86)\\Intel\\OpenCL SDK\\2.0\\bin\\x64;C:\\Program Files\\TortoiseGit\\bin;D:\\server\\mysql\\bin;C:\\Program Files\\Java\\jdk1.8.0_05;D:\\server\\apache\\bin;D:\\server\\php;D:\\server\\mysql\\bin;C:\\Windows\\system32;C:\\Windows;C:\\Windows\\System32\\Wbem;',
  'SystemRoot' => 'C:\\Windows',
  'COMSPEC' => 'C:\\Windows\\system32\\cmd.exe',
  'PATHEXT' => '.COM;.EXE;.BAT;.CMD;.VBS;.VBE;.JS;.JSE;.WSF;.WSH;.MSC',
  'WINDIR' => 'C:\\Windows',
  'SERVER_SIGNATURE' => '',
  'SERVER_SOFTWARE' => 'Apache/2.2.19 (Win32) mod_ssl/2.2.19 OpenSSL/0.9.8r PHP/5.3.28',
  'SERVER_NAME' => 'bag.local',
  'SERVER_ADDR' => '127.0.0.1',
  'SERVER_PORT' => '80',
  'REMOTE_ADDR' => '127.0.0.1',
  'DOCUMENT_ROOT' => 'D:/project/bag',
  'SERVER_ADMIN' => 'admin@pc87.com',
  'SCRIPT_FILENAME' => 'D:/project/bag/core/public/index.php',
  'REMOTE_PORT' => '59536',
  'REDIRECT_URL' => '/core/public/images/logo-mobile',
  'GATEWAY_INTERFACE' => 'CGI/1.1',
  'SERVER_PROTOCOL' => 'HTTP/1.1',
  'REQUEST_METHOD' => 'GET',
  'QUERY_STRING' => '',
  'REQUEST_URI' => '/images/logo-mobile',
  'SCRIPT_NAME' => '/core/public/index.php',
  'PHP_SELF' => '/core/public/index.php',
  'REQUEST_TIME' => 1418382125,
)</pre></p>﻿Invalid controller specified (images)#0 D:\project\bag\library\framework\Zend\Controller\Front.php(954): Zend_Controller_Dispatcher_Standard->dispatch(Object(Zend_Controller_Request_Http), Object(Zend_Controller_Response_Http))
#1 D:\project\bag\library\framework\Zend\Application\Bootstrap\Bootstrap.php(101): Zend_Controller_Front->dispatch()
#2 D:\project\bag\library\framework\Zend\Application.php(366): Zend_Application_Bootstrap_Bootstrap->run()
#3 D:\project\bag\core\public\index.php(36): Zend_Application->run()
#4 {main}﻿<h1>An error occurred</h1>
<h2>Page not found</h2>
The error is logged. Please come back later.
<h3>Exception information:</h3>
<p>
    <b>Message:</b> Invalid controller specified (images)</p>

<h3>Stack trace:</h3>
<pre>#0 D:\project\bag\library\framework\Zend\Controller\Front.php(954): Zend_Controller_Dispatcher_Standard->dispatch(Object(Zend_Controller_Request_Http), Object(Zend_Controller_Response_Http))
#1 D:\project\bag\library\framework\Zend\Application\Bootstrap\Bootstrap.php(101): Zend_Controller_Front->dispatch()
#2 D:\project\bag\library\framework\Zend\Application.php(366): Zend_Application_Bootstrap_Bootstrap->run()
#3 D:\project\bag\core\public\index.php(36): Zend_Application->run()
#4 {main}</pre>

<h3>Request Parameters:</h3>
<pre>array (
  'controller' => 'images',
  'action' => 'logo-mobile',
  'module' => 'home',
)</pre>
<h3>Server information:</h3>
<p>
<pre>array (
  'REDIRECT_REDIRECT_HTTP_APPLICATION_ENV' => 'development',
  'REDIRECT_REDIRECT_HTTP_PROJECT_HOST' => 'bag.local',
  'REDIRECT_REDIRECT_HTTP_APPLICATION_TIMEZONE' => 'Australia/Sydney',
  'REDIRECT_REDIRECT_STATUS' => '200',
  'REDIRECT_HTTP_APPLICATION_ENV' => 'development',
  'REDIRECT_HTTP_PROJECT_HOST' => 'bag.local',
  'REDIRECT_HTTP_APPLICATION_TIMEZONE' => 'Australia/Sydney',
  'REDIRECT_STATUS' => '200',
  'HTTP_APPLICATION_ENV' => 'development',
  'HTTP_PROJECT_HOST' => 'bag.local',
  'HTTP_APPLICATION_TIMEZONE' => 'Australia/Sydney',
  'HTTP_HOST' => 'bag.local',
  'HTTP_CONNECTION' => 'keep-alive',
  'HTTP_ACCEPT' => 'image/webp,*/*;q=0.8',
  'HTTP_USER_AGENT' => 'Mozilla/5.0 (Windows NT 6.1; WOW64) AppleWebKit/537.36 (KHTML, like Gecko) Chrome/39.0.2171.95 Safari/537.36',
  'HTTP_REFERER' => 'http://bag.local/customer/history?search%5Bfilter%5D%5Bcompleted%5D=completed&search%5Bfield%5D%5Bdestination%5D=&search%5Bdate%5D%5Bdate_from%5D=&search%5Bdate%5D%5Bdate_to%5D=&page=1',
  'HTTP_ACCEPT_ENCODING' => 'gzip, deflate, sdch',
  'HTTP_ACCEPT_LANGUAGE' => 'vi,en-US;q=0.8,en;q=0.6',
  'HTTP_COOKIE' => 'b6589fc6ab0dc82cf12099d1c2d40ab994e8410c=p0nsas3h834t0p2bg4nmvb5t23; 356a192b7913b04c54574d18c28d46e6395428ab=6vt4r702svqidsumugthmsls73',
  'PATH' => 'C:\\Program Files (x86)\\NVIDIA Corporation\\PhysX\\Common;C:\\Program Files (x86)\\Intel\\iCLS Client\\;C:\\Program Files\\Intel\\iCLS Client\\;C:\\Windows\\system32;C:\\Windows;C:\\Windows\\System32\\Wbem;C:\\Windows\\System32\\WindowsPowerShell\\v1.0\\;C:\\Program Files\\Intel\\Intel(R) Management Engine Components\\DAL;C:\\Program Files\\Intel\\Intel(R) Management Engine Components\\IPT;C:\\Program Files (x86)\\Intel\\Intel(R) Management Engine Components\\DAL;C:\\Program Files (x86)\\Intel\\Intel(R) Management Engine Components\\IPT;C:\\Program Files (x86)\\Intel\\OpenCL SDK\\2.0\\bin\\x86;C:\\Program Files (x86)\\Intel\\OpenCL SDK\\2.0\\bin\\x64;C:\\Program Files\\TortoiseGit\\bin;D:\\server\\mysql\\bin;C:\\Program Files\\Java\\jdk1.8.0_05;D:\\server\\apache\\bin;D:\\server\\php;D:\\server\\mysql\\bin;C:\\Windows\\system32;C:\\Windows;C:\\Windows\\System32\\Wbem;',
  'SystemRoot' => 'C:\\Windows',
  'COMSPEC' => 'C:\\Windows\\system32\\cmd.exe',
  'PATHEXT' => '.COM;.EXE;.BAT;.CMD;.VBS;.VBE;.JS;.JSE;.WSF;.WSH;.MSC',
  'WINDIR' => 'C:\\Windows',
  'SERVER_SIGNATURE' => '',
  'SERVER_SOFTWARE' => 'Apache/2.2.19 (Win32) mod_ssl/2.2.19 OpenSSL/0.9.8r PHP/5.3.28',
  'SERVER_NAME' => 'bag.local',
  'SERVER_ADDR' => '127.0.0.1',
  'SERVER_PORT' => '80',
  'REMOTE_ADDR' => '127.0.0.1',
  'DOCUMENT_ROOT' => 'D:/project/bag',
  'SERVER_ADMIN' => 'admin@pc87.com',
  'SCRIPT_FILENAME' => 'D:/project/bag/core/public/index.php',
  'REMOTE_PORT' => '59632',
  'REDIRECT_URL' => '/core/public/images/logo-mobile',
  'GATEWAY_INTERFACE' => 'CGI/1.1',
  'SERVER_PROTOCOL' => 'HTTP/1.1',
  'REQUEST_METHOD' => 'GET',
  'QUERY_STRING' => '',
  'REQUEST_URI' => '/images/logo-mobile',
  'SCRIPT_NAME' => '/core/public/index.php',
  'PHP_SELF' => '/core/public/index.php',
  'REQUEST_TIME' => 1418382363,
)</pre></p>﻿Invalid controller specified (images)#0 D:\project\bag\library\framework\Zend\Controller\Front.php(954): Zend_Controller_Dispatcher_Standard->dispatch(Object(Zend_Controller_Request_Http), Object(Zend_Controller_Response_Http))
#1 D:\project\bag\library\framework\Zend\Application\Bootstrap\Bootstrap.php(101): Zend_Controller_Front->dispatch()
#2 D:\project\bag\library\framework\Zend\Application.php(366): Zend_Application_Bootstrap_Bootstrap->run()
#3 D:\project\bag\core\public\index.php(36): Zend_Application->run()
#4 {main}﻿<h1>An error occurred</h1>
<h2>Page not found</h2>
The error is logged. Please come back later.
<h3>Exception information:</h3>
<p>
    <b>Message:</b> Invalid controller specified (images)</p>

<h3>Stack trace:</h3>
<pre>#0 D:\project\bag\library\framework\Zend\Controller\Front.php(954): Zend_Controller_Dispatcher_Standard->dispatch(Object(Zend_Controller_Request_Http), Object(Zend_Controller_Response_Http))
#1 D:\project\bag\library\framework\Zend\Application\Bootstrap\Bootstrap.php(101): Zend_Controller_Front->dispatch()
#2 D:\project\bag\library\framework\Zend\Application.php(366): Zend_Application_Bootstrap_Bootstrap->run()
#3 D:\project\bag\core\public\index.php(36): Zend_Application->run()
#4 {main}</pre>

<h3>Request Parameters:</h3>
<pre>array (
  'controller' => 'images',
  'action' => 'logo-mobile',
  'module' => 'home',
)</pre>
<h3>Server information:</h3>
<p>
<pre>array (
  'REDIRECT_REDIRECT_HTTP_APPLICATION_ENV' => 'development',
  'REDIRECT_REDIRECT_HTTP_PROJECT_HOST' => 'bag.local',
  'REDIRECT_REDIRECT_HTTP_APPLICATION_TIMEZONE' => 'Australia/Sydney',
  'REDIRECT_REDIRECT_STATUS' => '200',
  'REDIRECT_HTTP_APPLICATION_ENV' => 'development',
  'REDIRECT_HTTP_PROJECT_HOST' => 'bag.local',
  'REDIRECT_HTTP_APPLICATION_TIMEZONE' => 'Australia/Sydney',
  'REDIRECT_STATUS' => '200',
  'HTTP_APPLICATION_ENV' => 'development',
  'HTTP_PROJECT_HOST' => 'bag.local',
  'HTTP_APPLICATION_TIMEZONE' => 'Australia/Sydney',
  'HTTP_HOST' => 'bag.local',
  'HTTP_CONNECTION' => 'keep-alive',
  'HTTP_ACCEPT' => 'image/webp,*/*;q=0.8',
  'HTTP_USER_AGENT' => 'Mozilla/5.0 (Windows NT 6.1; WOW64) AppleWebKit/537.36 (KHTML, like Gecko) Chrome/39.0.2171.95 Safari/537.36',
  'HTTP_REFERER' => 'http://bag.local/customer/history?search%5Bfield%5D%5Bdestination%5D=&search%5Bdate%5D%5Bdate_from%5D=&search%5Bdate%5D%5Bdate_to%5D=&page=1',
  'HTTP_ACCEPT_ENCODING' => 'gzip, deflate, sdch',
  'HTTP_ACCEPT_LANGUAGE' => 'vi,en-US;q=0.8,en;q=0.6',
  'HTTP_COOKIE' => 'b6589fc6ab0dc82cf12099d1c2d40ab994e8410c=p0nsas3h834t0p2bg4nmvb5t23; 356a192b7913b04c54574d18c28d46e6395428ab=6vt4r702svqidsumugthmsls73',
  'PATH' => 'C:\\Program Files (x86)\\NVIDIA Corporation\\PhysX\\Common;C:\\Program Files (x86)\\Intel\\iCLS Client\\;C:\\Program Files\\Intel\\iCLS Client\\;C:\\Windows\\system32;C:\\Windows;C:\\Windows\\System32\\Wbem;C:\\Windows\\System32\\WindowsPowerShell\\v1.0\\;C:\\Program Files\\Intel\\Intel(R) Management Engine Components\\DAL;C:\\Program Files\\Intel\\Intel(R) Management Engine Components\\IPT;C:\\Program Files (x86)\\Intel\\Intel(R) Management Engine Components\\DAL;C:\\Program Files (x86)\\Intel\\Intel(R) Management Engine Components\\IPT;C:\\Program Files (x86)\\Intel\\OpenCL SDK\\2.0\\bin\\x86;C:\\Program Files (x86)\\Intel\\OpenCL SDK\\2.0\\bin\\x64;C:\\Program Files\\TortoiseGit\\bin;D:\\server\\mysql\\bin;C:\\Program Files\\Java\\jdk1.8.0_05;D:\\server\\apache\\bin;D:\\server\\php;D:\\server\\mysql\\bin;C:\\Windows\\system32;C:\\Windows;C:\\Windows\\System32\\Wbem;',
  'SystemRoot' => 'C:\\Windows',
  'COMSPEC' => 'C:\\Windows\\system32\\cmd.exe',
  'PATHEXT' => '.COM;.EXE;.BAT;.CMD;.VBS;.VBE;.JS;.JSE;.WSF;.WSH;.MSC',
  'WINDIR' => 'C:\\Windows',
  'SERVER_SIGNATURE' => '',
  'SERVER_SOFTWARE' => 'Apache/2.2.19 (Win32) mod_ssl/2.2.19 OpenSSL/0.9.8r PHP/5.3.28',
  'SERVER_NAME' => 'bag.local',
  'SERVER_ADDR' => '127.0.0.1',
  'SERVER_PORT' => '80',
  'REMOTE_ADDR' => '127.0.0.1',
  'DOCUMENT_ROOT' => 'D:/project/bag',
  'SERVER_ADMIN' => 'admin@pc87.com',
  'SCRIPT_FILENAME' => 'D:/project/bag/core/public/index.php',
  'REMOTE_PORT' => '59723',
  'REDIRECT_URL' => '/core/public/images/logo-mobile',
  'GATEWAY_INTERFACE' => 'CGI/1.1',
  'SERVER_PROTOCOL' => 'HTTP/1.1',
  'REQUEST_METHOD' => 'GET',
  'QUERY_STRING' => '',
  'REQUEST_URI' => '/images/logo-mobile',
  'SCRIPT_NAME' => '/core/public/index.php',
  'PHP_SELF' => '/core/public/index.php',
  'REQUEST_TIME' => 1418382371,
)</pre></p>﻿Invalid controller specified (images)#0 D:\project\bag\library\framework\Zend\Controller\Front.php(954): Zend_Controller_Dispatcher_Standard->dispatch(Object(Zend_Controller_Request_Http), Object(Zend_Controller_Response_Http))
#1 D:\project\bag\library\framework\Zend\Application\Bootstrap\Bootstrap.php(101): Zend_Controller_Front->dispatch()
#2 D:\project\bag\library\framework\Zend\Application.php(366): Zend_Application_Bootstrap_Bootstrap->run()
#3 D:\project\bag\core\public\index.php(36): Zend_Application->run()
#4 {main}