<h1>An error occurred</h1>
<h2>Application error</h2>
The error is logged. Please come back later.
<h3>Exception information:</h3>
<p>
    <b>Message:</b> Method "escape" does not exist</p>

<h3>Stack trace:</h3>
<pre>#0 D:\project\bag\modules\base\display\helpers\GetIntro.php(9): Zend_View_Helper_Placeholder_Container_Standalone->__call('escape', Array)
#1 D:\project\bag\modules\base\display\helpers\GetIntro.php(9): Zend_View_Helper_GetIntro->escape('Company Number ...')
#2 [internal function]: Zend_View_Helper_GetIntro->getIntro()
#3 D:\project\bag\library\framework\Zend\View\Abstract.php(350): call_user_func_array(Array, Array)
#4 D:\project\bag\views\scripts\account\courier-profile.phtml(40): Zend_View_Abstract->__call('getIntro', Array)
#5 D:\project\bag\views\scripts\account\courier-profile.phtml(40): Zend_View->getIntro()
#6 D:\project\bag\library\framework\Zend\View.php(108): include('D:\\project\\bag\\...')
#7 D:\project\bag\library\framework\Zend\View\Abstract.php(888): Zend_View->_run('D:\\project\\bag\\...')
#8 D:\project\bag\modules\courier\controllers\ProfileController.php(198): Zend_View_Abstract->render('account/courier...')
#9 D:\project\bag\modules\courier\controllers\ProfileController.php(59): Courier_ProfileController->companyAction()
#10 D:\project\bag\library\framework\Zend\Controller\Action.php(516): Courier_ProfileController->indexAction()
#11 D:\project\bag\library\framework\Zend\Controller\Dispatcher\Standard.php(308): Zend_Controller_Action->dispatch('indexAction')
#12 D:\project\bag\library\framework\Zend\Controller\Front.php(954): Zend_Controller_Dispatcher_Standard->dispatch(Object(Zend_Controller_Request_Http), Object(Zend_Controller_Response_Http))
#13 D:\project\bag\library\framework\Zend\Application\Bootstrap\Bootstrap.php(101): Zend_Controller_Front->dispatch()
#14 D:\project\bag\library\framework\Zend\Application.php(366): Zend_Application_Bootstrap_Bootstrap->run()
#15 D:\project\bag\core\public\index.php(37): Zend_Application->run()
#16 {main}</pre>

<h3>Request Parameters:</h3>
<pre>array (
  'module' => 'courier',
  'controller' => 'profile',
  'action' => 'index',
)</pre>
<h3>Server information:</h3>
<p>
<pre>array (
  'REDIRECT_REDIRECT_HTTP_APPLICATION_ENV' => 'development',
  'REDIRECT_REDIRECT_HTTP_PROJECT_HOST' => 'bag.local',
  'REDIRECT_REDIRECT_HTTP_APPLICATION_TIMEZONE' => 'Australia/Sydney',
  'REDIRECT_REDIRECT_STATUS' => '200',
  'REDIRECT_HTTP_APPLICATION_ENV' => 'development',
  'REDIRECT_HTTP_PROJECT_HOST' => 'bag.local',
  'REDIRECT_HTTP_APPLICATION_TIMEZONE' => 'Australia/Sydney',
  'REDIRECT_STATUS' => '200',
  'HTTP_APPLICATION_ENV' => 'development',
  'HTTP_PROJECT_HOST' => 'bag.local',
  'HTTP_APPLICATION_TIMEZONE' => 'Australia/Sydney',
  'HTTP_HOST' => 'bag.local',
  'HTTP_USER_AGENT' => 'Mozilla/5.0 (Windows NT 6.1; WOW64; rv:34.0) Gecko/20100101 Firefox/34.0',
  'HTTP_ACCEPT' => 'text/html,application/xhtml+xml,application/xml;q=0.9,*/*;q=0.8',
  'HTTP_ACCEPT_LANGUAGE' => 'en-US,en;q=0.5',
  'HTTP_ACCEPT_ENCODING' => 'gzip, deflate',
  'HTTP_COOKIE' => 'b6589fc6ab0dc82cf12099d1c2d40ab994e8410c=u5avv4h9vh9264jc80go3tjl71',
  'HTTP_CONNECTION' => 'keep-alive',
  'HTTP_CACHE_CONTROL' => 'max-age=0',
  'PATH' => 'C:\\Program Files (x86)\\NVIDIA Corporation\\PhysX\\Common;C:\\Program Files (x86)\\Intel\\iCLS Client\\;C:\\Program Files\\Intel\\iCLS Client\\;C:\\Windows\\system32;C:\\Windows;C:\\Windows\\System32\\Wbem;C:\\Windows\\System32\\WindowsPowerShell\\v1.0\\;C:\\Program Files\\Intel\\Intel(R) Management Engine Components\\DAL;C:\\Program Files\\Intel\\Intel(R) Management Engine Components\\IPT;C:\\Program Files (x86)\\Intel\\Intel(R) Management Engine Components\\DAL;C:\\Program Files (x86)\\Intel\\Intel(R) Management Engine Components\\IPT;C:\\Program Files (x86)\\Intel\\OpenCL SDK\\2.0\\bin\\x86;C:\\Program Files (x86)\\Intel\\OpenCL SDK\\2.0\\bin\\x64;C:\\Program Files\\TortoiseGit\\bin;D:\\server\\mysql\\bin;C:\\Program Files\\Java\\jdk1.8.0_05;D:\\server\\apache\\bin;D:\\server\\php;D:\\server\\mysql\\bin;C:\\Windows\\system32;C:\\Windows;C:\\Windows\\System32\\Wbem;C:\\Program Files\\SourceGear\\Common\\DiffMerge\\;',
  'SystemRoot' => 'C:\\Windows',
  'COMSPEC' => 'C:\\Windows\\system32\\cmd.exe',
  'PATHEXT' => '.COM;.EXE;.BAT;.CMD;.VBS;.VBE;.JS;.JSE;.WSF;.WSH;.MSC',
  'WINDIR' => 'C:\\Windows',
  'SERVER_SIGNATURE' => '',
  'SERVER_SOFTWARE' => 'Apache/2.2.19 (Win32) mod_ssl/2.2.19 OpenSSL/0.9.8r PHP/5.4.35',
  'SERVER_NAME' => 'bag.local',
  'SERVER_ADDR' => '127.0.0.1',
  'SERVER_PORT' => '80',
  'REMOTE_ADDR' => '127.0.0.1',
  'DOCUMENT_ROOT' => 'D:/project/bag',
  'SERVER_ADMIN' => 'admin@pc87.com',
  'SCRIPT_FILENAME' => 'D:/project/bag/core/public/index.php',
  'REMOTE_PORT' => '52507',
  'REDIRECT_URL' => '/core/public/courier/profile',
  'GATEWAY_INTERFACE' => 'CGI/1.1',
  'SERVER_PROTOCOL' => 'HTTP/1.1',
  'REQUEST_METHOD' => 'GET',
  'QUERY_STRING' => '',
  'REQUEST_URI' => '/courier/profile',
  'SCRIPT_NAME' => '/core/public/index.php',
  'PHP_SELF' => '/core/public/index.php',
  'REQUEST_TIME_FLOAT' => 1419395453.5899999,
  'REQUEST_TIME' => 1419395453,
)</pre></p>﻿Method "escape" does not exist#0 D:\project\bag\modules\base\display\helpers\GetIntro.php(9): Zend_View_Helper_Placeholder_Container_Standalone->__call('escape', Array)
#1 D:\project\bag\modules\base\display\helpers\GetIntro.php(9): Zend_View_Helper_GetIntro->escape('Company Number ...')
#2 [internal function]: Zend_View_Helper_GetIntro->getIntro()
#3 D:\project\bag\library\framework\Zend\View\Abstract.php(350): call_user_func_array(Array, Array)
#4 D:\project\bag\views\scripts\account\courier-profile.phtml(40): Zend_View_Abstract->__call('getIntro', Array)
#5 D:\project\bag\views\scripts\account\courier-profile.phtml(40): Zend_View->getIntro()
#6 D:\project\bag\library\framework\Zend\View.php(108): include('D:\\project\\bag\\...')
#7 D:\project\bag\library\framework\Zend\View\Abstract.php(888): Zend_View->_run('D:\\project\\bag\\...')
#8 D:\project\bag\modules\courier\controllers\ProfileController.php(198): Zend_View_Abstract->render('account/courier...')
#9 D:\project\bag\modules\courier\controllers\ProfileController.php(59): Courier_ProfileController->companyAction()
#10 D:\project\bag\library\framework\Zend\Controller\Action.php(516): Courier_ProfileController->indexAction()
#11 D:\project\bag\library\framework\Zend\Controller\Dispatcher\Standard.php(308): Zend_Controller_Action->dispatch('indexAction')
#12 D:\project\bag\library\framework\Zend\Controller\Front.php(954): Zend_Controller_Dispatcher_Standard->dispatch(Object(Zend_Controller_Request_Http), Object(Zend_Controller_Response_Http))
#13 D:\project\bag\library\framework\Zend\Application\Bootstrap\Bootstrap.php(101): Zend_Controller_Front->dispatch()
#14 D:\project\bag\library\framework\Zend\Application.php(366): Zend_Application_Bootstrap_Bootstrap->run()
#15 D:\project\bag\core\public\index.php(37): Zend_Application->run()
#16 {main}﻿<h1>An error occurred</h1>
<h2>Application error</h2>
The error is logged. Please come back later.
<h3>Exception information:</h3>
<p>
    <b>Message:</b> Plugin by name 'Escap' was not found in the registry; used paths:
Courier_View_Helper_: D:/project/bag/modules/courier/views\helpers/
Base_Display_Helper_: D:\project\bag/modules\base\display\helpers/
Zend_View_Helper_: Zend/View/Helper/;D:\project\bag/modules\base\display\helpers/</p>

<h3>Stack trace:</h3>
<pre>#0 D:\project\bag\library\framework\Zend\View\Abstract.php(1182): Zend_Loader_PluginLoader->load('Escap')
#1 D:\project\bag\library\framework\Zend\View\Abstract.php(618): Zend_View_Abstract->_getPlugin('helper', 'escap')
#2 D:\project\bag\library\framework\Zend\View\Abstract.php(344): Zend_View_Abstract->getHelper('escap')
#3 D:\project\bag\views\scripts\account\courier-profile.phtml(40): Zend_View_Abstract->__call('escap', Array)
#4 D:\project\bag\views\scripts\account\courier-profile.phtml(40): Zend_View->escap('Company Number ...')
#5 D:\project\bag\library\framework\Zend\View.php(108): include('D:\\project\\bag\\...')
#6 D:\project\bag\library\framework\Zend\View\Abstract.php(888): Zend_View->_run('D:\\project\\bag\\...')
#7 D:\project\bag\modules\courier\controllers\ProfileController.php(198): Zend_View_Abstract->render('account/courier...')
#8 D:\project\bag\modules\courier\controllers\ProfileController.php(59): Courier_ProfileController->companyAction()
#9 D:\project\bag\library\framework\Zend\Controller\Action.php(516): Courier_ProfileController->indexAction()
#10 D:\project\bag\library\framework\Zend\Controller\Dispatcher\Standard.php(308): Zend_Controller_Action->dispatch('indexAction')
#11 D:\project\bag\library\framework\Zend\Controller\Front.php(954): Zend_Controller_Dispatcher_Standard->dispatch(Object(Zend_Controller_Request_Http), Object(Zend_Controller_Response_Http))
#12 D:\project\bag\library\framework\Zend\Application\Bootstrap\Bootstrap.php(101): Zend_Controller_Front->dispatch()
#13 D:\project\bag\library\framework\Zend\Application.php(366): Zend_Application_Bootstrap_Bootstrap->run()
#14 D:\project\bag\core\public\index.php(37): Zend_Application->run()
#15 {main}</pre>

<h3>Request Parameters:</h3>
<pre>array (
  'module' => 'courier',
  'controller' => 'profile',
  'action' => 'index',
)</pre>
<h3>Server information:</h3>
<p>
<pre>array (
  'REDIRECT_REDIRECT_HTTP_APPLICATION_ENV' => 'development',
  'REDIRECT_REDIRECT_HTTP_PROJECT_HOST' => 'bag.local',
  'REDIRECT_REDIRECT_HTTP_APPLICATION_TIMEZONE' => 'Australia/Sydney',
  'REDIRECT_REDIRECT_STATUS' => '200',
  'REDIRECT_HTTP_APPLICATION_ENV' => 'development',
  'REDIRECT_HTTP_PROJECT_HOST' => 'bag.local',
  'REDIRECT_HTTP_APPLICATION_TIMEZONE' => 'Australia/Sydney',
  'REDIRECT_STATUS' => '200',
  'HTTP_APPLICATION_ENV' => 'development',
  'HTTP_PROJECT_HOST' => 'bag.local',
  'HTTP_APPLICATION_TIMEZONE' => 'Australia/Sydney',
  'HTTP_HOST' => 'bag.local',
  'HTTP_USER_AGENT' => 'Mozilla/5.0 (Windows NT 6.1; WOW64; rv:34.0) Gecko/20100101 Firefox/34.0',
  'HTTP_ACCEPT' => 'text/html,application/xhtml+xml,application/xml;q=0.9,*/*;q=0.8',
  'HTTP_ACCEPT_LANGUAGE' => 'en-US,en;q=0.5',
  'HTTP_ACCEPT_ENCODING' => 'gzip, deflate',
  'HTTP_COOKIE' => 'b6589fc6ab0dc82cf12099d1c2d40ab994e8410c=u5avv4h9vh9264jc80go3tjl71',
  'HTTP_CONNECTION' => 'keep-alive',
  'HTTP_CACHE_CONTROL' => 'max-age=0',
  'PATH' => 'C:\\Program Files (x86)\\NVIDIA Corporation\\PhysX\\Common;C:\\Program Files (x86)\\Intel\\iCLS Client\\;C:\\Program Files\\Intel\\iCLS Client\\;C:\\Windows\\system32;C:\\Windows;C:\\Windows\\System32\\Wbem;C:\\Windows\\System32\\WindowsPowerShell\\v1.0\\;C:\\Program Files\\Intel\\Intel(R) Management Engine Components\\DAL;C:\\Program Files\\Intel\\Intel(R) Management Engine Components\\IPT;C:\\Program Files (x86)\\Intel\\Intel(R) Management Engine Components\\DAL;C:\\Program Files (x86)\\Intel\\Intel(R) Management Engine Components\\IPT;C:\\Program Files (x86)\\Intel\\OpenCL SDK\\2.0\\bin\\x86;C:\\Program Files (x86)\\Intel\\OpenCL SDK\\2.0\\bin\\x64;C:\\Program Files\\TortoiseGit\\bin;D:\\server\\mysql\\bin;C:\\Program Files\\Java\\jdk1.8.0_05;D:\\server\\apache\\bin;D:\\server\\php;D:\\server\\mysql\\bin;C:\\Windows\\system32;C:\\Windows;C:\\Windows\\System32\\Wbem;C:\\Program Files\\SourceGear\\Common\\DiffMerge\\;',
  'SystemRoot' => 'C:\\Windows',
  'COMSPEC' => 'C:\\Windows\\system32\\cmd.exe',
  'PATHEXT' => '.COM;.EXE;.BAT;.CMD;.VBS;.VBE;.JS;.JSE;.WSF;.WSH;.MSC',
  'WINDIR' => 'C:\\Windows',
  'SERVER_SIGNATURE' => '',
  'SERVER_SOFTWARE' => 'Apache/2.2.19 (Win32) mod_ssl/2.2.19 OpenSSL/0.9.8r PHP/5.4.35',
  'SERVER_NAME' => 'bag.local',
  'SERVER_ADDR' => '127.0.0.1',
  'SERVER_PORT' => '80',
  'REMOTE_ADDR' => '127.0.0.1',
  'DOCUMENT_ROOT' => 'D:/project/bag',
  'SERVER_ADMIN' => 'admin@pc87.com',
  'SCRIPT_FILENAME' => 'D:/project/bag/core/public/index.php',
  'REMOTE_PORT' => '52520',
  'REDIRECT_URL' => '/core/public/courier/profile',
  'GATEWAY_INTERFACE' => 'CGI/1.1',
  'SERVER_PROTOCOL' => 'HTTP/1.1',
  'REQUEST_METHOD' => 'GET',
  'QUERY_STRING' => '',
  'REQUEST_URI' => '/courier/profile',
  'SCRIPT_NAME' => '/core/public/index.php',
  'PHP_SELF' => '/core/public/index.php',
  'REQUEST_TIME_FLOAT' => 1419395490.0109999,
  'REQUEST_TIME' => 1419395490,
)</pre></p>﻿Plugin by name 'Escap' was not found in the registry; used paths:
Courier_View_Helper_: D:/project/bag/modules/courier/views\helpers/
Base_Display_Helper_: D:\project\bag/modules\base\display\helpers/
Zend_View_Helper_: Zend/View/Helper/;D:\project\bag/modules\base\display\helpers/#0 D:\project\bag\library\framework\Zend\View\Abstract.php(1182): Zend_Loader_PluginLoader->load('Escap')
#1 D:\project\bag\library\framework\Zend\View\Abstract.php(618): Zend_View_Abstract->_getPlugin('helper', 'escap')
#2 D:\project\bag\library\framework\Zend\View\Abstract.php(344): Zend_View_Abstract->getHelper('escap')
#3 D:\project\bag\views\scripts\account\courier-profile.phtml(40): Zend_View_Abstract->__call('escap', Array)
#4 D:\project\bag\views\scripts\account\courier-profile.phtml(40): Zend_View->escap('Company Number ...')
#5 D:\project\bag\library\framework\Zend\View.php(108): include('D:\\project\\bag\\...')
#6 D:\project\bag\library\framework\Zend\View\Abstract.php(888): Zend_View->_run('D:\\project\\bag\\...')
#7 D:\project\bag\modules\courier\controllers\ProfileController.php(198): Zend_View_Abstract->render('account/courier...')
#8 D:\project\bag\modules\courier\controllers\ProfileController.php(59): Courier_ProfileController->companyAction()
#9 D:\project\bag\library\framework\Zend\Controller\Action.php(516): Courier_ProfileController->indexAction()
#10 D:\project\bag\library\framework\Zend\Controller\Dispatcher\Standard.php(308): Zend_Controller_Action->dispatch('indexAction')
#11 D:\project\bag\library\framework\Zend\Controller\Front.php(954): Zend_Controller_Dispatcher_Standard->dispatch(Object(Zend_Controller_Request_Http), Object(Zend_Controller_Response_Http))
#12 D:\project\bag\library\framework\Zend\Application\Bootstrap\Bootstrap.php(101): Zend_Controller_Front->dispatch()
#13 D:\project\bag\library\framework\Zend\Application.php(366): Zend_Application_Bootstrap_Bootstrap->run()
#14 D:\project\bag\core\public\index.php(37): Zend_Application->run()
#15 {main}﻿<h1>An error occurred</h1>
<h2>Application error</h2>
The error is logged. Please come back later.
<h3>Exception information:</h3>
<p>
    <b>Message:</b> Mysqli prepare error: Unknown column '`pickup`.id' in 'order clause'</p>

<h3>Stack trace:</h3>
<pre>#0 D:\project\bag\library\framework\Zend\Db\Statement.php(115): Zend_Db_Statement_Mysqli->_prepare('SELECT `pickup`...')
#1 D:\project\bag\library\framework\Zend\Db\Adapter\Mysqli.php(388): Zend_Db_Statement->__construct(Object(Zend_Db_Adapter_Mysqli), 'SELECT `pickup`...')
#2 D:\project\bag\library\framework\Zend\Db\Adapter\Abstract.php(479): Zend_Db_Adapter_Mysqli->prepare('SELECT `pickup`...')
#3 D:\project\bag\library\framework\Zend\Db\Adapter\Abstract.php(737): Zend_Db_Adapter_Abstract->query(Object(Zend_Db_Select), Array)
#4 D:\project\bag\modules\pickup\models\DbTable\Pickup.php(86): Zend_Db_Adapter_Abstract->fetchAll(Object(Zend_Db_Select))
#5 D:\project\bag\modules\base\controllers\Action\Backend.php(55): Pickup_Model_DbTable_Pickup->getAll(NULL, NULL, Array)
#6 D:\project\bag\modules\customer\controllers\IndexController.php(13): Base_Controller_Action_Backend->getListPickUp()
#7 D:\project\bag\library\framework\Zend\Controller\Action.php(516): Customer_IndexController->indexAction()
#8 D:\project\bag\library\framework\Zend\Controller\Dispatcher\Standard.php(308): Zend_Controller_Action->dispatch('indexAction')
#9 D:\project\bag\library\framework\Zend\Controller\Front.php(954): Zend_Controller_Dispatcher_Standard->dispatch(Object(Zend_Controller_Request_Http), Object(Zend_Controller_Response_Http))
#10 D:\project\bag\library\framework\Zend\Application\Bootstrap\Bootstrap.php(101): Zend_Controller_Front->dispatch()
#11 D:\project\bag\library\framework\Zend\Application.php(366): Zend_Application_Bootstrap_Bootstrap->run()
#12 D:\project\bag\core\public\index.php(37): Zend_Application->run()
#13 {main}</pre>

<h3>Request Parameters:</h3>
<pre>array (
  'module' => 'customer',
  'controller' => 'index',
  'action' => 'index',
)</pre>
<h3>Server information:</h3>
<p>
<pre>array (
  'REDIRECT_REDIRECT_HTTP_APPLICATION_ENV' => 'development',
  'REDIRECT_REDIRECT_HTTP_PROJECT_HOST' => 'bag.local',
  'REDIRECT_REDIRECT_HTTP_APPLICATION_TIMEZONE' => 'Australia/Sydney',
  'REDIRECT_REDIRECT_STATUS' => '200',
  'REDIRECT_HTTP_APPLICATION_ENV' => 'development',
  'REDIRECT_HTTP_PROJECT_HOST' => 'bag.local',
  'REDIRECT_HTTP_APPLICATION_TIMEZONE' => 'Australia/Sydney',
  'REDIRECT_STATUS' => '200',
  'HTTP_APPLICATION_ENV' => 'development',
  'HTTP_PROJECT_HOST' => 'bag.local',
  'HTTP_APPLICATION_TIMEZONE' => 'Australia/Sydney',
  'HTTP_HOST' => 'bag.local',
  'HTTP_USER_AGENT' => 'Mozilla/5.0 (Windows NT 6.1; WOW64; rv:34.0) Gecko/20100101 Firefox/34.0',
  'HTTP_ACCEPT' => 'text/html,application/xhtml+xml,application/xml;q=0.9,*/*;q=0.8',
  'HTTP_ACCEPT_LANGUAGE' => 'en-US,en;q=0.5',
  'HTTP_ACCEPT_ENCODING' => 'gzip, deflate',
  'HTTP_REFERER' => 'http://bag.local/pickup/index/book',
  'HTTP_COOKIE' => 'b6589fc6ab0dc82cf12099d1c2d40ab994e8410c=0bgskgdluo4a7f86tfurp6nc33; 356a192b7913b04c54574d18c28d46e6395428ab=qhs87iksanovvp44jk1r0vmu53',
  'HTTP_CONNECTION' => 'keep-alive',
  'PATH' => 'C:\\Program Files (x86)\\NVIDIA Corporation\\PhysX\\Common;C:\\Program Files (x86)\\Intel\\iCLS Client\\;C:\\Program Files\\Intel\\iCLS Client\\;C:\\Windows\\system32;C:\\Windows;C:\\Windows\\System32\\Wbem;C:\\Windows\\System32\\WindowsPowerShell\\v1.0\\;C:\\Program Files\\Intel\\Intel(R) Management Engine Components\\DAL;C:\\Program Files\\Intel\\Intel(R) Management Engine Components\\IPT;C:\\Program Files (x86)\\Intel\\Intel(R) Management Engine Components\\DAL;C:\\Program Files (x86)\\Intel\\Intel(R) Management Engine Components\\IPT;C:\\Program Files (x86)\\Intel\\OpenCL SDK\\2.0\\bin\\x86;C:\\Program Files (x86)\\Intel\\OpenCL SDK\\2.0\\bin\\x64;C:\\Program Files\\TortoiseGit\\bin;D:\\server\\mysql\\bin;C:\\Program Files\\Java\\jdk1.8.0_05;D:\\server\\apache\\bin;D:\\server\\php;D:\\server\\mysql\\bin;C:\\Windows\\system32;C:\\Windows;C:\\Windows\\System32\\Wbem;C:\\Program Files\\SourceGear\\Common\\DiffMerge\\;',
  'SystemRoot' => 'C:\\Windows',
  'COMSPEC' => 'C:\\Windows\\system32\\cmd.exe',
  'PATHEXT' => '.COM;.EXE;.BAT;.CMD;.VBS;.VBE;.JS;.JSE;.WSF;.WSH;.MSC',
  'WINDIR' => 'C:\\Windows',
  'SERVER_SIGNATURE' => '',
  'SERVER_SOFTWARE' => 'Apache/2.2.19 (Win32) mod_ssl/2.2.19 OpenSSL/0.9.8r PHP/5.4.35',
  'SERVER_NAME' => 'bag.local',
  'SERVER_ADDR' => '127.0.0.1',
  'SERVER_PORT' => '80',
  'REMOTE_ADDR' => '127.0.0.1',
  'DOCUMENT_ROOT' => 'D:/project/bag',
  'SERVER_ADMIN' => 'admin@pc87.com',
  'SCRIPT_FILENAME' => 'D:/project/bag/core/public/index.php',
  'REMOTE_PORT' => '61499',
  'REDIRECT_URL' => '/core/public/customer',
  'GATEWAY_INTERFACE' => 'CGI/1.1',
  'SERVER_PROTOCOL' => 'HTTP/1.1',
  'REQUEST_METHOD' => 'GET',
  'QUERY_STRING' => '',
  'REQUEST_URI' => '/customer',
  'SCRIPT_NAME' => '/core/public/index.php',
  'PHP_SELF' => '/core/public/index.php',
  'REQUEST_TIME_FLOAT' => 1419409524.675,
  'REQUEST_TIME' => 1419409524,
)</pre></p>﻿Mysqli prepare error: Unknown column '`pickup`.id' in 'order clause'#0 D:\project\bag\library\framework\Zend\Db\Statement.php(115): Zend_Db_Statement_Mysqli->_prepare('SELECT `pickup`...')
#1 D:\project\bag\library\framework\Zend\Db\Adapter\Mysqli.php(388): Zend_Db_Statement->__construct(Object(Zend_Db_Adapter_Mysqli), 'SELECT `pickup`...')
#2 D:\project\bag\library\framework\Zend\Db\Adapter\Abstract.php(479): Zend_Db_Adapter_Mysqli->prepare('SELECT `pickup`...')
#3 D:\project\bag\library\framework\Zend\Db\Adapter\Abstract.php(737): Zend_Db_Adapter_Abstract->query(Object(Zend_Db_Select), Array)
#4 D:\project\bag\modules\pickup\models\DbTable\Pickup.php(86): Zend_Db_Adapter_Abstract->fetchAll(Object(Zend_Db_Select))
#5 D:\project\bag\modules\base\controllers\Action\Backend.php(55): Pickup_Model_DbTable_Pickup->getAll(NULL, NULL, Array)
#6 D:\project\bag\modules\customer\controllers\IndexController.php(13): Base_Controller_Action_Backend->getListPickUp()
#7 D:\project\bag\library\framework\Zend\Controller\Action.php(516): Customer_IndexController->indexAction()
#8 D:\project\bag\library\framework\Zend\Controller\Dispatcher\Standard.php(308): Zend_Controller_Action->dispatch('indexAction')
#9 D:\project\bag\library\framework\Zend\Controller\Front.php(954): Zend_Controller_Dispatcher_Standard->dispatch(Object(Zend_Controller_Request_Http), Object(Zend_Controller_Response_Http))
#10 D:\project\bag\library\framework\Zend\Application\Bootstrap\Bootstrap.php(101): Zend_Controller_Front->dispatch()
#11 D:\project\bag\library\framework\Zend\Application.php(366): Zend_Application_Bootstrap_Bootstrap->run()
#12 D:\project\bag\core\public\index.php(37): Zend_Application->run()
#13 {main}﻿<h1>An error occurred</h1>
<h2>Application error</h2>
The error is logged. Please come back later.
<h3>Exception information:</h3>
<p>
    <b>Message:</b> Mysqli prepare error: You have an error in your SQL syntax; check the manual that corresponds to your MySQL server version for the right syntax to use near '`pickup`.`customer_id` IN ()) and  pickup.status IN (1,2,3,4)) ORDER BY `pickup`' at line 3</p>

<h3>Stack trace:</h3>
<pre>#0 D:\project\bag\library\framework\Zend\Db\Statement.php(115): Zend_Db_Statement_Mysqli->_prepare('SELECT `pickup`...')
#1 D:\project\bag\library\framework\Zend\Db\Adapter\Mysqli.php(388): Zend_Db_Statement->__construct(Object(Zend_Db_Adapter_Mysqli), 'SELECT `pickup`...')
#2 D:\project\bag\library\framework\Zend\Db\Adapter\Abstract.php(479): Zend_Db_Adapter_Mysqli->prepare('SELECT `pickup`...')
#3 D:\project\bag\library\framework\Zend\Db\Adapter\Abstract.php(737): Zend_Db_Adapter_Abstract->query(Object(Zend_Db_Select), Array)
#4 D:\project\bag\modules\pickup\models\DbTable\Pickup.php(86): Zend_Db_Adapter_Abstract->fetchAll(Object(Zend_Db_Select))
#5 D:\project\bag\modules\staff\controllers\Action\Base.php(39): Pickup_Model_DbTable_Pickup->getAll(NULL, NULL, Array)
#6 D:\project\bag\modules\staff\controllers\Action\Base.php(7): Staff_Controller_Action_Base->getListPickUp('history.phtml')
#7 D:\project\bag\library\framework\Zend\Controller\Action.php(516): Staff_Controller_Action_Base->indexAction()
#8 D:\project\bag\library\framework\Zend\Controller\Dispatcher\Standard.php(308): Zend_Controller_Action->dispatch('indexAction')
#9 D:\project\bag\library\framework\Zend\Controller\Front.php(954): Zend_Controller_Dispatcher_Standard->dispatch(Object(Zend_Controller_Request_Http), Object(Zend_Controller_Response_Http))
#10 D:\project\bag\library\framework\Zend\Application\Bootstrap\Bootstrap.php(101): Zend_Controller_Front->dispatch()
#11 D:\project\bag\library\framework\Zend\Application.php(366): Zend_Application_Bootstrap_Bootstrap->run()
#12 D:\project\bag\core\public\index.php(37): Zend_Application->run()
#13 {main}</pre>

<h3>Request Parameters:</h3>
<pre>array (
  'module' => 'staff',
  'controller' => 'pickup',
  'action' => 'index',
)</pre>
<h3>Server information:</h3>
<p>
<pre>array (
  'REDIRECT_REDIRECT_HTTP_APPLICATION_ENV' => 'development',
  'REDIRECT_REDIRECT_HTTP_PROJECT_HOST' => 'bag.local',
  'REDIRECT_REDIRECT_HTTP_APPLICATION_TIMEZONE' => 'Australia/Sydney',
  'REDIRECT_REDIRECT_STATUS' => '200',
  'REDIRECT_HTTP_APPLICATION_ENV' => 'development',
  'REDIRECT_HTTP_PROJECT_HOST' => 'bag.local',
  'REDIRECT_HTTP_APPLICATION_TIMEZONE' => 'Australia/Sydney',
  'REDIRECT_STATUS' => '200',
  'HTTP_APPLICATION_ENV' => 'development',
  'HTTP_PROJECT_HOST' => 'bag.local',
  'HTTP_APPLICATION_TIMEZONE' => 'Australia/Sydney',
  'HTTP_HOST' => 'bag.local',
  'HTTP_USER_AGENT' => 'Mozilla/5.0 (Windows NT 6.1; WOW64; rv:34.0) Gecko/20100101 Firefox/34.0',
  'HTTP_ACCEPT' => 'text/html,application/xhtml+xml,application/xml;q=0.9,*/*;q=0.8',
  'HTTP_ACCEPT_LANGUAGE' => 'en-US,en;q=0.5',
  'HTTP_ACCEPT_ENCODING' => 'gzip, deflate',
  'HTTP_REFERER' => 'http://bag.local/auth/index/login',
  'HTTP_COOKIE' => '356a192b7913b04c54574d18c28d46e6395428ab=qhs87iksanovvp44jk1r0vmu53; b6589fc6ab0dc82cf12099d1c2d40ab994e8410c=6ubo6rbpkec0laqfd6pfi31bp3',
  'HTTP_CONNECTION' => 'keep-alive',
  'PATH' => 'C:\\Program Files (x86)\\NVIDIA Corporation\\PhysX\\Common;C:\\Program Files (x86)\\Intel\\iCLS Client\\;C:\\Program Files\\Intel\\iCLS Client\\;C:\\Windows\\system32;C:\\Windows;C:\\Windows\\System32\\Wbem;C:\\Windows\\System32\\WindowsPowerShell\\v1.0\\;C:\\Program Files\\Intel\\Intel(R) Management Engine Components\\DAL;C:\\Program Files\\Intel\\Intel(R) Management Engine Components\\IPT;C:\\Program Files (x86)\\Intel\\Intel(R) Management Engine Components\\DAL;C:\\Program Files (x86)\\Intel\\Intel(R) Management Engine Components\\IPT;C:\\Program Files (x86)\\Intel\\OpenCL SDK\\2.0\\bin\\x86;C:\\Program Files (x86)\\Intel\\OpenCL SDK\\2.0\\bin\\x64;C:\\Program Files\\TortoiseGit\\bin;D:\\server\\mysql\\bin;C:\\Program Files\\Java\\jdk1.8.0_05;D:\\server\\apache\\bin;D:\\server\\php;D:\\server\\mysql\\bin;C:\\Windows\\system32;C:\\Windows;C:\\Windows\\System32\\Wbem;C:\\Program Files\\SourceGear\\Common\\DiffMerge\\;',
  'SystemRoot' => 'C:\\Windows',
  'COMSPEC' => 'C:\\Windows\\system32\\cmd.exe',
  'PATHEXT' => '.COM;.EXE;.BAT;.CMD;.VBS;.VBE;.JS;.JSE;.WSF;.WSH;.MSC',
  'WINDIR' => 'C:\\Windows',
  'SERVER_SIGNATURE' => '',
  'SERVER_SOFTWARE' => 'Apache/2.2.19 (Win32) mod_ssl/2.2.19 OpenSSL/0.9.8r PHP/5.4.35',
  'SERVER_NAME' => 'bag.local',
  'SERVER_ADDR' => '127.0.0.1',
  'SERVER_PORT' => '80',
  'REMOTE_ADDR' => '127.0.0.1',
  'DOCUMENT_ROOT' => 'D:/project/bag',
  'SERVER_ADMIN' => 'admin@pc87.com',
  'SCRIPT_FILENAME' => 'D:/project/bag/core/public/index.php',
  'REMOTE_PORT' => '51009',
  'REDIRECT_URL' => '/core/public/staff/pickup',
  'GATEWAY_INTERFACE' => 'CGI/1.1',
  'SERVER_PROTOCOL' => 'HTTP/1.1',
  'REQUEST_METHOD' => 'GET',
  'QUERY_STRING' => '',
  'REQUEST_URI' => '/staff/pickup',
  'SCRIPT_NAME' => '/core/public/index.php',
  'PHP_SELF' => '/core/public/index.php',
  'REQUEST_TIME_FLOAT' => 1419413258.6099999,
  'REQUEST_TIME' => 1419413258,
)</pre></p>﻿Mysqli prepare error: You have an error in your SQL syntax; check the manual that corresponds to your MySQL server version for the right syntax to use near '`pickup`.`customer_id` IN ()) and  pickup.status IN (1,2,3,4)) ORDER BY `pickup`' at line 3#0 D:\project\bag\library\framework\Zend\Db\Statement.php(115): Zend_Db_Statement_Mysqli->_prepare('SELECT `pickup`...')
#1 D:\project\bag\library\framework\Zend\Db\Adapter\Mysqli.php(388): Zend_Db_Statement->__construct(Object(Zend_Db_Adapter_Mysqli), 'SELECT `pickup`...')
#2 D:\project\bag\library\framework\Zend\Db\Adapter\Abstract.php(479): Zend_Db_Adapter_Mysqli->prepare('SELECT `pickup`...')
#3 D:\project\bag\library\framework\Zend\Db\Adapter\Abstract.php(737): Zend_Db_Adapter_Abstract->query(Object(Zend_Db_Select), Array)
#4 D:\project\bag\modules\pickup\models\DbTable\Pickup.php(86): Zend_Db_Adapter_Abstract->fetchAll(Object(Zend_Db_Select))
#5 D:\project\bag\modules\staff\controllers\Action\Base.php(39): Pickup_Model_DbTable_Pickup->getAll(NULL, NULL, Array)
#6 D:\project\bag\modules\staff\controllers\Action\Base.php(7): Staff_Controller_Action_Base->getListPickUp('history.phtml')
#7 D:\project\bag\library\framework\Zend\Controller\Action.php(516): Staff_Controller_Action_Base->indexAction()
#8 D:\project\bag\library\framework\Zend\Controller\Dispatcher\Standard.php(308): Zend_Controller_Action->dispatch('indexAction')
#9 D:\project\bag\library\framework\Zend\Controller\Front.php(954): Zend_Controller_Dispatcher_Standard->dispatch(Object(Zend_Controller_Request_Http), Object(Zend_Controller_Response_Http))
#10 D:\project\bag\library\framework\Zend\Application\Bootstrap\Bootstrap.php(101): Zend_Controller_Front->dispatch()
#11 D:\project\bag\library\framework\Zend\Application.php(366): Zend_Application_Bootstrap_Bootstrap->run()
#12 D:\project\bag\core\public\index.php(37): Zend_Application->run()
#13 {main}﻿<h1>An error occurred</h1>
<h2>Application error</h2>
The error is logged. Please come back later.
<h3>Exception information:</h3>
<p>
    <b>Message:</b> Mysqli prepare error: You have an error in your SQL syntax; check the manual that corresponds to your MySQL server version for the right syntax to use near '`pickup`.`customer_id` IN ()) and  pickup.status IN (1,2,3,4)) ORDER BY `pickup`' at line 3</p>

<h3>Stack trace:</h3>
<pre>#0 D:\project\bag\library\framework\Zend\Db\Statement.php(115): Zend_Db_Statement_Mysqli->_prepare('SELECT `pickup`...')
#1 D:\project\bag\library\framework\Zend\Db\Adapter\Mysqli.php(388): Zend_Db_Statement->__construct(Object(Zend_Db_Adapter_Mysqli), 'SELECT `pickup`...')
#2 D:\project\bag\library\framework\Zend\Db\Adapter\Abstract.php(479): Zend_Db_Adapter_Mysqli->prepare('SELECT `pickup`...')
#3 D:\project\bag\library\framework\Zend\Db\Adapter\Abstract.php(737): Zend_Db_Adapter_Abstract->query(Object(Zend_Db_Select), Array)
#4 D:\project\bag\modules\pickup\models\DbTable\Pickup.php(86): Zend_Db_Adapter_Abstract->fetchAll(Object(Zend_Db_Select))
#5 D:\project\bag\modules\staff\controllers\Action\Base.php(39): Pickup_Model_DbTable_Pickup->getAll(NULL, NULL, Array)
#6 D:\project\bag\modules\staff\controllers\Action\Base.php(7): Staff_Controller_Action_Base->getListPickUp('history.phtml')
#7 D:\project\bag\library\framework\Zend\Controller\Action.php(516): Staff_Controller_Action_Base->indexAction()
#8 D:\project\bag\library\framework\Zend\Controller\Dispatcher\Standard.php(308): Zend_Controller_Action->dispatch('indexAction')
#9 D:\project\bag\library\framework\Zend\Controller\Front.php(954): Zend_Controller_Dispatcher_Standard->dispatch(Object(Zend_Controller_Request_Http), Object(Zend_Controller_Response_Http))
#10 D:\project\bag\library\framework\Zend\Application\Bootstrap\Bootstrap.php(101): Zend_Controller_Front->dispatch()
#11 D:\project\bag\library\framework\Zend\Application.php(366): Zend_Application_Bootstrap_Bootstrap->run()
#12 D:\project\bag\core\public\index.php(37): Zend_Application->run()
#13 {main}</pre>

<h3>Request Parameters:</h3>
<pre>array (
  'module' => 'staff',
  'controller' => 'pickup',
  'action' => 'index',
)</pre>
<h3>Server information:</h3>
<p>
<pre>array (
  'REDIRECT_REDIRECT_HTTP_APPLICATION_ENV' => 'development',
  'REDIRECT_REDIRECT_HTTP_PROJECT_HOST' => 'bag.local',
  'REDIRECT_REDIRECT_HTTP_APPLICATION_TIMEZONE' => 'Australia/Sydney',
  'REDIRECT_REDIRECT_STATUS' => '200',
  'REDIRECT_HTTP_APPLICATION_ENV' => 'development',
  'REDIRECT_HTTP_PROJECT_HOST' => 'bag.local',
  'REDIRECT_HTTP_APPLICATION_TIMEZONE' => 'Australia/Sydney',
  'REDIRECT_STATUS' => '200',
  'HTTP_APPLICATION_ENV' => 'development',
  'HTTP_PROJECT_HOST' => 'bag.local',
  'HTTP_APPLICATION_TIMEZONE' => 'Australia/Sydney',
  'HTTP_HOST' => 'bag.local',
  'HTTP_USER_AGENT' => 'Mozilla/5.0 (Windows NT 6.1; WOW64; rv:34.0) Gecko/20100101 Firefox/34.0',
  'HTTP_ACCEPT' => 'text/html,application/xhtml+xml,application/xml;q=0.9,*/*;q=0.8',
  'HTTP_ACCEPT_LANGUAGE' => 'en-US,en;q=0.5',
  'HTTP_ACCEPT_ENCODING' => 'gzip, deflate',
  'HTTP_REFERER' => 'http://bag.local/auth/index/login',
  'HTTP_COOKIE' => '356a192b7913b04c54574d18c28d46e6395428ab=qhs87iksanovvp44jk1r0vmu53; b6589fc6ab0dc82cf12099d1c2d40ab994e8410c=6ubo6rbpkec0laqfd6pfi31bp3',
  'HTTP_CONNECTION' => 'keep-alive',
  'HTTP_CACHE_CONTROL' => 'max-age=0',
  'PATH' => 'C:\\Program Files (x86)\\NVIDIA Corporation\\PhysX\\Common;C:\\Program Files (x86)\\Intel\\iCLS Client\\;C:\\Program Files\\Intel\\iCLS Client\\;C:\\Windows\\system32;C:\\Windows;C:\\Windows\\System32\\Wbem;C:\\Windows\\System32\\WindowsPowerShell\\v1.0\\;C:\\Program Files\\Intel\\Intel(R) Management Engine Components\\DAL;C:\\Program Files\\Intel\\Intel(R) Management Engine Components\\IPT;C:\\Program Files (x86)\\Intel\\Intel(R) Management Engine Components\\DAL;C:\\Program Files (x86)\\Intel\\Intel(R) Management Engine Components\\IPT;C:\\Program Files (x86)\\Intel\\OpenCL SDK\\2.0\\bin\\x86;C:\\Program Files (x86)\\Intel\\OpenCL SDK\\2.0\\bin\\x64;C:\\Program Files\\TortoiseGit\\bin;D:\\server\\mysql\\bin;C:\\Program Files\\Java\\jdk1.8.0_05;D:\\server\\apache\\bin;D:\\server\\php;D:\\server\\mysql\\bin;C:\\Windows\\system32;C:\\Windows;C:\\Windows\\System32\\Wbem;C:\\Program Files\\SourceGear\\Common\\DiffMerge\\;',
  'SystemRoot' => 'C:\\Windows',
  'COMSPEC' => 'C:\\Windows\\system32\\cmd.exe',
  'PATHEXT' => '.COM;.EXE;.BAT;.CMD;.VBS;.VBE;.JS;.JSE;.WSF;.WSH;.MSC',
  'WINDIR' => 'C:\\Windows',
  'SERVER_SIGNATURE' => '',
  'SERVER_SOFTWARE' => 'Apache/2.2.19 (Win32) mod_ssl/2.2.19 OpenSSL/0.9.8r PHP/5.4.35',
  'SERVER_NAME' => 'bag.local',
  'SERVER_ADDR' => '127.0.0.1',
  'SERVER_PORT' => '80',
  'REMOTE_ADDR' => '127.0.0.1',
  'DOCUMENT_ROOT' => 'D:/project/bag',
  'SERVER_ADMIN' => 'admin@pc87.com',
  'SCRIPT_FILENAME' => 'D:/project/bag/core/public/index.php',
  'REMOTE_PORT' => '51020',
  'REDIRECT_URL' => '/core/public/staff/pickup',
  'GATEWAY_INTERFACE' => 'CGI/1.1',
  'SERVER_PROTOCOL' => 'HTTP/1.1',
  'REQUEST_METHOD' => 'GET',
  'QUERY_STRING' => '',
  'REQUEST_URI' => '/staff/pickup',
  'SCRIPT_NAME' => '/core/public/index.php',
  'PHP_SELF' => '/core/public/index.php',
  'REQUEST_TIME_FLOAT' => 1419413277.277,
  'REQUEST_TIME' => 1419413277,
)</pre></p>﻿Mysqli prepare error: You have an error in your SQL syntax; check the manual that corresponds to your MySQL server version for the right syntax to use near '`pickup`.`customer_id` IN ()) and  pickup.status IN (1,2,3,4)) ORDER BY `pickup`' at line 3#0 D:\project\bag\library\framework\Zend\Db\Statement.php(115): Zend_Db_Statement_Mysqli->_prepare('SELECT `pickup`...')
#1 D:\project\bag\library\framework\Zend\Db\Adapter\Mysqli.php(388): Zend_Db_Statement->__construct(Object(Zend_Db_Adapter_Mysqli), 'SELECT `pickup`...')
#2 D:\project\bag\library\framework\Zend\Db\Adapter\Abstract.php(479): Zend_Db_Adapter_Mysqli->prepare('SELECT `pickup`...')
#3 D:\project\bag\library\framework\Zend\Db\Adapter\Abstract.php(737): Zend_Db_Adapter_Abstract->query(Object(Zend_Db_Select), Array)
#4 D:\project\bag\modules\pickup\models\DbTable\Pickup.php(86): Zend_Db_Adapter_Abstract->fetchAll(Object(Zend_Db_Select))
#5 D:\project\bag\modules\staff\controllers\Action\Base.php(39): Pickup_Model_DbTable_Pickup->getAll(NULL, NULL, Array)
#6 D:\project\bag\modules\staff\controllers\Action\Base.php(7): Staff_Controller_Action_Base->getListPickUp('history.phtml')
#7 D:\project\bag\library\framework\Zend\Controller\Action.php(516): Staff_Controller_Action_Base->indexAction()
#8 D:\project\bag\library\framework\Zend\Controller\Dispatcher\Standard.php(308): Zend_Controller_Action->dispatch('indexAction')
#9 D:\project\bag\library\framework\Zend\Controller\Front.php(954): Zend_Controller_Dispatcher_Standard->dispatch(Object(Zend_Controller_Request_Http), Object(Zend_Controller_Response_Http))
#10 D:\project\bag\library\framework\Zend\Application\Bootstrap\Bootstrap.php(101): Zend_Controller_Front->dispatch()
#11 D:\project\bag\library\framework\Zend\Application.php(366): Zend_Application_Bootstrap_Bootstrap->run()
#12 D:\project\bag\core\public\index.php(37): Zend_Application->run()
#13 {main}﻿<h1>An error occurred</h1>
<h2>Application error</h2>
The error is logged. Please come back later.
<h3>Exception information:</h3>
<p>
    <b>Message:</b> Mysqli prepare error: You have an error in your SQL syntax; check the manual that corresponds to your MySQL server version for the right syntax to use near '`pickup`.`customer_id` IN ()) and  pickup.status IN (1,2,3,4)) ORDER BY `pickup`' at line 3</p>

<h3>Stack trace:</h3>
<pre>#0 D:\project\bag\library\framework\Zend\Db\Statement.php(115): Zend_Db_Statement_Mysqli->_prepare('SELECT `pickup`...')
#1 D:\project\bag\library\framework\Zend\Db\Adapter\Mysqli.php(388): Zend_Db_Statement->__construct(Object(Zend_Db_Adapter_Mysqli), 'SELECT `pickup`...')
#2 D:\project\bag\library\framework\Zend\Db\Adapter\Abstract.php(479): Zend_Db_Adapter_Mysqli->prepare('SELECT `pickup`...')
#3 D:\project\bag\library\framework\Zend\Db\Adapter\Abstract.php(737): Zend_Db_Adapter_Abstract->query(Object(Zend_Db_Select), Array)
#4 D:\project\bag\modules\pickup\models\DbTable\Pickup.php(86): Zend_Db_Adapter_Abstract->fetchAll(Object(Zend_Db_Select))
#5 D:\project\bag\modules\staff\controllers\Action\Base.php(39): Pickup_Model_DbTable_Pickup->getAll(NULL, NULL, Array)
#6 D:\project\bag\modules\staff\controllers\Action\Base.php(7): Staff_Controller_Action_Base->getListPickUp('history.phtml')
#7 D:\project\bag\library\framework\Zend\Controller\Action.php(516): Staff_Controller_Action_Base->indexAction()
#8 D:\project\bag\library\framework\Zend\Controller\Dispatcher\Standard.php(308): Zend_Controller_Action->dispatch('indexAction')
#9 D:\project\bag\library\framework\Zend\Controller\Front.php(954): Zend_Controller_Dispatcher_Standard->dispatch(Object(Zend_Controller_Request_Http), Object(Zend_Controller_Response_Http))
#10 D:\project\bag\library\framework\Zend\Application\Bootstrap\Bootstrap.php(101): Zend_Controller_Front->dispatch()
#11 D:\project\bag\library\framework\Zend\Application.php(366): Zend_Application_Bootstrap_Bootstrap->run()
#12 D:\project\bag\core\public\index.php(37): Zend_Application->run()
#13 {main}</pre>

<h3>Request Parameters:</h3>
<pre>array (
  'module' => 'staff',
  'controller' => 'pickup',
  'action' => 'index',
)</pre>
<h3>Server information:</h3>
<p>
<pre>array (
  'REDIRECT_REDIRECT_HTTP_APPLICATION_ENV' => 'development',
  'REDIRECT_REDIRECT_HTTP_PROJECT_HOST' => 'bag.local',
  'REDIRECT_REDIRECT_HTTP_APPLICATION_TIMEZONE' => 'Australia/Sydney',
  'REDIRECT_REDIRECT_STATUS' => '200',
  'REDIRECT_HTTP_APPLICATION_ENV' => 'development',
  'REDIRECT_HTTP_PROJECT_HOST' => 'bag.local',
  'REDIRECT_HTTP_APPLICATION_TIMEZONE' => 'Australia/Sydney',
  'REDIRECT_STATUS' => '200',
  'HTTP_APPLICATION_ENV' => 'development',
  'HTTP_PROJECT_HOST' => 'bag.local',
  'HTTP_APPLICATION_TIMEZONE' => 'Australia/Sydney',
  'HTTP_HOST' => 'bag.local',
  'HTTP_USER_AGENT' => 'Mozilla/5.0 (Windows NT 6.1; WOW64; rv:34.0) Gecko/20100101 Firefox/34.0',
  'HTTP_ACCEPT' => 'text/html,application/xhtml+xml,application/xml;q=0.9,*/*;q=0.8',
  'HTTP_ACCEPT_LANGUAGE' => 'en-US,en;q=0.5',
  'HTTP_ACCEPT_ENCODING' => 'gzip, deflate',
  'HTTP_REFERER' => 'http://bag.local/auth/index/login',
  'HTTP_COOKIE' => '356a192b7913b04c54574d18c28d46e6395428ab=qhs87iksanovvp44jk1r0vmu53; b6589fc6ab0dc82cf12099d1c2d40ab994e8410c=6ubo6rbpkec0laqfd6pfi31bp3',
  'HTTP_CONNECTION' => 'keep-alive',
  'HTTP_CACHE_CONTROL' => 'max-age=0',
  'PATH' => 'C:\\Program Files (x86)\\NVIDIA Corporation\\PhysX\\Common;C:\\Program Files (x86)\\Intel\\iCLS Client\\;C:\\Program Files\\Intel\\iCLS Client\\;C:\\Windows\\system32;C:\\Windows;C:\\Windows\\System32\\Wbem;C:\\Windows\\System32\\WindowsPowerShell\\v1.0\\;C:\\Program Files\\Intel\\Intel(R) Management Engine Components\\DAL;C:\\Program Files\\Intel\\Intel(R) Management Engine Components\\IPT;C:\\Program Files (x86)\\Intel\\Intel(R) Management Engine Components\\DAL;C:\\Program Files (x86)\\Intel\\Intel(R) Management Engine Components\\IPT;C:\\Program Files (x86)\\Intel\\OpenCL SDK\\2.0\\bin\\x86;C:\\Program Files (x86)\\Intel\\OpenCL SDK\\2.0\\bin\\x64;C:\\Program Files\\TortoiseGit\\bin;D:\\server\\mysql\\bin;C:\\Program Files\\Java\\jdk1.8.0_05;D:\\server\\apache\\bin;D:\\server\\php;D:\\server\\mysql\\bin;C:\\Windows\\system32;C:\\Windows;C:\\Windows\\System32\\Wbem;C:\\Program Files\\SourceGear\\Common\\DiffMerge\\;',
  'SystemRoot' => 'C:\\Windows',
  'COMSPEC' => 'C:\\Windows\\system32\\cmd.exe',
  'PATHEXT' => '.COM;.EXE;.BAT;.CMD;.VBS;.VBE;.JS;.JSE;.WSF;.WSH;.MSC',
  'WINDIR' => 'C:\\Windows',
  'SERVER_SIGNATURE' => '',
  'SERVER_SOFTWARE' => 'Apache/2.2.19 (Win32) mod_ssl/2.2.19 OpenSSL/0.9.8r PHP/5.4.35',
  'SERVER_NAME' => 'bag.local',
  'SERVER_ADDR' => '127.0.0.1',
  'SERVER_PORT' => '80',
  'REMOTE_ADDR' => '127.0.0.1',
  'DOCUMENT_ROOT' => 'D:/project/bag',
  'SERVER_ADMIN' => 'admin@pc87.com',
  'SCRIPT_FILENAME' => 'D:/project/bag/core/public/index.php',
  'REMOTE_PORT' => '51066',
  'REDIRECT_URL' => '/core/public/staff/pickup',
  'GATEWAY_INTERFACE' => 'CGI/1.1',
  'SERVER_PROTOCOL' => 'HTTP/1.1',
  'REQUEST_METHOD' => 'GET',
  'QUERY_STRING' => '',
  'REQUEST_URI' => '/staff/pickup',
  'SCRIPT_NAME' => '/core/public/index.php',
  'PHP_SELF' => '/core/public/index.php',
  'REQUEST_TIME_FLOAT' => 1419413459.21,
  'REQUEST_TIME' => 1419413459,
)</pre></p>﻿Mysqli prepare error: You have an error in your SQL syntax; check the manual that corresponds to your MySQL server version for the right syntax to use near '`pickup`.`customer_id` IN ()) and  pickup.status IN (1,2,3,4)) ORDER BY `pickup`' at line 3#0 D:\project\bag\library\framework\Zend\Db\Statement.php(115): Zend_Db_Statement_Mysqli->_prepare('SELECT `pickup`...')
#1 D:\project\bag\library\framework\Zend\Db\Adapter\Mysqli.php(388): Zend_Db_Statement->__construct(Object(Zend_Db_Adapter_Mysqli), 'SELECT `pickup`...')
#2 D:\project\bag\library\framework\Zend\Db\Adapter\Abstract.php(479): Zend_Db_Adapter_Mysqli->prepare('SELECT `pickup`...')
#3 D:\project\bag\library\framework\Zend\Db\Adapter\Abstract.php(737): Zend_Db_Adapter_Abstract->query(Object(Zend_Db_Select), Array)
#4 D:\project\bag\modules\pickup\models\DbTable\Pickup.php(86): Zend_Db_Adapter_Abstract->fetchAll(Object(Zend_Db_Select))
#5 D:\project\bag\modules\staff\controllers\Action\Base.php(39): Pickup_Model_DbTable_Pickup->getAll(NULL, NULL, Array)
#6 D:\project\bag\modules\staff\controllers\Action\Base.php(7): Staff_Controller_Action_Base->getListPickUp('history.phtml')
#7 D:\project\bag\library\framework\Zend\Controller\Action.php(516): Staff_Controller_Action_Base->indexAction()
#8 D:\project\bag\library\framework\Zend\Controller\Dispatcher\Standard.php(308): Zend_Controller_Action->dispatch('indexAction')
#9 D:\project\bag\library\framework\Zend\Controller\Front.php(954): Zend_Controller_Dispatcher_Standard->dispatch(Object(Zend_Controller_Request_Http), Object(Zend_Controller_Response_Http))
#10 D:\project\bag\library\framework\Zend\Application\Bootstrap\Bootstrap.php(101): Zend_Controller_Front->dispatch()
#11 D:\project\bag\library\framework\Zend\Application.php(366): Zend_Application_Bootstrap_Bootstrap->run()
#12 D:\project\bag\core\public\index.php(37): Zend_Application->run()
#13 {main}﻿<h1>An error occurred</h1>
<h2>Application error</h2>
The error is logged. Please come back later.
<h3>Exception information:</h3>
<p>
    <b>Message:</b> Mysqli prepare error: You have an error in your SQL syntax; check the manual that corresponds to your MySQL server version for the right syntax to use near '`pickup`.`customer_id` IN ()) and  pickup.status IN (1,2,3,4)) ORDER BY `pickup`' at line 3</p>

<h3>Stack trace:</h3>
<pre>#0 D:\project\bag\library\framework\Zend\Db\Statement.php(115): Zend_Db_Statement_Mysqli->_prepare('SELECT `pickup`...')
#1 D:\project\bag\library\framework\Zend\Db\Adapter\Mysqli.php(388): Zend_Db_Statement->__construct(Object(Zend_Db_Adapter_Mysqli), 'SELECT `pickup`...')
#2 D:\project\bag\library\framework\Zend\Db\Adapter\Abstract.php(479): Zend_Db_Adapter_Mysqli->prepare('SELECT `pickup`...')
#3 D:\project\bag\library\framework\Zend\Db\Adapter\Abstract.php(737): Zend_Db_Adapter_Abstract->query(Object(Zend_Db_Select), Array)
#4 D:\project\bag\modules\pickup\models\DbTable\Pickup.php(86): Zend_Db_Adapter_Abstract->fetchAll(Object(Zend_Db_Select))
#5 D:\project\bag\modules\staff\controllers\Action\Base.php(39): Pickup_Model_DbTable_Pickup->getAll(NULL, NULL, Array)
#6 D:\project\bag\modules\staff\controllers\Action\Base.php(7): Staff_Controller_Action_Base->getListPickUp('history.phtml')
#7 D:\project\bag\library\framework\Zend\Controller\Action.php(516): Staff_Controller_Action_Base->indexAction()
#8 D:\project\bag\library\framework\Zend\Controller\Dispatcher\Standard.php(308): Zend_Controller_Action->dispatch('indexAction')
#9 D:\project\bag\library\framework\Zend\Controller\Front.php(954): Zend_Controller_Dispatcher_Standard->dispatch(Object(Zend_Controller_Request_Http), Object(Zend_Controller_Response_Http))
#10 D:\project\bag\library\framework\Zend\Application\Bootstrap\Bootstrap.php(101): Zend_Controller_Front->dispatch()
#11 D:\project\bag\library\framework\Zend\Application.php(366): Zend_Application_Bootstrap_Bootstrap->run()
#12 D:\project\bag\core\public\index.php(37): Zend_Application->run()
#13 {main}</pre>

<h3>Request Parameters:</h3>
<pre>array (
  'module' => 'staff',
  'controller' => 'pickup',
  'action' => 'index',
)</pre>
<h3>Server information:</h3>
<p>
<pre>array (
  'REDIRECT_REDIRECT_HTTP_APPLICATION_ENV' => 'development',
  'REDIRECT_REDIRECT_HTTP_PROJECT_HOST' => 'bag.local',
  'REDIRECT_REDIRECT_HTTP_APPLICATION_TIMEZONE' => 'Australia/Sydney',
  'REDIRECT_REDIRECT_STATUS' => '200',
  'REDIRECT_HTTP_APPLICATION_ENV' => 'development',
  'REDIRECT_HTTP_PROJECT_HOST' => 'bag.local',
  'REDIRECT_HTTP_APPLICATION_TIMEZONE' => 'Australia/Sydney',
  'REDIRECT_STATUS' => '200',
  'HTTP_APPLICATION_ENV' => 'development',
  'HTTP_PROJECT_HOST' => 'bag.local',
  'HTTP_APPLICATION_TIMEZONE' => 'Australia/Sydney',
  'HTTP_HOST' => 'bag.local',
  'HTTP_USER_AGENT' => 'Mozilla/5.0 (Windows NT 6.1; WOW64; rv:34.0) Gecko/20100101 Firefox/34.0',
  'HTTP_ACCEPT' => 'text/html,application/xhtml+xml,application/xml;q=0.9,*/*;q=0.8',
  'HTTP_ACCEPT_LANGUAGE' => 'en-US,en;q=0.5',
  'HTTP_ACCEPT_ENCODING' => 'gzip, deflate',
  'HTTP_REFERER' => 'http://bag.local/auth/index/login',
  'HTTP_COOKIE' => '356a192b7913b04c54574d18c28d46e6395428ab=qhs87iksanovvp44jk1r0vmu53; b6589fc6ab0dc82cf12099d1c2d40ab994e8410c=6ubo6rbpkec0laqfd6pfi31bp3',
  'HTTP_CONNECTION' => 'keep-alive',
  'HTTP_CACHE_CONTROL' => 'max-age=0',
  'PATH' => 'C:\\Program Files (x86)\\NVIDIA Corporation\\PhysX\\Common;C:\\Program Files (x86)\\Intel\\iCLS Client\\;C:\\Program Files\\Intel\\iCLS Client\\;C:\\Windows\\system32;C:\\Windows;C:\\Windows\\System32\\Wbem;C:\\Windows\\System32\\WindowsPowerShell\\v1.0\\;C:\\Program Files\\Intel\\Intel(R) Management Engine Components\\DAL;C:\\Program Files\\Intel\\Intel(R) Management Engine Components\\IPT;C:\\Program Files (x86)\\Intel\\Intel(R) Management Engine Components\\DAL;C:\\Program Files (x86)\\Intel\\Intel(R) Management Engine Components\\IPT;C:\\Program Files (x86)\\Intel\\OpenCL SDK\\2.0\\bin\\x86;C:\\Program Files (x86)\\Intel\\OpenCL SDK\\2.0\\bin\\x64;C:\\Program Files\\TortoiseGit\\bin;D:\\server\\mysql\\bin;C:\\Program Files\\Java\\jdk1.8.0_05;D:\\server\\apache\\bin;D:\\server\\php;D:\\server\\mysql\\bin;C:\\Windows\\system32;C:\\Windows;C:\\Windows\\System32\\Wbem;C:\\Program Files\\SourceGear\\Common\\DiffMerge\\;',
  'SystemRoot' => 'C:\\Windows',
  'COMSPEC' => 'C:\\Windows\\system32\\cmd.exe',
  'PATHEXT' => '.COM;.EXE;.BAT;.CMD;.VBS;.VBE;.JS;.JSE;.WSF;.WSH;.MSC',
  'WINDIR' => 'C:\\Windows',
  'SERVER_SIGNATURE' => '',
  'SERVER_SOFTWARE' => 'Apache/2.2.19 (Win32) mod_ssl/2.2.19 OpenSSL/0.9.8r PHP/5.4.35',
  'SERVER_NAME' => 'bag.local',
  'SERVER_ADDR' => '127.0.0.1',
  'SERVER_PORT' => '80',
  'REMOTE_ADDR' => '127.0.0.1',
  'DOCUMENT_ROOT' => 'D:/project/bag',
  'SERVER_ADMIN' => 'admin@pc87.com',
  'SCRIPT_FILENAME' => 'D:/project/bag/core/public/index.php',
  'REMOTE_PORT' => '51073',
  'REDIRECT_URL' => '/core/public/staff/pickup',
  'GATEWAY_INTERFACE' => 'CGI/1.1',
  'SERVER_PROTOCOL' => 'HTTP/1.1',
  'REQUEST_METHOD' => 'GET',
  'QUERY_STRING' => '',
  'REQUEST_URI' => '/staff/pickup',
  'SCRIPT_NAME' => '/core/public/index.php',
  'PHP_SELF' => '/core/public/index.php',
  'REQUEST_TIME_FLOAT' => 1419413467.0569999,
  'REQUEST_TIME' => 1419413467,
)</pre></p>﻿Mysqli prepare error: You have an error in your SQL syntax; check the manual that corresponds to your MySQL server version for the right syntax to use near '`pickup`.`customer_id` IN ()) and  pickup.status IN (1,2,3,4)) ORDER BY `pickup`' at line 3#0 D:\project\bag\library\framework\Zend\Db\Statement.php(115): Zend_Db_Statement_Mysqli->_prepare('SELECT `pickup`...')
#1 D:\project\bag\library\framework\Zend\Db\Adapter\Mysqli.php(388): Zend_Db_Statement->__construct(Object(Zend_Db_Adapter_Mysqli), 'SELECT `pickup`...')
#2 D:\project\bag\library\framework\Zend\Db\Adapter\Abstract.php(479): Zend_Db_Adapter_Mysqli->prepare('SELECT `pickup`...')
#3 D:\project\bag\library\framework\Zend\Db\Adapter\Abstract.php(737): Zend_Db_Adapter_Abstract->query(Object(Zend_Db_Select), Array)
#4 D:\project\bag\modules\pickup\models\DbTable\Pickup.php(86): Zend_Db_Adapter_Abstract->fetchAll(Object(Zend_Db_Select))
#5 D:\project\bag\modules\staff\controllers\Action\Base.php(39): Pickup_Model_DbTable_Pickup->getAll(NULL, NULL, Array)
#6 D:\project\bag\modules\staff\controllers\Action\Base.php(7): Staff_Controller_Action_Base->getListPickUp('history.phtml')
#7 D:\project\bag\library\framework\Zend\Controller\Action.php(516): Staff_Controller_Action_Base->indexAction()
#8 D:\project\bag\library\framework\Zend\Controller\Dispatcher\Standard.php(308): Zend_Controller_Action->dispatch('indexAction')
#9 D:\project\bag\library\framework\Zend\Controller\Front.php(954): Zend_Controller_Dispatcher_Standard->dispatch(Object(Zend_Controller_Request_Http), Object(Zend_Controller_Response_Http))
#10 D:\project\bag\library\framework\Zend\Application\Bootstrap\Bootstrap.php(101): Zend_Controller_Front->dispatch()
#11 D:\project\bag\library\framework\Zend\Application.php(366): Zend_Application_Bootstrap_Bootstrap->run()
#12 D:\project\bag\core\public\index.php(37): Zend_Application->run()
#13 {main}