<h1>An error occurred</h1>
<h2>Page not found</h2>
The error is logged. Please come back later.
<h3>Exception information:</h3>
<p>
    <b>Message:</b> Invalid controller specified (images)</p>

<h3>Stack trace:</h3>
<pre>#0 D:\project\bag\library\framework\Zend\Controller\Front.php(954): Zend_Controller_Dispatcher_Standard->dispatch(Object(Zend_Controller_Request_Http), Object(Zend_Controller_Response_Http))
#1 D:\project\bag\library\framework\Zend\Application\Bootstrap\Bootstrap.php(101): Zend_Controller_Front->dispatch()
#2 D:\project\bag\library\framework\Zend\Application.php(366): Zend_Application_Bootstrap_Bootstrap->run()
#3 D:\project\bag\core\public\index.php(36): Zend_Application->run()
#4 {main}</pre>

<h3>Request Parameters:</h3>
<pre>array (
  'controller' => 'images',
  'action' => 'logo-mobile.png',
  'module' => 'home',
)</pre>
<h3>Server information:</h3>
<p>
<pre>array (
  'REDIRECT_REDIRECT_HTTP_APPLICATION_ENV' => 'development',
  'REDIRECT_REDIRECT_HTTP_PROJECT_HOST' => 'bag.local',
  'REDIRECT_REDIRECT_HTTP_APPLICATION_TIMEZONE' => 'Australia/Sydney',
  'REDIRECT_REDIRECT_STATUS' => '200',
  'REDIRECT_HTTP_APPLICATION_ENV' => 'development',
  'REDIRECT_HTTP_PROJECT_HOST' => 'bag.local',
  'REDIRECT_HTTP_APPLICATION_TIMEZONE' => 'Australia/Sydney',
  'REDIRECT_STATUS' => '200',
  'HTTP_APPLICATION_ENV' => 'development',
  'HTTP_PROJECT_HOST' => 'bag.local',
  'HTTP_APPLICATION_TIMEZONE' => 'Australia/Sydney',
  'HTTP_HOST' => 'bag.local',
  'HTTP_USER_AGENT' => 'Mozilla/5.0 (Windows NT 6.1; WOW64; rv:34.0) Gecko/20100101 Firefox/34.0',
  'HTTP_ACCEPT' => 'image/png,image/*;q=0.8,*/*;q=0.5',
  'HTTP_ACCEPT_LANGUAGE' => 'en-US,en;q=0.5',
  'HTTP_ACCEPT_ENCODING' => 'gzip, deflate',
  'HTTP_REFERER' => 'http://bag.local/staff/history?search[field][destination]=&search[date][date_from]=2014-12-09&search[date][date_to]=2014-12-16&search[field][pickup.id]=1&search[field][courier.search_name]=x&search[field][pickup.status]=&search[field][customer.search_name]=a&page=1&btn_submit=Search',
  'HTTP_COOKIE' => 'b6589fc6ab0dc82cf12099d1c2d40ab994e8410c=7lguqv52rqd0a9hcnnvuf0tqp2',
  'HTTP_CONNECTION' => 'keep-alive',
  'PATH' => 'C:\\Program Files (x86)\\NVIDIA Corporation\\PhysX\\Common;C:\\Program Files (x86)\\Intel\\iCLS Client\\;C:\\Program Files\\Intel\\iCLS Client\\;C:\\Windows\\system32;C:\\Windows;C:\\Windows\\System32\\Wbem;C:\\Windows\\System32\\WindowsPowerShell\\v1.0\\;C:\\Program Files\\Intel\\Intel(R) Management Engine Components\\DAL;C:\\Program Files\\Intel\\Intel(R) Management Engine Components\\IPT;C:\\Program Files (x86)\\Intel\\Intel(R) Management Engine Components\\DAL;C:\\Program Files (x86)\\Intel\\Intel(R) Management Engine Components\\IPT;C:\\Program Files (x86)\\Intel\\OpenCL SDK\\2.0\\bin\\x86;C:\\Program Files (x86)\\Intel\\OpenCL SDK\\2.0\\bin\\x64;C:\\Program Files\\TortoiseGit\\bin;D:\\server\\mysql\\bin;C:\\Program Files\\Java\\jdk1.8.0_05;D:\\server\\apache\\bin;D:\\server\\php;D:\\server\\mysql\\bin;C:\\Windows\\system32;C:\\Windows;C:\\Windows\\System32\\Wbem;',
  'SystemRoot' => 'C:\\Windows',
  'COMSPEC' => 'C:\\Windows\\system32\\cmd.exe',
  'PATHEXT' => '.COM;.EXE;.BAT;.CMD;.VBS;.VBE;.JS;.JSE;.WSF;.WSH;.MSC',
  'WINDIR' => 'C:\\Windows',
  'SERVER_SIGNATURE' => '',
  'SERVER_SOFTWARE' => 'Apache/2.2.19 (Win32) mod_ssl/2.2.19 OpenSSL/0.9.8r PHP/5.3.28',
  'SERVER_NAME' => 'bag.local',
  'SERVER_ADDR' => '127.0.0.1',
  'SERVER_PORT' => '80',
  'REMOTE_ADDR' => '127.0.0.1',
  'DOCUMENT_ROOT' => 'D:/project/bag',
  'SERVER_ADMIN' => 'admin@pc87.com',
  'SCRIPT_FILENAME' => 'D:/project/bag/core/public/index.php',
  'REMOTE_PORT' => '51138',
  'REDIRECT_URL' => '/core/public/images/logo-mobile.png',
  'GATEWAY_INTERFACE' => 'CGI/1.1',
  'SERVER_PROTOCOL' => 'HTTP/1.1',
  'REQUEST_METHOD' => 'GET',
  'QUERY_STRING' => '',
  'REQUEST_URI' => '/images/logo-mobile.png',
  'SCRIPT_NAME' => '/core/public/index.php',
  'PHP_SELF' => '/core/public/index.php',
  'REQUEST_TIME' => 1418701220,
)</pre></p>﻿Invalid controller specified (images)#0 D:\project\bag\library\framework\Zend\Controller\Front.php(954): Zend_Controller_Dispatcher_Standard->dispatch(Object(Zend_Controller_Request_Http), Object(Zend_Controller_Response_Http))
#1 D:\project\bag\library\framework\Zend\Application\Bootstrap\Bootstrap.php(101): Zend_Controller_Front->dispatch()
#2 D:\project\bag\library\framework\Zend\Application.php(366): Zend_Application_Bootstrap_Bootstrap->run()
#3 D:\project\bag\core\public\index.php(36): Zend_Application->run()
#4 {main}﻿<h1>An error occurred</h1>
<h2>Page not found</h2>
The error is logged. Please come back later.
<h3>Exception information:</h3>
<p>
    <b>Message:</b> Invalid controller specified (images)</p>

<h3>Stack trace:</h3>
<pre>#0 D:\project\bag\library\framework\Zend\Controller\Front.php(954): Zend_Controller_Dispatcher_Standard->dispatch(Object(Zend_Controller_Request_Http), Object(Zend_Controller_Response_Http))
#1 D:\project\bag\library\framework\Zend\Application\Bootstrap\Bootstrap.php(101): Zend_Controller_Front->dispatch()
#2 D:\project\bag\library\framework\Zend\Application.php(366): Zend_Application_Bootstrap_Bootstrap->run()
#3 D:\project\bag\core\public\index.php(36): Zend_Application->run()
#4 {main}</pre>

<h3>Request Parameters:</h3>
<pre>array (
  'controller' => 'images',
  'action' => 'logo-mobile.png',
  'module' => 'home',
)</pre>
<h3>Server information:</h3>
<p>
<pre>array (
  'REDIRECT_REDIRECT_HTTP_APPLICATION_ENV' => 'development',
  'REDIRECT_REDIRECT_HTTP_PROJECT_HOST' => 'bag.local',
  'REDIRECT_REDIRECT_HTTP_APPLICATION_TIMEZONE' => 'Australia/Sydney',
  'REDIRECT_REDIRECT_STATUS' => '200',
  'REDIRECT_HTTP_APPLICATION_ENV' => 'development',
  'REDIRECT_HTTP_PROJECT_HOST' => 'bag.local',
  'REDIRECT_HTTP_APPLICATION_TIMEZONE' => 'Australia/Sydney',
  'REDIRECT_STATUS' => '200',
  'HTTP_APPLICATION_ENV' => 'development',
  'HTTP_PROJECT_HOST' => 'bag.local',
  'HTTP_APPLICATION_TIMEZONE' => 'Australia/Sydney',
  'HTTP_HOST' => 'bag.local',
  'HTTP_USER_AGENT' => 'Mozilla/5.0 (Windows NT 6.1; WOW64; rv:34.0) Gecko/20100101 Firefox/34.0',
  'HTTP_ACCEPT' => 'image/png,image/*;q=0.8,*/*;q=0.5',
  'HTTP_ACCEPT_LANGUAGE' => 'en-US,en;q=0.5',
  'HTTP_ACCEPT_ENCODING' => 'gzip, deflate',
  'HTTP_REFERER' => 'http://bag.local/staff/history?search[field][destination]=&search[date][date_from]=2014-12-09&search[date][date_to]=2014-12-16&search[field][pickup.id]=1&search[field][courier.search_name]=x&search[field][pickup.status]=&search[field][customer.search_name]=a&page=1&btn_submit=Search',
  'HTTP_COOKIE' => 'b6589fc6ab0dc82cf12099d1c2d40ab994e8410c=7lguqv52rqd0a9hcnnvuf0tqp2',
  'HTTP_CONNECTION' => 'keep-alive',
  'PATH' => 'C:\\Program Files (x86)\\NVIDIA Corporation\\PhysX\\Common;C:\\Program Files (x86)\\Intel\\iCLS Client\\;C:\\Program Files\\Intel\\iCLS Client\\;C:\\Windows\\system32;C:\\Windows;C:\\Windows\\System32\\Wbem;C:\\Windows\\System32\\WindowsPowerShell\\v1.0\\;C:\\Program Files\\Intel\\Intel(R) Management Engine Components\\DAL;C:\\Program Files\\Intel\\Intel(R) Management Engine Components\\IPT;C:\\Program Files (x86)\\Intel\\Intel(R) Management Engine Components\\DAL;C:\\Program Files (x86)\\Intel\\Intel(R) Management Engine Components\\IPT;C:\\Program Files (x86)\\Intel\\OpenCL SDK\\2.0\\bin\\x86;C:\\Program Files (x86)\\Intel\\OpenCL SDK\\2.0\\bin\\x64;C:\\Program Files\\TortoiseGit\\bin;D:\\server\\mysql\\bin;C:\\Program Files\\Java\\jdk1.8.0_05;D:\\server\\apache\\bin;D:\\server\\php;D:\\server\\mysql\\bin;C:\\Windows\\system32;C:\\Windows;C:\\Windows\\System32\\Wbem;',
  'SystemRoot' => 'C:\\Windows',
  'COMSPEC' => 'C:\\Windows\\system32\\cmd.exe',
  'PATHEXT' => '.COM;.EXE;.BAT;.CMD;.VBS;.VBE;.JS;.JSE;.WSF;.WSH;.MSC',
  'WINDIR' => 'C:\\Windows',
  'SERVER_SIGNATURE' => '',
  'SERVER_SOFTWARE' => 'Apache/2.2.19 (Win32) mod_ssl/2.2.19 OpenSSL/0.9.8r PHP/5.3.28',
  'SERVER_NAME' => 'bag.local',
  'SERVER_ADDR' => '127.0.0.1',
  'SERVER_PORT' => '80',
  'REMOTE_ADDR' => '127.0.0.1',
  'DOCUMENT_ROOT' => 'D:/project/bag',
  'SERVER_ADMIN' => 'admin@pc87.com',
  'SCRIPT_FILENAME' => 'D:/project/bag/core/public/index.php',
  'REMOTE_PORT' => '51283',
  'REDIRECT_URL' => '/core/public/images/logo-mobile.png',
  'GATEWAY_INTERFACE' => 'CGI/1.1',
  'SERVER_PROTOCOL' => 'HTTP/1.1',
  'REQUEST_METHOD' => 'GET',
  'QUERY_STRING' => '',
  'REQUEST_URI' => '/images/logo-mobile.png',
  'SCRIPT_NAME' => '/core/public/index.php',
  'PHP_SELF' => '/core/public/index.php',
  'REQUEST_TIME' => 1418701655,
)</pre></p>﻿Invalid controller specified (images)#0 D:\project\bag\library\framework\Zend\Controller\Front.php(954): Zend_Controller_Dispatcher_Standard->dispatch(Object(Zend_Controller_Request_Http), Object(Zend_Controller_Response_Http))
#1 D:\project\bag\library\framework\Zend\Application\Bootstrap\Bootstrap.php(101): Zend_Controller_Front->dispatch()
#2 D:\project\bag\library\framework\Zend\Application.php(366): Zend_Application_Bootstrap_Bootstrap->run()
#3 D:\project\bag\core\public\index.php(36): Zend_Application->run()
#4 {main}﻿<h1>An error occurred</h1>
<h2>Page not found</h2>
The error is logged. Please come back later.
<h3>Exception information:</h3>
<p>
    <b>Message:</b> Invalid controller specified (images)</p>

<h3>Stack trace:</h3>
<pre>#0 D:\project\bag\library\framework\Zend\Controller\Front.php(954): Zend_Controller_Dispatcher_Standard->dispatch(Object(Zend_Controller_Request_Http), Object(Zend_Controller_Response_Http))
#1 D:\project\bag\library\framework\Zend\Application\Bootstrap\Bootstrap.php(101): Zend_Controller_Front->dispatch()
#2 D:\project\bag\library\framework\Zend\Application.php(366): Zend_Application_Bootstrap_Bootstrap->run()
#3 D:\project\bag\core\public\index.php(36): Zend_Application->run()
#4 {main}</pre>

<h3>Request Parameters:</h3>
<pre>array (
  'controller' => 'images',
  'action' => 'logo-mobile.png',
  'module' => 'home',
)</pre>
<h3>Server information:</h3>
<p>
<pre>array (
  'REDIRECT_REDIRECT_HTTP_APPLICATION_ENV' => 'development',
  'REDIRECT_REDIRECT_HTTP_PROJECT_HOST' => 'bag.local',
  'REDIRECT_REDIRECT_HTTP_APPLICATION_TIMEZONE' => 'Australia/Sydney',
  'REDIRECT_REDIRECT_STATUS' => '200',
  'REDIRECT_HTTP_APPLICATION_ENV' => 'development',
  'REDIRECT_HTTP_PROJECT_HOST' => 'bag.local',
  'REDIRECT_HTTP_APPLICATION_TIMEZONE' => 'Australia/Sydney',
  'REDIRECT_STATUS' => '200',
  'HTTP_APPLICATION_ENV' => 'development',
  'HTTP_PROJECT_HOST' => 'bag.local',
  'HTTP_APPLICATION_TIMEZONE' => 'Australia/Sydney',
  'HTTP_HOST' => 'bag.local',
  'HTTP_USER_AGENT' => 'Mozilla/5.0 (Windows NT 6.1; WOW64; rv:34.0) Gecko/20100101 Firefox/34.0',
  'HTTP_ACCEPT' => 'image/png,image/*;q=0.8,*/*;q=0.5',
  'HTTP_ACCEPT_LANGUAGE' => 'en-US,en;q=0.5',
  'HTTP_ACCEPT_ENCODING' => 'gzip, deflate',
  'HTTP_REFERER' => 'http://bag.local/staff/history?search[field][destination]=&search[date][date_from]=2014-12-09&search[date][date_to]=2014-12-16&search[field][pickup.id]=1&search[field][courier.search_name]=x&search[field][pickup.status]=&search[field][customer.search_name]=a&page=1&btn_submit=Search',
  'HTTP_COOKIE' => 'b6589fc6ab0dc82cf12099d1c2d40ab994e8410c=7lguqv52rqd0a9hcnnvuf0tqp2',
  'HTTP_CONNECTION' => 'keep-alive',
  'PATH' => 'C:\\Program Files (x86)\\NVIDIA Corporation\\PhysX\\Common;C:\\Program Files (x86)\\Intel\\iCLS Client\\;C:\\Program Files\\Intel\\iCLS Client\\;C:\\Windows\\system32;C:\\Windows;C:\\Windows\\System32\\Wbem;C:\\Windows\\System32\\WindowsPowerShell\\v1.0\\;C:\\Program Files\\Intel\\Intel(R) Management Engine Components\\DAL;C:\\Program Files\\Intel\\Intel(R) Management Engine Components\\IPT;C:\\Program Files (x86)\\Intel\\Intel(R) Management Engine Components\\DAL;C:\\Program Files (x86)\\Intel\\Intel(R) Management Engine Components\\IPT;C:\\Program Files (x86)\\Intel\\OpenCL SDK\\2.0\\bin\\x86;C:\\Program Files (x86)\\Intel\\OpenCL SDK\\2.0\\bin\\x64;C:\\Program Files\\TortoiseGit\\bin;D:\\server\\mysql\\bin;C:\\Program Files\\Java\\jdk1.8.0_05;D:\\server\\apache\\bin;D:\\server\\php;D:\\server\\mysql\\bin;C:\\Windows\\system32;C:\\Windows;C:\\Windows\\System32\\Wbem;',
  'SystemRoot' => 'C:\\Windows',
  'COMSPEC' => 'C:\\Windows\\system32\\cmd.exe',
  'PATHEXT' => '.COM;.EXE;.BAT;.CMD;.VBS;.VBE;.JS;.JSE;.WSF;.WSH;.MSC',
  'WINDIR' => 'C:\\Windows',
  'SERVER_SIGNATURE' => '',
  'SERVER_SOFTWARE' => 'Apache/2.2.19 (Win32) mod_ssl/2.2.19 OpenSSL/0.9.8r PHP/5.3.28',
  'SERVER_NAME' => 'bag.local',
  'SERVER_ADDR' => '127.0.0.1',
  'SERVER_PORT' => '80',
  'REMOTE_ADDR' => '127.0.0.1',
  'DOCUMENT_ROOT' => 'D:/project/bag',
  'SERVER_ADMIN' => 'admin@pc87.com',
  'SCRIPT_FILENAME' => 'D:/project/bag/core/public/index.php',
  'REMOTE_PORT' => '51310',
  'REDIRECT_URL' => '/core/public/images/logo-mobile.png',
  'GATEWAY_INTERFACE' => 'CGI/1.1',
  'SERVER_PROTOCOL' => 'HTTP/1.1',
  'REQUEST_METHOD' => 'GET',
  'QUERY_STRING' => '',
  'REQUEST_URI' => '/images/logo-mobile.png',
  'SCRIPT_NAME' => '/core/public/index.php',
  'PHP_SELF' => '/core/public/index.php',
  'REQUEST_TIME' => 1418701877,
)</pre></p>﻿Invalid controller specified (images)#0 D:\project\bag\library\framework\Zend\Controller\Front.php(954): Zend_Controller_Dispatcher_Standard->dispatch(Object(Zend_Controller_Request_Http), Object(Zend_Controller_Response_Http))
#1 D:\project\bag\library\framework\Zend\Application\Bootstrap\Bootstrap.php(101): Zend_Controller_Front->dispatch()
#2 D:\project\bag\library\framework\Zend\Application.php(366): Zend_Application_Bootstrap_Bootstrap->run()
#3 D:\project\bag\core\public\index.php(36): Zend_Application->run()
#4 {main}﻿<h1>An error occurred</h1>
<h2>Page not found</h2>
The error is logged. Please come back later.
<h3>Exception information:</h3>
<p>
    <b>Message:</b> Invalid controller specified (images)</p>

<h3>Stack trace:</h3>
<pre>#0 D:\project\bag\library\framework\Zend\Controller\Front.php(954): Zend_Controller_Dispatcher_Standard->dispatch(Object(Zend_Controller_Request_Http), Object(Zend_Controller_Response_Http))
#1 D:\project\bag\library\framework\Zend\Application\Bootstrap\Bootstrap.php(101): Zend_Controller_Front->dispatch()
#2 D:\project\bag\library\framework\Zend\Application.php(366): Zend_Application_Bootstrap_Bootstrap->run()
#3 D:\project\bag\core\public\index.php(36): Zend_Application->run()
#4 {main}</pre>

<h3>Request Parameters:</h3>
<pre>array (
  'controller' => 'images',
  'action' => 'logo-mobile.png',
  'module' => 'home',
)</pre>
<h3>Server information:</h3>
<p>
<pre>array (
  'REDIRECT_REDIRECT_HTTP_APPLICATION_ENV' => 'development',
  'REDIRECT_REDIRECT_HTTP_PROJECT_HOST' => 'bag.local',
  'REDIRECT_REDIRECT_HTTP_APPLICATION_TIMEZONE' => 'Australia/Sydney',
  'REDIRECT_REDIRECT_STATUS' => '200',
  'REDIRECT_HTTP_APPLICATION_ENV' => 'development',
  'REDIRECT_HTTP_PROJECT_HOST' => 'bag.local',
  'REDIRECT_HTTP_APPLICATION_TIMEZONE' => 'Australia/Sydney',
  'REDIRECT_STATUS' => '200',
  'HTTP_APPLICATION_ENV' => 'development',
  'HTTP_PROJECT_HOST' => 'bag.local',
  'HTTP_APPLICATION_TIMEZONE' => 'Australia/Sydney',
  'HTTP_HOST' => 'bag.local',
  'HTTP_USER_AGENT' => 'Mozilla/5.0 (Windows NT 6.1; WOW64; rv:34.0) Gecko/20100101 Firefox/34.0',
  'HTTP_ACCEPT' => 'image/png,image/*;q=0.8,*/*;q=0.5',
  'HTTP_ACCEPT_LANGUAGE' => 'en-US,en;q=0.5',
  'HTTP_ACCEPT_ENCODING' => 'gzip, deflate',
  'HTTP_REFERER' => 'http://bag.local/staff/history?search[field][destination]=&search[date][date_from]=2014-12-09&search[date][date_to]=2014-12-16&search[field][pickup.id]=1&search[field][courier.search_name]=x&search[field][pickup.status]=&search[field][customer.search_name]=a&page=1&btn_submit=Search',
  'HTTP_COOKIE' => 'b6589fc6ab0dc82cf12099d1c2d40ab994e8410c=7lguqv52rqd0a9hcnnvuf0tqp2',
  'HTTP_CONNECTION' => 'keep-alive',
  'PATH' => 'C:\\Program Files (x86)\\NVIDIA Corporation\\PhysX\\Common;C:\\Program Files (x86)\\Intel\\iCLS Client\\;C:\\Program Files\\Intel\\iCLS Client\\;C:\\Windows\\system32;C:\\Windows;C:\\Windows\\System32\\Wbem;C:\\Windows\\System32\\WindowsPowerShell\\v1.0\\;C:\\Program Files\\Intel\\Intel(R) Management Engine Components\\DAL;C:\\Program Files\\Intel\\Intel(R) Management Engine Components\\IPT;C:\\Program Files (x86)\\Intel\\Intel(R) Management Engine Components\\DAL;C:\\Program Files (x86)\\Intel\\Intel(R) Management Engine Components\\IPT;C:\\Program Files (x86)\\Intel\\OpenCL SDK\\2.0\\bin\\x86;C:\\Program Files (x86)\\Intel\\OpenCL SDK\\2.0\\bin\\x64;C:\\Program Files\\TortoiseGit\\bin;D:\\server\\mysql\\bin;C:\\Program Files\\Java\\jdk1.8.0_05;D:\\server\\apache\\bin;D:\\server\\php;D:\\server\\mysql\\bin;C:\\Windows\\system32;C:\\Windows;C:\\Windows\\System32\\Wbem;',
  'SystemRoot' => 'C:\\Windows',
  'COMSPEC' => 'C:\\Windows\\system32\\cmd.exe',
  'PATHEXT' => '.COM;.EXE;.BAT;.CMD;.VBS;.VBE;.JS;.JSE;.WSF;.WSH;.MSC',
  'WINDIR' => 'C:\\Windows',
  'SERVER_SIGNATURE' => '',
  'SERVER_SOFTWARE' => 'Apache/2.2.19 (Win32) mod_ssl/2.2.19 OpenSSL/0.9.8r PHP/5.3.28',
  'SERVER_NAME' => 'bag.local',
  'SERVER_ADDR' => '127.0.0.1',
  'SERVER_PORT' => '80',
  'REMOTE_ADDR' => '127.0.0.1',
  'DOCUMENT_ROOT' => 'D:/project/bag',
  'SERVER_ADMIN' => 'admin@pc87.com',
  'SCRIPT_FILENAME' => 'D:/project/bag/core/public/index.php',
  'REMOTE_PORT' => '51318',
  'REDIRECT_URL' => '/core/public/images/logo-mobile.png',
  'GATEWAY_INTERFACE' => 'CGI/1.1',
  'SERVER_PROTOCOL' => 'HTTP/1.1',
  'REQUEST_METHOD' => 'GET',
  'QUERY_STRING' => '',
  'REQUEST_URI' => '/images/logo-mobile.png',
  'SCRIPT_NAME' => '/core/public/index.php',
  'PHP_SELF' => '/core/public/index.php',
  'REQUEST_TIME' => 1418701929,
)</pre></p>﻿Invalid controller specified (images)#0 D:\project\bag\library\framework\Zend\Controller\Front.php(954): Zend_Controller_Dispatcher_Standard->dispatch(Object(Zend_Controller_Request_Http), Object(Zend_Controller_Response_Http))
#1 D:\project\bag\library\framework\Zend\Application\Bootstrap\Bootstrap.php(101): Zend_Controller_Front->dispatch()
#2 D:\project\bag\library\framework\Zend\Application.php(366): Zend_Application_Bootstrap_Bootstrap->run()
#3 D:\project\bag\core\public\index.php(36): Zend_Application->run()
#4 {main}﻿<h1>An error occurred</h1>
<h2>Page not found</h2>
The error is logged. Please come back later.
<h3>Exception information:</h3>
<p>
    <b>Message:</b> Invalid controller specified (images)</p>

<h3>Stack trace:</h3>
<pre>#0 D:\project\bag\library\framework\Zend\Controller\Front.php(954): Zend_Controller_Dispatcher_Standard->dispatch(Object(Zend_Controller_Request_Http), Object(Zend_Controller_Response_Http))
#1 D:\project\bag\library\framework\Zend\Application\Bootstrap\Bootstrap.php(101): Zend_Controller_Front->dispatch()
#2 D:\project\bag\library\framework\Zend\Application.php(366): Zend_Application_Bootstrap_Bootstrap->run()
#3 D:\project\bag\core\public\index.php(36): Zend_Application->run()
#4 {main}</pre>

<h3>Request Parameters:</h3>
<pre>array (
  'controller' => 'images',
  'action' => 'logo-mobile.png',
  'module' => 'home',
)</pre>
<h3>Server information:</h3>
<p>
<pre>array (
  'REDIRECT_REDIRECT_HTTP_APPLICATION_ENV' => 'development',
  'REDIRECT_REDIRECT_HTTP_PROJECT_HOST' => 'bag.local',
  'REDIRECT_REDIRECT_HTTP_APPLICATION_TIMEZONE' => 'Australia/Sydney',
  'REDIRECT_REDIRECT_STATUS' => '200',
  'REDIRECT_HTTP_APPLICATION_ENV' => 'development',
  'REDIRECT_HTTP_PROJECT_HOST' => 'bag.local',
  'REDIRECT_HTTP_APPLICATION_TIMEZONE' => 'Australia/Sydney',
  'REDIRECT_STATUS' => '200',
  'HTTP_APPLICATION_ENV' => 'development',
  'HTTP_PROJECT_HOST' => 'bag.local',
  'HTTP_APPLICATION_TIMEZONE' => 'Australia/Sydney',
  'HTTP_HOST' => 'bag.local',
  'HTTP_USER_AGENT' => 'Mozilla/5.0 (Windows NT 6.1; WOW64; rv:34.0) Gecko/20100101 Firefox/34.0',
  'HTTP_ACCEPT' => 'image/png,image/*;q=0.8,*/*;q=0.5',
  'HTTP_ACCEPT_LANGUAGE' => 'en-US,en;q=0.5',
  'HTTP_ACCEPT_ENCODING' => 'gzip, deflate',
  'HTTP_REFERER' => 'http://bag.local/staff/history?search[field][destination]=&search[date][date_from]=2014-12-09&search[date][date_to]=2014-12-16&search[field][pickup.id]=1&search[field][courier.search_name]=x&search[field][pickup.status]=&search[field][customer.search_name]=a&page=1&btn_submit=Search',
  'HTTP_COOKIE' => 'b6589fc6ab0dc82cf12099d1c2d40ab994e8410c=7lguqv52rqd0a9hcnnvuf0tqp2',
  'HTTP_CONNECTION' => 'keep-alive',
  'PATH' => 'C:\\Program Files (x86)\\NVIDIA Corporation\\PhysX\\Common;C:\\Program Files (x86)\\Intel\\iCLS Client\\;C:\\Program Files\\Intel\\iCLS Client\\;C:\\Windows\\system32;C:\\Windows;C:\\Windows\\System32\\Wbem;C:\\Windows\\System32\\WindowsPowerShell\\v1.0\\;C:\\Program Files\\Intel\\Intel(R) Management Engine Components\\DAL;C:\\Program Files\\Intel\\Intel(R) Management Engine Components\\IPT;C:\\Program Files (x86)\\Intel\\Intel(R) Management Engine Components\\DAL;C:\\Program Files (x86)\\Intel\\Intel(R) Management Engine Components\\IPT;C:\\Program Files (x86)\\Intel\\OpenCL SDK\\2.0\\bin\\x86;C:\\Program Files (x86)\\Intel\\OpenCL SDK\\2.0\\bin\\x64;C:\\Program Files\\TortoiseGit\\bin;D:\\server\\mysql\\bin;C:\\Program Files\\Java\\jdk1.8.0_05;D:\\server\\apache\\bin;D:\\server\\php;D:\\server\\mysql\\bin;C:\\Windows\\system32;C:\\Windows;C:\\Windows\\System32\\Wbem;',
  'SystemRoot' => 'C:\\Windows',
  'COMSPEC' => 'C:\\Windows\\system32\\cmd.exe',
  'PATHEXT' => '.COM;.EXE;.BAT;.CMD;.VBS;.VBE;.JS;.JSE;.WSF;.WSH;.MSC',
  'WINDIR' => 'C:\\Windows',
  'SERVER_SIGNATURE' => '',
  'SERVER_SOFTWARE' => 'Apache/2.2.19 (Win32) mod_ssl/2.2.19 OpenSSL/0.9.8r PHP/5.3.28',
  'SERVER_NAME' => 'bag.local',
  'SERVER_ADDR' => '127.0.0.1',
  'SERVER_PORT' => '80',
  'REMOTE_ADDR' => '127.0.0.1',
  'DOCUMENT_ROOT' => 'D:/project/bag',
  'SERVER_ADMIN' => 'admin@pc87.com',
  'SCRIPT_FILENAME' => 'D:/project/bag/core/public/index.php',
  'REMOTE_PORT' => '51324',
  'REDIRECT_URL' => '/core/public/images/logo-mobile.png',
  'GATEWAY_INTERFACE' => 'CGI/1.1',
  'SERVER_PROTOCOL' => 'HTTP/1.1',
  'REQUEST_METHOD' => 'GET',
  'QUERY_STRING' => '',
  'REQUEST_URI' => '/images/logo-mobile.png',
  'SCRIPT_NAME' => '/core/public/index.php',
  'PHP_SELF' => '/core/public/index.php',
  'REQUEST_TIME' => 1418701993,
)</pre></p>﻿Invalid controller specified (images)#0 D:\project\bag\library\framework\Zend\Controller\Front.php(954): Zend_Controller_Dispatcher_Standard->dispatch(Object(Zend_Controller_Request_Http), Object(Zend_Controller_Response_Http))
#1 D:\project\bag\library\framework\Zend\Application\Bootstrap\Bootstrap.php(101): Zend_Controller_Front->dispatch()
#2 D:\project\bag\library\framework\Zend\Application.php(366): Zend_Application_Bootstrap_Bootstrap->run()
#3 D:\project\bag\core\public\index.php(36): Zend_Application->run()
#4 {main}﻿<h1>An error occurred</h1>
<h2>Page not found</h2>
The error is logged. Please come back later.
<h3>Exception information:</h3>
<p>
    <b>Message:</b> Invalid controller specified (images)</p>

<h3>Stack trace:</h3>
<pre>#0 D:\project\bag\library\framework\Zend\Controller\Front.php(954): Zend_Controller_Dispatcher_Standard->dispatch(Object(Zend_Controller_Request_Http), Object(Zend_Controller_Response_Http))
#1 D:\project\bag\library\framework\Zend\Application\Bootstrap\Bootstrap.php(101): Zend_Controller_Front->dispatch()
#2 D:\project\bag\library\framework\Zend\Application.php(366): Zend_Application_Bootstrap_Bootstrap->run()
#3 D:\project\bag\core\public\index.php(36): Zend_Application->run()
#4 {main}</pre>

<h3>Request Parameters:</h3>
<pre>array (
  'controller' => 'images',
  'action' => 'logo-mobile.png',
  'module' => 'home',
)</pre>
<h3>Server information:</h3>
<p>
<pre>array (
  'REDIRECT_REDIRECT_HTTP_APPLICATION_ENV' => 'development',
  'REDIRECT_REDIRECT_HTTP_PROJECT_HOST' => 'bag.local',
  'REDIRECT_REDIRECT_HTTP_APPLICATION_TIMEZONE' => 'Australia/Sydney',
  'REDIRECT_REDIRECT_STATUS' => '200',
  'REDIRECT_HTTP_APPLICATION_ENV' => 'development',
  'REDIRECT_HTTP_PROJECT_HOST' => 'bag.local',
  'REDIRECT_HTTP_APPLICATION_TIMEZONE' => 'Australia/Sydney',
  'REDIRECT_STATUS' => '200',
  'HTTP_APPLICATION_ENV' => 'development',
  'HTTP_PROJECT_HOST' => 'bag.local',
  'HTTP_APPLICATION_TIMEZONE' => 'Australia/Sydney',
  'HTTP_HOST' => 'bag.local',
  'HTTP_USER_AGENT' => 'Mozilla/5.0 (Windows NT 6.1; WOW64; rv:34.0) Gecko/20100101 Firefox/34.0',
  'HTTP_ACCEPT' => 'image/png,image/*;q=0.8,*/*;q=0.5',
  'HTTP_ACCEPT_LANGUAGE' => 'en-US,en;q=0.5',
  'HTTP_ACCEPT_ENCODING' => 'gzip, deflate',
  'HTTP_REFERER' => 'http://bag.local/staff/history?search[field][destination]=&search[date][date_from]=2014-12-09&search[date][date_to]=2014-12-16&search[field][pickup.id]=1&search[field][courier.search_name]=x&search[field][pickup.status]=&search[field][customer.search_name]=a&page=1&btn_submit=Search',
  'HTTP_COOKIE' => 'b6589fc6ab0dc82cf12099d1c2d40ab994e8410c=7lguqv52rqd0a9hcnnvuf0tqp2',
  'HTTP_CONNECTION' => 'keep-alive',
  'PATH' => 'C:\\Program Files (x86)\\NVIDIA Corporation\\PhysX\\Common;C:\\Program Files (x86)\\Intel\\iCLS Client\\;C:\\Program Files\\Intel\\iCLS Client\\;C:\\Windows\\system32;C:\\Windows;C:\\Windows\\System32\\Wbem;C:\\Windows\\System32\\WindowsPowerShell\\v1.0\\;C:\\Program Files\\Intel\\Intel(R) Management Engine Components\\DAL;C:\\Program Files\\Intel\\Intel(R) Management Engine Components\\IPT;C:\\Program Files (x86)\\Intel\\Intel(R) Management Engine Components\\DAL;C:\\Program Files (x86)\\Intel\\Intel(R) Management Engine Components\\IPT;C:\\Program Files (x86)\\Intel\\OpenCL SDK\\2.0\\bin\\x86;C:\\Program Files (x86)\\Intel\\OpenCL SDK\\2.0\\bin\\x64;C:\\Program Files\\TortoiseGit\\bin;D:\\server\\mysql\\bin;C:\\Program Files\\Java\\jdk1.8.0_05;D:\\server\\apache\\bin;D:\\server\\php;D:\\server\\mysql\\bin;C:\\Windows\\system32;C:\\Windows;C:\\Windows\\System32\\Wbem;',
  'SystemRoot' => 'C:\\Windows',
  'COMSPEC' => 'C:\\Windows\\system32\\cmd.exe',
  'PATHEXT' => '.COM;.EXE;.BAT;.CMD;.VBS;.VBE;.JS;.JSE;.WSF;.WSH;.MSC',
  'WINDIR' => 'C:\\Windows',
  'SERVER_SIGNATURE' => '',
  'SERVER_SOFTWARE' => 'Apache/2.2.19 (Win32) mod_ssl/2.2.19 OpenSSL/0.9.8r PHP/5.3.28',
  'SERVER_NAME' => 'bag.local',
  'SERVER_ADDR' => '127.0.0.1',
  'SERVER_PORT' => '80',
  'REMOTE_ADDR' => '127.0.0.1',
  'DOCUMENT_ROOT' => 'D:/project/bag',
  'SERVER_ADMIN' => 'admin@pc87.com',
  'SCRIPT_FILENAME' => 'D:/project/bag/core/public/index.php',
  'REMOTE_PORT' => '51341',
  'REDIRECT_URL' => '/core/public/images/logo-mobile.png',
  'GATEWAY_INTERFACE' => 'CGI/1.1',
  'SERVER_PROTOCOL' => 'HTTP/1.1',
  'REQUEST_METHOD' => 'GET',
  'QUERY_STRING' => '',
  'REQUEST_URI' => '/images/logo-mobile.png',
  'SCRIPT_NAME' => '/core/public/index.php',
  'PHP_SELF' => '/core/public/index.php',
  'REQUEST_TIME' => 1418702085,
)</pre></p>﻿Invalid controller specified (images)#0 D:\project\bag\library\framework\Zend\Controller\Front.php(954): Zend_Controller_Dispatcher_Standard->dispatch(Object(Zend_Controller_Request_Http), Object(Zend_Controller_Response_Http))
#1 D:\project\bag\library\framework\Zend\Application\Bootstrap\Bootstrap.php(101): Zend_Controller_Front->dispatch()
#2 D:\project\bag\library\framework\Zend\Application.php(366): Zend_Application_Bootstrap_Bootstrap->run()
#3 D:\project\bag\core\public\index.php(36): Zend_Application->run()
#4 {main}﻿<h1>An error occurred</h1>
<h2>Page not found</h2>
The error is logged. Please come back later.
<h3>Exception information:</h3>
<p>
    <b>Message:</b> Invalid controller specified (images)</p>

<h3>Stack trace:</h3>
<pre>#0 D:\project\bag\library\framework\Zend\Controller\Front.php(954): Zend_Controller_Dispatcher_Standard->dispatch(Object(Zend_Controller_Request_Http), Object(Zend_Controller_Response_Http))
#1 D:\project\bag\library\framework\Zend\Application\Bootstrap\Bootstrap.php(101): Zend_Controller_Front->dispatch()
#2 D:\project\bag\library\framework\Zend\Application.php(366): Zend_Application_Bootstrap_Bootstrap->run()
#3 D:\project\bag\core\public\index.php(36): Zend_Application->run()
#4 {main}</pre>

<h3>Request Parameters:</h3>
<pre>array (
  'controller' => 'images',
  'action' => 'logo-mobile.png',
  'module' => 'home',
)</pre>
<h3>Server information:</h3>
<p>
<pre>array (
  'REDIRECT_REDIRECT_HTTP_APPLICATION_ENV' => 'development',
  'REDIRECT_REDIRECT_HTTP_PROJECT_HOST' => 'bag.local',
  'REDIRECT_REDIRECT_HTTP_APPLICATION_TIMEZONE' => 'Australia/Sydney',
  'REDIRECT_REDIRECT_STATUS' => '200',
  'REDIRECT_HTTP_APPLICATION_ENV' => 'development',
  'REDIRECT_HTTP_PROJECT_HOST' => 'bag.local',
  'REDIRECT_HTTP_APPLICATION_TIMEZONE' => 'Australia/Sydney',
  'REDIRECT_STATUS' => '200',
  'HTTP_APPLICATION_ENV' => 'development',
  'HTTP_PROJECT_HOST' => 'bag.local',
  'HTTP_APPLICATION_TIMEZONE' => 'Australia/Sydney',
  'HTTP_HOST' => 'bag.local',
  'HTTP_USER_AGENT' => 'Mozilla/5.0 (Windows NT 6.1; WOW64; rv:34.0) Gecko/20100101 Firefox/34.0',
  'HTTP_ACCEPT' => 'image/png,image/*;q=0.8,*/*;q=0.5',
  'HTTP_ACCEPT_LANGUAGE' => 'en-US,en;q=0.5',
  'HTTP_ACCEPT_ENCODING' => 'gzip, deflate',
  'HTTP_REFERER' => 'http://bag.local/staff/history?search[field][destination]=&search[date][date_from]=2014-12-09&search[date][date_to]=2014-12-16&search[field][pickup.id]=1&search[field][courier.search_name]=x&search[field][pickup.status]=&search[field][customer.search_name]=a&page=1&btn_submit=Search',
  'HTTP_COOKIE' => 'b6589fc6ab0dc82cf12099d1c2d40ab994e8410c=7lguqv52rqd0a9hcnnvuf0tqp2',
  'HTTP_CONNECTION' => 'keep-alive',
  'PATH' => 'C:\\Program Files (x86)\\NVIDIA Corporation\\PhysX\\Common;C:\\Program Files (x86)\\Intel\\iCLS Client\\;C:\\Program Files\\Intel\\iCLS Client\\;C:\\Windows\\system32;C:\\Windows;C:\\Windows\\System32\\Wbem;C:\\Windows\\System32\\WindowsPowerShell\\v1.0\\;C:\\Program Files\\Intel\\Intel(R) Management Engine Components\\DAL;C:\\Program Files\\Intel\\Intel(R) Management Engine Components\\IPT;C:\\Program Files (x86)\\Intel\\Intel(R) Management Engine Components\\DAL;C:\\Program Files (x86)\\Intel\\Intel(R) Management Engine Components\\IPT;C:\\Program Files (x86)\\Intel\\OpenCL SDK\\2.0\\bin\\x86;C:\\Program Files (x86)\\Intel\\OpenCL SDK\\2.0\\bin\\x64;C:\\Program Files\\TortoiseGit\\bin;D:\\server\\mysql\\bin;C:\\Program Files\\Java\\jdk1.8.0_05;D:\\server\\apache\\bin;D:\\server\\php;D:\\server\\mysql\\bin;C:\\Windows\\system32;C:\\Windows;C:\\Windows\\System32\\Wbem;',
  'SystemRoot' => 'C:\\Windows',
  'COMSPEC' => 'C:\\Windows\\system32\\cmd.exe',
  'PATHEXT' => '.COM;.EXE;.BAT;.CMD;.VBS;.VBE;.JS;.JSE;.WSF;.WSH;.MSC',
  'WINDIR' => 'C:\\Windows',
  'SERVER_SIGNATURE' => '',
  'SERVER_SOFTWARE' => 'Apache/2.2.19 (Win32) mod_ssl/2.2.19 OpenSSL/0.9.8r PHP/5.3.28',
  'SERVER_NAME' => 'bag.local',
  'SERVER_ADDR' => '127.0.0.1',
  'SERVER_PORT' => '80',
  'REMOTE_ADDR' => '127.0.0.1',
  'DOCUMENT_ROOT' => 'D:/project/bag',
  'SERVER_ADMIN' => 'admin@pc87.com',
  'SCRIPT_FILENAME' => 'D:/project/bag/core/public/index.php',
  'REMOTE_PORT' => '51349',
  'REDIRECT_URL' => '/core/public/images/logo-mobile.png',
  'GATEWAY_INTERFACE' => 'CGI/1.1',
  'SERVER_PROTOCOL' => 'HTTP/1.1',
  'REQUEST_METHOD' => 'GET',
  'QUERY_STRING' => '',
  'REQUEST_URI' => '/images/logo-mobile.png',
  'SCRIPT_NAME' => '/core/public/index.php',
  'PHP_SELF' => '/core/public/index.php',
  'REQUEST_TIME' => 1418702096,
)</pre></p>﻿Invalid controller specified (images)#0 D:\project\bag\library\framework\Zend\Controller\Front.php(954): Zend_Controller_Dispatcher_Standard->dispatch(Object(Zend_Controller_Request_Http), Object(Zend_Controller_Response_Http))
#1 D:\project\bag\library\framework\Zend\Application\Bootstrap\Bootstrap.php(101): Zend_Controller_Front->dispatch()
#2 D:\project\bag\library\framework\Zend\Application.php(366): Zend_Application_Bootstrap_Bootstrap->run()
#3 D:\project\bag\core\public\index.php(36): Zend_Application->run()
#4 {main}﻿<h1>An error occurred</h1>
<h2>Page not found</h2>
The error is logged. Please come back later.
<h3>Exception information:</h3>
<p>
    <b>Message:</b> Invalid controller specified (images)</p>

<h3>Stack trace:</h3>
<pre>#0 D:\project\bag\library\framework\Zend\Controller\Front.php(954): Zend_Controller_Dispatcher_Standard->dispatch(Object(Zend_Controller_Request_Http), Object(Zend_Controller_Response_Http))
#1 D:\project\bag\library\framework\Zend\Application\Bootstrap\Bootstrap.php(101): Zend_Controller_Front->dispatch()
#2 D:\project\bag\library\framework\Zend\Application.php(366): Zend_Application_Bootstrap_Bootstrap->run()
#3 D:\project\bag\core\public\index.php(36): Zend_Application->run()
#4 {main}</pre>

<h3>Request Parameters:</h3>
<pre>array (
  'controller' => 'images',
  'action' => 'logo-mobile.png',
  'module' => 'home',
)</pre>
<h3>Server information:</h3>
<p>
<pre>array (
  'REDIRECT_REDIRECT_HTTP_APPLICATION_ENV' => 'development',
  'REDIRECT_REDIRECT_HTTP_PROJECT_HOST' => 'bag.local',
  'REDIRECT_REDIRECT_HTTP_APPLICATION_TIMEZONE' => 'Australia/Sydney',
  'REDIRECT_REDIRECT_STATUS' => '200',
  'REDIRECT_HTTP_APPLICATION_ENV' => 'development',
  'REDIRECT_HTTP_PROJECT_HOST' => 'bag.local',
  'REDIRECT_HTTP_APPLICATION_TIMEZONE' => 'Australia/Sydney',
  'REDIRECT_STATUS' => '200',
  'HTTP_APPLICATION_ENV' => 'development',
  'HTTP_PROJECT_HOST' => 'bag.local',
  'HTTP_APPLICATION_TIMEZONE' => 'Australia/Sydney',
  'HTTP_HOST' => 'bag.local',
  'HTTP_USER_AGENT' => 'Mozilla/5.0 (Windows NT 6.1; WOW64; rv:34.0) Gecko/20100101 Firefox/34.0',
  'HTTP_ACCEPT' => 'image/png,image/*;q=0.8,*/*;q=0.5',
  'HTTP_ACCEPT_LANGUAGE' => 'en-US,en;q=0.5',
  'HTTP_ACCEPT_ENCODING' => 'gzip, deflate',
  'HTTP_REFERER' => 'http://bag.local/staff/history?search[field][destination]=&search[date][date_from]=2014-12-09&search[date][date_to]=2014-12-16&search[field][pickup.id]=1&search[field][courier.search_name]=x&search[field][pickup.status]=&search[field][customer.search_name]=a&page=1&btn_submit=Search',
  'HTTP_COOKIE' => 'b6589fc6ab0dc82cf12099d1c2d40ab994e8410c=7lguqv52rqd0a9hcnnvuf0tqp2',
  'HTTP_CONNECTION' => 'keep-alive',
  'PATH' => 'C:\\Program Files (x86)\\NVIDIA Corporation\\PhysX\\Common;C:\\Program Files (x86)\\Intel\\iCLS Client\\;C:\\Program Files\\Intel\\iCLS Client\\;C:\\Windows\\system32;C:\\Windows;C:\\Windows\\System32\\Wbem;C:\\Windows\\System32\\WindowsPowerShell\\v1.0\\;C:\\Program Files\\Intel\\Intel(R) Management Engine Components\\DAL;C:\\Program Files\\Intel\\Intel(R) Management Engine Components\\IPT;C:\\Program Files (x86)\\Intel\\Intel(R) Management Engine Components\\DAL;C:\\Program Files (x86)\\Intel\\Intel(R) Management Engine Components\\IPT;C:\\Program Files (x86)\\Intel\\OpenCL SDK\\2.0\\bin\\x86;C:\\Program Files (x86)\\Intel\\OpenCL SDK\\2.0\\bin\\x64;C:\\Program Files\\TortoiseGit\\bin;D:\\server\\mysql\\bin;C:\\Program Files\\Java\\jdk1.8.0_05;D:\\server\\apache\\bin;D:\\server\\php;D:\\server\\mysql\\bin;C:\\Windows\\system32;C:\\Windows;C:\\Windows\\System32\\Wbem;',
  'SystemRoot' => 'C:\\Windows',
  'COMSPEC' => 'C:\\Windows\\system32\\cmd.exe',
  'PATHEXT' => '.COM;.EXE;.BAT;.CMD;.VBS;.VBE;.JS;.JSE;.WSF;.WSH;.MSC',
  'WINDIR' => 'C:\\Windows',
  'SERVER_SIGNATURE' => '',
  'SERVER_SOFTWARE' => 'Apache/2.2.19 (Win32) mod_ssl/2.2.19 OpenSSL/0.9.8r PHP/5.3.28',
  'SERVER_NAME' => 'bag.local',
  'SERVER_ADDR' => '127.0.0.1',
  'SERVER_PORT' => '80',
  'REMOTE_ADDR' => '127.0.0.1',
  'DOCUMENT_ROOT' => 'D:/project/bag',
  'SERVER_ADMIN' => 'admin@pc87.com',
  'SCRIPT_FILENAME' => 'D:/project/bag/core/public/index.php',
  'REMOTE_PORT' => '51357',
  'REDIRECT_URL' => '/core/public/images/logo-mobile.png',
  'GATEWAY_INTERFACE' => 'CGI/1.1',
  'SERVER_PROTOCOL' => 'HTTP/1.1',
  'REQUEST_METHOD' => 'GET',
  'QUERY_STRING' => '',
  'REQUEST_URI' => '/images/logo-mobile.png',
  'SCRIPT_NAME' => '/core/public/index.php',
  'PHP_SELF' => '/core/public/index.php',
  'REQUEST_TIME' => 1418702117,
)</pre></p>﻿Invalid controller specified (images)#0 D:\project\bag\library\framework\Zend\Controller\Front.php(954): Zend_Controller_Dispatcher_Standard->dispatch(Object(Zend_Controller_Request_Http), Object(Zend_Controller_Response_Http))
#1 D:\project\bag\library\framework\Zend\Application\Bootstrap\Bootstrap.php(101): Zend_Controller_Front->dispatch()
#2 D:\project\bag\library\framework\Zend\Application.php(366): Zend_Application_Bootstrap_Bootstrap->run()
#3 D:\project\bag\core\public\index.php(36): Zend_Application->run()
#4 {main}﻿<h1>An error occurred</h1>
<h2>Page not found</h2>
The error is logged. Please come back later.
<h3>Exception information:</h3>
<p>
    <b>Message:</b> Invalid controller specified (images)</p>

<h3>Stack trace:</h3>
<pre>#0 D:\project\bag\library\framework\Zend\Controller\Front.php(954): Zend_Controller_Dispatcher_Standard->dispatch(Object(Zend_Controller_Request_Http), Object(Zend_Controller_Response_Http))
#1 D:\project\bag\library\framework\Zend\Application\Bootstrap\Bootstrap.php(101): Zend_Controller_Front->dispatch()
#2 D:\project\bag\library\framework\Zend\Application.php(366): Zend_Application_Bootstrap_Bootstrap->run()
#3 D:\project\bag\core\public\index.php(36): Zend_Application->run()
#4 {main}</pre>

<h3>Request Parameters:</h3>
<pre>array (
  'controller' => 'images',
  'action' => 'logo-mobile.png',
  'module' => 'home',
)</pre>
<h3>Server information:</h3>
<p>
<pre>array (
  'REDIRECT_REDIRECT_HTTP_APPLICATION_ENV' => 'development',
  'REDIRECT_REDIRECT_HTTP_PROJECT_HOST' => 'bag.local',
  'REDIRECT_REDIRECT_HTTP_APPLICATION_TIMEZONE' => 'Australia/Sydney',
  'REDIRECT_REDIRECT_STATUS' => '200',
  'REDIRECT_HTTP_APPLICATION_ENV' => 'development',
  'REDIRECT_HTTP_PROJECT_HOST' => 'bag.local',
  'REDIRECT_HTTP_APPLICATION_TIMEZONE' => 'Australia/Sydney',
  'REDIRECT_STATUS' => '200',
  'HTTP_APPLICATION_ENV' => 'development',
  'HTTP_PROJECT_HOST' => 'bag.local',
  'HTTP_APPLICATION_TIMEZONE' => 'Australia/Sydney',
  'HTTP_HOST' => 'bag.local',
  'HTTP_USER_AGENT' => 'Mozilla/5.0 (Windows NT 6.1; WOW64; rv:34.0) Gecko/20100101 Firefox/34.0',
  'HTTP_ACCEPT' => 'image/png,image/*;q=0.8,*/*;q=0.5',
  'HTTP_ACCEPT_LANGUAGE' => 'en-US,en;q=0.5',
  'HTTP_ACCEPT_ENCODING' => 'gzip, deflate',
  'HTTP_REFERER' => 'http://bag.local/staff/history?search[field][destination]=&search[date][date_from]=2014-12-09&search[date][date_to]=2014-12-16&search[field][pickup.id]=1&search[field][courier.search_name]=x&search[field][pickup.status]=&search[field][customer.search_name]=a&page=1&btn_submit=Search',
  'HTTP_COOKIE' => 'b6589fc6ab0dc82cf12099d1c2d40ab994e8410c=7lguqv52rqd0a9hcnnvuf0tqp2',
  'HTTP_CONNECTION' => 'keep-alive',
  'PATH' => 'C:\\Program Files (x86)\\NVIDIA Corporation\\PhysX\\Common;C:\\Program Files (x86)\\Intel\\iCLS Client\\;C:\\Program Files\\Intel\\iCLS Client\\;C:\\Windows\\system32;C:\\Windows;C:\\Windows\\System32\\Wbem;C:\\Windows\\System32\\WindowsPowerShell\\v1.0\\;C:\\Program Files\\Intel\\Intel(R) Management Engine Components\\DAL;C:\\Program Files\\Intel\\Intel(R) Management Engine Components\\IPT;C:\\Program Files (x86)\\Intel\\Intel(R) Management Engine Components\\DAL;C:\\Program Files (x86)\\Intel\\Intel(R) Management Engine Components\\IPT;C:\\Program Files (x86)\\Intel\\OpenCL SDK\\2.0\\bin\\x86;C:\\Program Files (x86)\\Intel\\OpenCL SDK\\2.0\\bin\\x64;C:\\Program Files\\TortoiseGit\\bin;D:\\server\\mysql\\bin;C:\\Program Files\\Java\\jdk1.8.0_05;D:\\server\\apache\\bin;D:\\server\\php;D:\\server\\mysql\\bin;C:\\Windows\\system32;C:\\Windows;C:\\Windows\\System32\\Wbem;',
  'SystemRoot' => 'C:\\Windows',
  'COMSPEC' => 'C:\\Windows\\system32\\cmd.exe',
  'PATHEXT' => '.COM;.EXE;.BAT;.CMD;.VBS;.VBE;.JS;.JSE;.WSF;.WSH;.MSC',
  'WINDIR' => 'C:\\Windows',
  'SERVER_SIGNATURE' => '',
  'SERVER_SOFTWARE' => 'Apache/2.2.19 (Win32) mod_ssl/2.2.19 OpenSSL/0.9.8r PHP/5.3.28',
  'SERVER_NAME' => 'bag.local',
  'SERVER_ADDR' => '127.0.0.1',
  'SERVER_PORT' => '80',
  'REMOTE_ADDR' => '127.0.0.1',
  'DOCUMENT_ROOT' => 'D:/project/bag',
  'SERVER_ADMIN' => 'admin@pc87.com',
  'SCRIPT_FILENAME' => 'D:/project/bag/core/public/index.php',
  'REMOTE_PORT' => '51372',
  'REDIRECT_URL' => '/core/public/images/logo-mobile.png',
  'GATEWAY_INTERFACE' => 'CGI/1.1',
  'SERVER_PROTOCOL' => 'HTTP/1.1',
  'REQUEST_METHOD' => 'GET',
  'QUERY_STRING' => '',
  'REQUEST_URI' => '/images/logo-mobile.png',
  'SCRIPT_NAME' => '/core/public/index.php',
  'PHP_SELF' => '/core/public/index.php',
  'REQUEST_TIME' => 1418702161,
)</pre></p>﻿Invalid controller specified (images)#0 D:\project\bag\library\framework\Zend\Controller\Front.php(954): Zend_Controller_Dispatcher_Standard->dispatch(Object(Zend_Controller_Request_Http), Object(Zend_Controller_Response_Http))
#1 D:\project\bag\library\framework\Zend\Application\Bootstrap\Bootstrap.php(101): Zend_Controller_Front->dispatch()
#2 D:\project\bag\library\framework\Zend\Application.php(366): Zend_Application_Bootstrap_Bootstrap->run()
#3 D:\project\bag\core\public\index.php(36): Zend_Application->run()
#4 {main}﻿<h1>An error occurred</h1>
<h2>Page not found</h2>
The error is logged. Please come back later.
<h3>Exception information:</h3>
<p>
    <b>Message:</b> Invalid controller specified (images)</p>

<h3>Stack trace:</h3>
<pre>#0 D:\project\bag\library\framework\Zend\Controller\Front.php(954): Zend_Controller_Dispatcher_Standard->dispatch(Object(Zend_Controller_Request_Http), Object(Zend_Controller_Response_Http))
#1 D:\project\bag\library\framework\Zend\Application\Bootstrap\Bootstrap.php(101): Zend_Controller_Front->dispatch()
#2 D:\project\bag\library\framework\Zend\Application.php(366): Zend_Application_Bootstrap_Bootstrap->run()
#3 D:\project\bag\core\public\index.php(36): Zend_Application->run()
#4 {main}</pre>

<h3>Request Parameters:</h3>
<pre>array (
  'controller' => 'images',
  'action' => 'logo-mobile.png',
  'module' => 'home',
)</pre>
<h3>Server information:</h3>
<p>
<pre>array (
  'REDIRECT_REDIRECT_HTTP_APPLICATION_ENV' => 'development',
  'REDIRECT_REDIRECT_HTTP_PROJECT_HOST' => 'bag.local',
  'REDIRECT_REDIRECT_HTTP_APPLICATION_TIMEZONE' => 'Australia/Sydney',
  'REDIRECT_REDIRECT_STATUS' => '200',
  'REDIRECT_HTTP_APPLICATION_ENV' => 'development',
  'REDIRECT_HTTP_PROJECT_HOST' => 'bag.local',
  'REDIRECT_HTTP_APPLICATION_TIMEZONE' => 'Australia/Sydney',
  'REDIRECT_STATUS' => '200',
  'HTTP_APPLICATION_ENV' => 'development',
  'HTTP_PROJECT_HOST' => 'bag.local',
  'HTTP_APPLICATION_TIMEZONE' => 'Australia/Sydney',
  'HTTP_HOST' => 'bag.local',
  'HTTP_USER_AGENT' => 'Mozilla/5.0 (Windows NT 6.1; WOW64; rv:34.0) Gecko/20100101 Firefox/34.0',
  'HTTP_ACCEPT' => 'image/png,image/*;q=0.8,*/*;q=0.5',
  'HTTP_ACCEPT_LANGUAGE' => 'en-US,en;q=0.5',
  'HTTP_ACCEPT_ENCODING' => 'gzip, deflate',
  'HTTP_REFERER' => 'http://bag.local/staff/history?search[field][destination]=&search[date][date_from]=2014-12-09&search[date][date_to]=2014-12-16&search[field][pickup.id]=1&search[field][courier.search_name]=x&search[field][pickup.status]=&search[field][customer.search_name]=a&page=1&btn_submit=Search',
  'HTTP_COOKIE' => 'b6589fc6ab0dc82cf12099d1c2d40ab994e8410c=7lguqv52rqd0a9hcnnvuf0tqp2',
  'HTTP_CONNECTION' => 'keep-alive',
  'PATH' => 'C:\\Program Files (x86)\\NVIDIA Corporation\\PhysX\\Common;C:\\Program Files (x86)\\Intel\\iCLS Client\\;C:\\Program Files\\Intel\\iCLS Client\\;C:\\Windows\\system32;C:\\Windows;C:\\Windows\\System32\\Wbem;C:\\Windows\\System32\\WindowsPowerShell\\v1.0\\;C:\\Program Files\\Intel\\Intel(R) Management Engine Components\\DAL;C:\\Program Files\\Intel\\Intel(R) Management Engine Components\\IPT;C:\\Program Files (x86)\\Intel\\Intel(R) Management Engine Components\\DAL;C:\\Program Files (x86)\\Intel\\Intel(R) Management Engine Components\\IPT;C:\\Program Files (x86)\\Intel\\OpenCL SDK\\2.0\\bin\\x86;C:\\Program Files (x86)\\Intel\\OpenCL SDK\\2.0\\bin\\x64;C:\\Program Files\\TortoiseGit\\bin;D:\\server\\mysql\\bin;C:\\Program Files\\Java\\jdk1.8.0_05;D:\\server\\apache\\bin;D:\\server\\php;D:\\server\\mysql\\bin;C:\\Windows\\system32;C:\\Windows;C:\\Windows\\System32\\Wbem;',
  'SystemRoot' => 'C:\\Windows',
  'COMSPEC' => 'C:\\Windows\\system32\\cmd.exe',
  'PATHEXT' => '.COM;.EXE;.BAT;.CMD;.VBS;.VBE;.JS;.JSE;.WSF;.WSH;.MSC',
  'WINDIR' => 'C:\\Windows',
  'SERVER_SIGNATURE' => '',
  'SERVER_SOFTWARE' => 'Apache/2.2.19 (Win32) mod_ssl/2.2.19 OpenSSL/0.9.8r PHP/5.3.28',
  'SERVER_NAME' => 'bag.local',
  'SERVER_ADDR' => '127.0.0.1',
  'SERVER_PORT' => '80',
  'REMOTE_ADDR' => '127.0.0.1',
  'DOCUMENT_ROOT' => 'D:/project/bag',
  'SERVER_ADMIN' => 'admin@pc87.com',
  'SCRIPT_FILENAME' => 'D:/project/bag/core/public/index.php',
  'REMOTE_PORT' => '51382',
  'REDIRECT_URL' => '/core/public/images/logo-mobile.png',
  'GATEWAY_INTERFACE' => 'CGI/1.1',
  'SERVER_PROTOCOL' => 'HTTP/1.1',
  'REQUEST_METHOD' => 'GET',
  'QUERY_STRING' => '',
  'REQUEST_URI' => '/images/logo-mobile.png',
  'SCRIPT_NAME' => '/core/public/index.php',
  'PHP_SELF' => '/core/public/index.php',
  'REQUEST_TIME' => 1418702184,
)</pre></p>﻿Invalid controller specified (images)#0 D:\project\bag\library\framework\Zend\Controller\Front.php(954): Zend_Controller_Dispatcher_Standard->dispatch(Object(Zend_Controller_Request_Http), Object(Zend_Controller_Response_Http))
#1 D:\project\bag\library\framework\Zend\Application\Bootstrap\Bootstrap.php(101): Zend_Controller_Front->dispatch()
#2 D:\project\bag\library\framework\Zend\Application.php(366): Zend_Application_Bootstrap_Bootstrap->run()
#3 D:\project\bag\core\public\index.php(36): Zend_Application->run()
#4 {main}﻿<h1>An error occurred</h1>
<h2>Page not found</h2>
The error is logged. Please come back later.
<h3>Exception information:</h3>
<p>
    <b>Message:</b> Invalid controller specified (images)</p>

<h3>Stack trace:</h3>
<pre>#0 D:\project\bag\library\framework\Zend\Controller\Front.php(954): Zend_Controller_Dispatcher_Standard->dispatch(Object(Zend_Controller_Request_Http), Object(Zend_Controller_Response_Http))
#1 D:\project\bag\library\framework\Zend\Application\Bootstrap\Bootstrap.php(101): Zend_Controller_Front->dispatch()
#2 D:\project\bag\library\framework\Zend\Application.php(366): Zend_Application_Bootstrap_Bootstrap->run()
#3 D:\project\bag\core\public\index.php(36): Zend_Application->run()
#4 {main}</pre>

<h3>Request Parameters:</h3>
<pre>array (
  'controller' => 'images',
  'action' => 'logo-mobile.png',
  'module' => 'home',
)</pre>
<h3>Server information:</h3>
<p>
<pre>array (
  'REDIRECT_REDIRECT_HTTP_APPLICATION_ENV' => 'development',
  'REDIRECT_REDIRECT_HTTP_PROJECT_HOST' => 'bag.local',
  'REDIRECT_REDIRECT_HTTP_APPLICATION_TIMEZONE' => 'Australia/Sydney',
  'REDIRECT_REDIRECT_STATUS' => '200',
  'REDIRECT_HTTP_APPLICATION_ENV' => 'development',
  'REDIRECT_HTTP_PROJECT_HOST' => 'bag.local',
  'REDIRECT_HTTP_APPLICATION_TIMEZONE' => 'Australia/Sydney',
  'REDIRECT_STATUS' => '200',
  'HTTP_APPLICATION_ENV' => 'development',
  'HTTP_PROJECT_HOST' => 'bag.local',
  'HTTP_APPLICATION_TIMEZONE' => 'Australia/Sydney',
  'HTTP_HOST' => 'bag.local',
  'HTTP_USER_AGENT' => 'Mozilla/5.0 (Windows NT 6.1; WOW64; rv:34.0) Gecko/20100101 Firefox/34.0',
  'HTTP_ACCEPT' => 'image/png,image/*;q=0.8,*/*;q=0.5',
  'HTTP_ACCEPT_LANGUAGE' => 'en-US,en;q=0.5',
  'HTTP_ACCEPT_ENCODING' => 'gzip, deflate',
  'HTTP_REFERER' => 'http://bag.local/staff/history?search[field][destination]=&search[date][date_from]=2014-12-09&search[date][date_to]=2014-12-16&search[field][pickup.id]=1&search[field][courier.search_name]=x&search[field][pickup.status]=&search[field][customer.search_name]=a&page=1&btn_submit=Search',
  'HTTP_COOKIE' => 'b6589fc6ab0dc82cf12099d1c2d40ab994e8410c=7lguqv52rqd0a9hcnnvuf0tqp2',
  'HTTP_CONNECTION' => 'keep-alive',
  'PATH' => 'C:\\Program Files (x86)\\NVIDIA Corporation\\PhysX\\Common;C:\\Program Files (x86)\\Intel\\iCLS Client\\;C:\\Program Files\\Intel\\iCLS Client\\;C:\\Windows\\system32;C:\\Windows;C:\\Windows\\System32\\Wbem;C:\\Windows\\System32\\WindowsPowerShell\\v1.0\\;C:\\Program Files\\Intel\\Intel(R) Management Engine Components\\DAL;C:\\Program Files\\Intel\\Intel(R) Management Engine Components\\IPT;C:\\Program Files (x86)\\Intel\\Intel(R) Management Engine Components\\DAL;C:\\Program Files (x86)\\Intel\\Intel(R) Management Engine Components\\IPT;C:\\Program Files (x86)\\Intel\\OpenCL SDK\\2.0\\bin\\x86;C:\\Program Files (x86)\\Intel\\OpenCL SDK\\2.0\\bin\\x64;C:\\Program Files\\TortoiseGit\\bin;D:\\server\\mysql\\bin;C:\\Program Files\\Java\\jdk1.8.0_05;D:\\server\\apache\\bin;D:\\server\\php;D:\\server\\mysql\\bin;C:\\Windows\\system32;C:\\Windows;C:\\Windows\\System32\\Wbem;',
  'SystemRoot' => 'C:\\Windows',
  'COMSPEC' => 'C:\\Windows\\system32\\cmd.exe',
  'PATHEXT' => '.COM;.EXE;.BAT;.CMD;.VBS;.VBE;.JS;.JSE;.WSF;.WSH;.MSC',
  'WINDIR' => 'C:\\Windows',
  'SERVER_SIGNATURE' => '',
  'SERVER_SOFTWARE' => 'Apache/2.2.19 (Win32) mod_ssl/2.2.19 OpenSSL/0.9.8r PHP/5.3.28',
  'SERVER_NAME' => 'bag.local',
  'SERVER_ADDR' => '127.0.0.1',
  'SERVER_PORT' => '80',
  'REMOTE_ADDR' => '127.0.0.1',
  'DOCUMENT_ROOT' => 'D:/project/bag',
  'SERVER_ADMIN' => 'admin@pc87.com',
  'SCRIPT_FILENAME' => 'D:/project/bag/core/public/index.php',
  'REMOTE_PORT' => '51389',
  'REDIRECT_URL' => '/core/public/images/logo-mobile.png',
  'GATEWAY_INTERFACE' => 'CGI/1.1',
  'SERVER_PROTOCOL' => 'HTTP/1.1',
  'REQUEST_METHOD' => 'GET',
  'QUERY_STRING' => '',
  'REQUEST_URI' => '/images/logo-mobile.png',
  'SCRIPT_NAME' => '/core/public/index.php',
  'PHP_SELF' => '/core/public/index.php',
  'REQUEST_TIME' => 1418702270,
)</pre></p>﻿Invalid controller specified (images)#0 D:\project\bag\library\framework\Zend\Controller\Front.php(954): Zend_Controller_Dispatcher_Standard->dispatch(Object(Zend_Controller_Request_Http), Object(Zend_Controller_Response_Http))
#1 D:\project\bag\library\framework\Zend\Application\Bootstrap\Bootstrap.php(101): Zend_Controller_Front->dispatch()
#2 D:\project\bag\library\framework\Zend\Application.php(366): Zend_Application_Bootstrap_Bootstrap->run()
#3 D:\project\bag\core\public\index.php(36): Zend_Application->run()
#4 {main}﻿<h1>An error occurred</h1>
<h2>Page not found</h2>
The error is logged. Please come back later.
<h3>Exception information:</h3>
<p>
    <b>Message:</b> Invalid controller specified (images)</p>

<h3>Stack trace:</h3>
<pre>#0 D:\project\bag\library\framework\Zend\Controller\Front.php(954): Zend_Controller_Dispatcher_Standard->dispatch(Object(Zend_Controller_Request_Http), Object(Zend_Controller_Response_Http))
#1 D:\project\bag\library\framework\Zend\Application\Bootstrap\Bootstrap.php(101): Zend_Controller_Front->dispatch()
#2 D:\project\bag\library\framework\Zend\Application.php(366): Zend_Application_Bootstrap_Bootstrap->run()
#3 D:\project\bag\core\public\index.php(36): Zend_Application->run()
#4 {main}</pre>

<h3>Request Parameters:</h3>
<pre>array (
  'controller' => 'images',
  'action' => 'logo-mobile.png',
  'module' => 'home',
)</pre>
<h3>Server information:</h3>
<p>
<pre>array (
  'REDIRECT_REDIRECT_HTTP_APPLICATION_ENV' => 'development',
  'REDIRECT_REDIRECT_HTTP_PROJECT_HOST' => 'bag.local',
  'REDIRECT_REDIRECT_HTTP_APPLICATION_TIMEZONE' => 'Australia/Sydney',
  'REDIRECT_REDIRECT_STATUS' => '200',
  'REDIRECT_HTTP_APPLICATION_ENV' => 'development',
  'REDIRECT_HTTP_PROJECT_HOST' => 'bag.local',
  'REDIRECT_HTTP_APPLICATION_TIMEZONE' => 'Australia/Sydney',
  'REDIRECT_STATUS' => '200',
  'HTTP_APPLICATION_ENV' => 'development',
  'HTTP_PROJECT_HOST' => 'bag.local',
  'HTTP_APPLICATION_TIMEZONE' => 'Australia/Sydney',
  'HTTP_HOST' => 'bag.local',
  'HTTP_USER_AGENT' => 'Mozilla/5.0 (Windows NT 6.1; WOW64; rv:34.0) Gecko/20100101 Firefox/34.0',
  'HTTP_ACCEPT' => 'image/png,image/*;q=0.8,*/*;q=0.5',
  'HTTP_ACCEPT_LANGUAGE' => 'en-US,en;q=0.5',
  'HTTP_ACCEPT_ENCODING' => 'gzip, deflate',
  'HTTP_REFERER' => 'http://bag.local/staff/history?search[field][destination]=&search[date][date_from]=2014-12-09&search[date][date_to]=2014-12-16&search[field][pickup.id]=1&search[field][courier.search_name]=x&search[field][pickup.status]=&search[field][customer.search_name]=a&page=1&btn_submit=Search',
  'HTTP_COOKIE' => 'b6589fc6ab0dc82cf12099d1c2d40ab994e8410c=7lguqv52rqd0a9hcnnvuf0tqp2',
  'HTTP_CONNECTION' => 'keep-alive',
  'PATH' => 'C:\\Program Files (x86)\\NVIDIA Corporation\\PhysX\\Common;C:\\Program Files (x86)\\Intel\\iCLS Client\\;C:\\Program Files\\Intel\\iCLS Client\\;C:\\Windows\\system32;C:\\Windows;C:\\Windows\\System32\\Wbem;C:\\Windows\\System32\\WindowsPowerShell\\v1.0\\;C:\\Program Files\\Intel\\Intel(R) Management Engine Components\\DAL;C:\\Program Files\\Intel\\Intel(R) Management Engine Components\\IPT;C:\\Program Files (x86)\\Intel\\Intel(R) Management Engine Components\\DAL;C:\\Program Files (x86)\\Intel\\Intel(R) Management Engine Components\\IPT;C:\\Program Files (x86)\\Intel\\OpenCL SDK\\2.0\\bin\\x86;C:\\Program Files (x86)\\Intel\\OpenCL SDK\\2.0\\bin\\x64;C:\\Program Files\\TortoiseGit\\bin;D:\\server\\mysql\\bin;C:\\Program Files\\Java\\jdk1.8.0_05;D:\\server\\apache\\bin;D:\\server\\php;D:\\server\\mysql\\bin;C:\\Windows\\system32;C:\\Windows;C:\\Windows\\System32\\Wbem;',
  'SystemRoot' => 'C:\\Windows',
  'COMSPEC' => 'C:\\Windows\\system32\\cmd.exe',
  'PATHEXT' => '.COM;.EXE;.BAT;.CMD;.VBS;.VBE;.JS;.JSE;.WSF;.WSH;.MSC',
  'WINDIR' => 'C:\\Windows',
  'SERVER_SIGNATURE' => '',
  'SERVER_SOFTWARE' => 'Apache/2.2.19 (Win32) mod_ssl/2.2.19 OpenSSL/0.9.8r PHP/5.3.28',
  'SERVER_NAME' => 'bag.local',
  'SERVER_ADDR' => '127.0.0.1',
  'SERVER_PORT' => '80',
  'REMOTE_ADDR' => '127.0.0.1',
  'DOCUMENT_ROOT' => 'D:/project/bag',
  'SERVER_ADMIN' => 'admin@pc87.com',
  'SCRIPT_FILENAME' => 'D:/project/bag/core/public/index.php',
  'REMOTE_PORT' => '51396',
  'REDIRECT_URL' => '/core/public/images/logo-mobile.png',
  'GATEWAY_INTERFACE' => 'CGI/1.1',
  'SERVER_PROTOCOL' => 'HTTP/1.1',
  'REQUEST_METHOD' => 'GET',
  'QUERY_STRING' => '',
  'REQUEST_URI' => '/images/logo-mobile.png',
  'SCRIPT_NAME' => '/core/public/index.php',
  'PHP_SELF' => '/core/public/index.php',
  'REQUEST_TIME' => 1418702298,
)</pre></p>﻿Invalid controller specified (images)#0 D:\project\bag\library\framework\Zend\Controller\Front.php(954): Zend_Controller_Dispatcher_Standard->dispatch(Object(Zend_Controller_Request_Http), Object(Zend_Controller_Response_Http))
#1 D:\project\bag\library\framework\Zend\Application\Bootstrap\Bootstrap.php(101): Zend_Controller_Front->dispatch()
#2 D:\project\bag\library\framework\Zend\Application.php(366): Zend_Application_Bootstrap_Bootstrap->run()
#3 D:\project\bag\core\public\index.php(36): Zend_Application->run()
#4 {main}﻿<h1>An error occurred</h1>
<h2>Page not found</h2>
The error is logged. Please come back later.
<h3>Exception information:</h3>
<p>
    <b>Message:</b> Invalid controller specified (images)</p>

<h3>Stack trace:</h3>
<pre>#0 D:\project\bag\library\framework\Zend\Controller\Front.php(954): Zend_Controller_Dispatcher_Standard->dispatch(Object(Zend_Controller_Request_Http), Object(Zend_Controller_Response_Http))
#1 D:\project\bag\library\framework\Zend\Application\Bootstrap\Bootstrap.php(101): Zend_Controller_Front->dispatch()
#2 D:\project\bag\library\framework\Zend\Application.php(366): Zend_Application_Bootstrap_Bootstrap->run()
#3 D:\project\bag\core\public\index.php(36): Zend_Application->run()
#4 {main}</pre>

<h3>Request Parameters:</h3>
<pre>array (
  'controller' => 'images',
  'action' => 'logo-mobile.png',
  'module' => 'home',
)</pre>
<h3>Server information:</h3>
<p>
<pre>array (
  'REDIRECT_REDIRECT_HTTP_APPLICATION_ENV' => 'development',
  'REDIRECT_REDIRECT_HTTP_PROJECT_HOST' => 'bag.local',
  'REDIRECT_REDIRECT_HTTP_APPLICATION_TIMEZONE' => 'Australia/Sydney',
  'REDIRECT_REDIRECT_STATUS' => '200',
  'REDIRECT_HTTP_APPLICATION_ENV' => 'development',
  'REDIRECT_HTTP_PROJECT_HOST' => 'bag.local',
  'REDIRECT_HTTP_APPLICATION_TIMEZONE' => 'Australia/Sydney',
  'REDIRECT_STATUS' => '200',
  'HTTP_APPLICATION_ENV' => 'development',
  'HTTP_PROJECT_HOST' => 'bag.local',
  'HTTP_APPLICATION_TIMEZONE' => 'Australia/Sydney',
  'HTTP_HOST' => 'bag.local',
  'HTTP_USER_AGENT' => 'Mozilla/5.0 (Windows NT 6.1; WOW64; rv:34.0) Gecko/20100101 Firefox/34.0',
  'HTTP_ACCEPT' => 'image/png,image/*;q=0.8,*/*;q=0.5',
  'HTTP_ACCEPT_LANGUAGE' => 'en-US,en;q=0.5',
  'HTTP_ACCEPT_ENCODING' => 'gzip, deflate',
  'HTTP_REFERER' => 'http://bag.local/staff/history?search[field][destination]=&search[date][date_from]=2014-12-09&search[date][date_to]=2014-12-16&search[field][pickup.id]=1&search[field][courier.search_name]=x&search[field][pickup.status]=&search[field][customer.search_name]=a&page=1&btn_submit=Search',
  'HTTP_COOKIE' => 'b6589fc6ab0dc82cf12099d1c2d40ab994e8410c=7lguqv52rqd0a9hcnnvuf0tqp2',
  'HTTP_CONNECTION' => 'keep-alive',
  'PATH' => 'C:\\Program Files (x86)\\NVIDIA Corporation\\PhysX\\Common;C:\\Program Files (x86)\\Intel\\iCLS Client\\;C:\\Program Files\\Intel\\iCLS Client\\;C:\\Windows\\system32;C:\\Windows;C:\\Windows\\System32\\Wbem;C:\\Windows\\System32\\WindowsPowerShell\\v1.0\\;C:\\Program Files\\Intel\\Intel(R) Management Engine Components\\DAL;C:\\Program Files\\Intel\\Intel(R) Management Engine Components\\IPT;C:\\Program Files (x86)\\Intel\\Intel(R) Management Engine Components\\DAL;C:\\Program Files (x86)\\Intel\\Intel(R) Management Engine Components\\IPT;C:\\Program Files (x86)\\Intel\\OpenCL SDK\\2.0\\bin\\x86;C:\\Program Files (x86)\\Intel\\OpenCL SDK\\2.0\\bin\\x64;C:\\Program Files\\TortoiseGit\\bin;D:\\server\\mysql\\bin;C:\\Program Files\\Java\\jdk1.8.0_05;D:\\server\\apache\\bin;D:\\server\\php;D:\\server\\mysql\\bin;C:\\Windows\\system32;C:\\Windows;C:\\Windows\\System32\\Wbem;',
  'SystemRoot' => 'C:\\Windows',
  'COMSPEC' => 'C:\\Windows\\system32\\cmd.exe',
  'PATHEXT' => '.COM;.EXE;.BAT;.CMD;.VBS;.VBE;.JS;.JSE;.WSF;.WSH;.MSC',
  'WINDIR' => 'C:\\Windows',
  'SERVER_SIGNATURE' => '',
  'SERVER_SOFTWARE' => 'Apache/2.2.19 (Win32) mod_ssl/2.2.19 OpenSSL/0.9.8r PHP/5.3.28',
  'SERVER_NAME' => 'bag.local',
  'SERVER_ADDR' => '127.0.0.1',
  'SERVER_PORT' => '80',
  'REMOTE_ADDR' => '127.0.0.1',
  'DOCUMENT_ROOT' => 'D:/project/bag',
  'SERVER_ADMIN' => 'admin@pc87.com',
  'SCRIPT_FILENAME' => 'D:/project/bag/core/public/index.php',
  'REMOTE_PORT' => '51411',
  'REDIRECT_URL' => '/core/public/images/logo-mobile.png',
  'GATEWAY_INTERFACE' => 'CGI/1.1',
  'SERVER_PROTOCOL' => 'HTTP/1.1',
  'REQUEST_METHOD' => 'GET',
  'QUERY_STRING' => '',
  'REQUEST_URI' => '/images/logo-mobile.png',
  'SCRIPT_NAME' => '/core/public/index.php',
  'PHP_SELF' => '/core/public/index.php',
  'REQUEST_TIME' => 1418702316,
)</pre></p>﻿Invalid controller specified (images)#0 D:\project\bag\library\framework\Zend\Controller\Front.php(954): Zend_Controller_Dispatcher_Standard->dispatch(Object(Zend_Controller_Request_Http), Object(Zend_Controller_Response_Http))
#1 D:\project\bag\library\framework\Zend\Application\Bootstrap\Bootstrap.php(101): Zend_Controller_Front->dispatch()
#2 D:\project\bag\library\framework\Zend\Application.php(366): Zend_Application_Bootstrap_Bootstrap->run()
#3 D:\project\bag\core\public\index.php(36): Zend_Application->run()
#4 {main}﻿<h1>An error occurred</h1>
<h2>Page not found</h2>
The error is logged. Please come back later.
<h3>Exception information:</h3>
<p>
    <b>Message:</b> Invalid controller specified (images)</p>

<h3>Stack trace:</h3>
<pre>#0 D:\project\bag\library\framework\Zend\Controller\Front.php(954): Zend_Controller_Dispatcher_Standard->dispatch(Object(Zend_Controller_Request_Http), Object(Zend_Controller_Response_Http))
#1 D:\project\bag\library\framework\Zend\Application\Bootstrap\Bootstrap.php(101): Zend_Controller_Front->dispatch()
#2 D:\project\bag\library\framework\Zend\Application.php(366): Zend_Application_Bootstrap_Bootstrap->run()
#3 D:\project\bag\core\public\index.php(36): Zend_Application->run()
#4 {main}</pre>

<h3>Request Parameters:</h3>
<pre>array (
  'controller' => 'images',
  'action' => 'logo-mobile.png',
  'module' => 'home',
)</pre>
<h3>Server information:</h3>
<p>
<pre>array (
  'REDIRECT_REDIRECT_HTTP_APPLICATION_ENV' => 'development',
  'REDIRECT_REDIRECT_HTTP_PROJECT_HOST' => 'bag.local',
  'REDIRECT_REDIRECT_HTTP_APPLICATION_TIMEZONE' => 'Australia/Sydney',
  'REDIRECT_REDIRECT_STATUS' => '200',
  'REDIRECT_HTTP_APPLICATION_ENV' => 'development',
  'REDIRECT_HTTP_PROJECT_HOST' => 'bag.local',
  'REDIRECT_HTTP_APPLICATION_TIMEZONE' => 'Australia/Sydney',
  'REDIRECT_STATUS' => '200',
  'HTTP_APPLICATION_ENV' => 'development',
  'HTTP_PROJECT_HOST' => 'bag.local',
  'HTTP_APPLICATION_TIMEZONE' => 'Australia/Sydney',
  'HTTP_HOST' => 'bag.local',
  'HTTP_USER_AGENT' => 'Mozilla/5.0 (Windows NT 6.1; WOW64; rv:34.0) Gecko/20100101 Firefox/34.0',
  'HTTP_ACCEPT' => 'image/png,image/*;q=0.8,*/*;q=0.5',
  'HTTP_ACCEPT_LANGUAGE' => 'en-US,en;q=0.5',
  'HTTP_ACCEPT_ENCODING' => 'gzip, deflate',
  'HTTP_REFERER' => 'http://bag.local/staff/history?search[field][destination]=&search[date][date_from]=2014-12-09&search[date][date_to]=2014-12-16&search[field][pickup.id]=1&search[field][courier.search_name]=x&search[field][pickup.status]=&search[field][customer.search_name]=a&page=1&btn_submit=Search',
  'HTTP_COOKIE' => 'b6589fc6ab0dc82cf12099d1c2d40ab994e8410c=7lguqv52rqd0a9hcnnvuf0tqp2',
  'HTTP_CONNECTION' => 'keep-alive',
  'PATH' => 'C:\\Program Files (x86)\\NVIDIA Corporation\\PhysX\\Common;C:\\Program Files (x86)\\Intel\\iCLS Client\\;C:\\Program Files\\Intel\\iCLS Client\\;C:\\Windows\\system32;C:\\Windows;C:\\Windows\\System32\\Wbem;C:\\Windows\\System32\\WindowsPowerShell\\v1.0\\;C:\\Program Files\\Intel\\Intel(R) Management Engine Components\\DAL;C:\\Program Files\\Intel\\Intel(R) Management Engine Components\\IPT;C:\\Program Files (x86)\\Intel\\Intel(R) Management Engine Components\\DAL;C:\\Program Files (x86)\\Intel\\Intel(R) Management Engine Components\\IPT;C:\\Program Files (x86)\\Intel\\OpenCL SDK\\2.0\\bin\\x86;C:\\Program Files (x86)\\Intel\\OpenCL SDK\\2.0\\bin\\x64;C:\\Program Files\\TortoiseGit\\bin;D:\\server\\mysql\\bin;C:\\Program Files\\Java\\jdk1.8.0_05;D:\\server\\apache\\bin;D:\\server\\php;D:\\server\\mysql\\bin;C:\\Windows\\system32;C:\\Windows;C:\\Windows\\System32\\Wbem;',
  'SystemRoot' => 'C:\\Windows',
  'COMSPEC' => 'C:\\Windows\\system32\\cmd.exe',
  'PATHEXT' => '.COM;.EXE;.BAT;.CMD;.VBS;.VBE;.JS;.JSE;.WSF;.WSH;.MSC',
  'WINDIR' => 'C:\\Windows',
  'SERVER_SIGNATURE' => '',
  'SERVER_SOFTWARE' => 'Apache/2.2.19 (Win32) mod_ssl/2.2.19 OpenSSL/0.9.8r PHP/5.3.28',
  'SERVER_NAME' => 'bag.local',
  'SERVER_ADDR' => '127.0.0.1',
  'SERVER_PORT' => '80',
  'REMOTE_ADDR' => '127.0.0.1',
  'DOCUMENT_ROOT' => 'D:/project/bag',
  'SERVER_ADMIN' => 'admin@pc87.com',
  'SCRIPT_FILENAME' => 'D:/project/bag/core/public/index.php',
  'REMOTE_PORT' => '51424',
  'REDIRECT_URL' => '/core/public/images/logo-mobile.png',
  'GATEWAY_INTERFACE' => 'CGI/1.1',
  'SERVER_PROTOCOL' => 'HTTP/1.1',
  'REQUEST_METHOD' => 'GET',
  'QUERY_STRING' => '',
  'REQUEST_URI' => '/images/logo-mobile.png',
  'SCRIPT_NAME' => '/core/public/index.php',
  'PHP_SELF' => '/core/public/index.php',
  'REQUEST_TIME' => 1418702345,
)</pre></p>﻿Invalid controller specified (images)#0 D:\project\bag\library\framework\Zend\Controller\Front.php(954): Zend_Controller_Dispatcher_Standard->dispatch(Object(Zend_Controller_Request_Http), Object(Zend_Controller_Response_Http))
#1 D:\project\bag\library\framework\Zend\Application\Bootstrap\Bootstrap.php(101): Zend_Controller_Front->dispatch()
#2 D:\project\bag\library\framework\Zend\Application.php(366): Zend_Application_Bootstrap_Bootstrap->run()
#3 D:\project\bag\core\public\index.php(36): Zend_Application->run()
#4 {main}﻿<h1>An error occurred</h1>
<h2>Page not found</h2>
The error is logged. Please come back later.
<h3>Exception information:</h3>
<p>
    <b>Message:</b> Invalid controller specified (images)</p>

<h3>Stack trace:</h3>
<pre>#0 D:\project\bag\library\framework\Zend\Controller\Front.php(954): Zend_Controller_Dispatcher_Standard->dispatch(Object(Zend_Controller_Request_Http), Object(Zend_Controller_Response_Http))
#1 D:\project\bag\library\framework\Zend\Application\Bootstrap\Bootstrap.php(101): Zend_Controller_Front->dispatch()
#2 D:\project\bag\library\framework\Zend\Application.php(366): Zend_Application_Bootstrap_Bootstrap->run()
#3 D:\project\bag\core\public\index.php(36): Zend_Application->run()
#4 {main}</pre>

<h3>Request Parameters:</h3>
<pre>array (
  'controller' => 'images',
  'action' => 'logo-mobile.png',
  'module' => 'home',
)</pre>
<h3>Server information:</h3>
<p>
<pre>array (
  'REDIRECT_REDIRECT_HTTP_APPLICATION_ENV' => 'development',
  'REDIRECT_REDIRECT_HTTP_PROJECT_HOST' => 'bag.local',
  'REDIRECT_REDIRECT_HTTP_APPLICATION_TIMEZONE' => 'Australia/Sydney',
  'REDIRECT_REDIRECT_STATUS' => '200',
  'REDIRECT_HTTP_APPLICATION_ENV' => 'development',
  'REDIRECT_HTTP_PROJECT_HOST' => 'bag.local',
  'REDIRECT_HTTP_APPLICATION_TIMEZONE' => 'Australia/Sydney',
  'REDIRECT_STATUS' => '200',
  'HTTP_APPLICATION_ENV' => 'development',
  'HTTP_PROJECT_HOST' => 'bag.local',
  'HTTP_APPLICATION_TIMEZONE' => 'Australia/Sydney',
  'HTTP_HOST' => 'bag.local',
  'HTTP_USER_AGENT' => 'Mozilla/5.0 (Windows NT 6.1; WOW64; rv:34.0) Gecko/20100101 Firefox/34.0',
  'HTTP_ACCEPT' => 'image/png,image/*;q=0.8,*/*;q=0.5',
  'HTTP_ACCEPT_LANGUAGE' => 'en-US,en;q=0.5',
  'HTTP_ACCEPT_ENCODING' => 'gzip, deflate',
  'HTTP_REFERER' => 'http://bag.local/staff/history?search[field][destination]=&search[date][date_from]=2014-12-09&search[date][date_to]=2014-12-16&search[field][pickup.id]=1&search[field][courier.search_name]=x&search[field][pickup.status]=&search[field][customer.search_name]=a&page=1&btn_submit=Search',
  'HTTP_COOKIE' => 'b6589fc6ab0dc82cf12099d1c2d40ab994e8410c=7lguqv52rqd0a9hcnnvuf0tqp2',
  'HTTP_CONNECTION' => 'keep-alive',
  'PATH' => 'C:\\Program Files (x86)\\NVIDIA Corporation\\PhysX\\Common;C:\\Program Files (x86)\\Intel\\iCLS Client\\;C:\\Program Files\\Intel\\iCLS Client\\;C:\\Windows\\system32;C:\\Windows;C:\\Windows\\System32\\Wbem;C:\\Windows\\System32\\WindowsPowerShell\\v1.0\\;C:\\Program Files\\Intel\\Intel(R) Management Engine Components\\DAL;C:\\Program Files\\Intel\\Intel(R) Management Engine Components\\IPT;C:\\Program Files (x86)\\Intel\\Intel(R) Management Engine Components\\DAL;C:\\Program Files (x86)\\Intel\\Intel(R) Management Engine Components\\IPT;C:\\Program Files (x86)\\Intel\\OpenCL SDK\\2.0\\bin\\x86;C:\\Program Files (x86)\\Intel\\OpenCL SDK\\2.0\\bin\\x64;C:\\Program Files\\TortoiseGit\\bin;D:\\server\\mysql\\bin;C:\\Program Files\\Java\\jdk1.8.0_05;D:\\server\\apache\\bin;D:\\server\\php;D:\\server\\mysql\\bin;C:\\Windows\\system32;C:\\Windows;C:\\Windows\\System32\\Wbem;',
  'SystemRoot' => 'C:\\Windows',
  'COMSPEC' => 'C:\\Windows\\system32\\cmd.exe',
  'PATHEXT' => '.COM;.EXE;.BAT;.CMD;.VBS;.VBE;.JS;.JSE;.WSF;.WSH;.MSC',
  'WINDIR' => 'C:\\Windows',
  'SERVER_SIGNATURE' => '',
  'SERVER_SOFTWARE' => 'Apache/2.2.19 (Win32) mod_ssl/2.2.19 OpenSSL/0.9.8r PHP/5.3.28',
  'SERVER_NAME' => 'bag.local',
  'SERVER_ADDR' => '127.0.0.1',
  'SERVER_PORT' => '80',
  'REMOTE_ADDR' => '127.0.0.1',
  'DOCUMENT_ROOT' => 'D:/project/bag',
  'SERVER_ADMIN' => 'admin@pc87.com',
  'SCRIPT_FILENAME' => 'D:/project/bag/core/public/index.php',
  'REMOTE_PORT' => '51428',
  'REDIRECT_URL' => '/core/public/images/logo-mobile.png',
  'GATEWAY_INTERFACE' => 'CGI/1.1',
  'SERVER_PROTOCOL' => 'HTTP/1.1',
  'REQUEST_METHOD' => 'GET',
  'QUERY_STRING' => '',
  'REQUEST_URI' => '/images/logo-mobile.png',
  'SCRIPT_NAME' => '/core/public/index.php',
  'PHP_SELF' => '/core/public/index.php',
  'REQUEST_TIME' => 1418702353,
)</pre></p>﻿Invalid controller specified (images)#0 D:\project\bag\library\framework\Zend\Controller\Front.php(954): Zend_Controller_Dispatcher_Standard->dispatch(Object(Zend_Controller_Request_Http), Object(Zend_Controller_Response_Http))
#1 D:\project\bag\library\framework\Zend\Application\Bootstrap\Bootstrap.php(101): Zend_Controller_Front->dispatch()
#2 D:\project\bag\library\framework\Zend\Application.php(366): Zend_Application_Bootstrap_Bootstrap->run()
#3 D:\project\bag\core\public\index.php(36): Zend_Application->run()
#4 {main}﻿<h1>An error occurred</h1>
<h2>Page not found</h2>
The error is logged. Please come back later.
<h3>Exception information:</h3>
<p>
    <b>Message:</b> Invalid controller specified (images)</p>

<h3>Stack trace:</h3>
<pre>#0 D:\project\bag\library\framework\Zend\Controller\Front.php(954): Zend_Controller_Dispatcher_Standard->dispatch(Object(Zend_Controller_Request_Http), Object(Zend_Controller_Response_Http))
#1 D:\project\bag\library\framework\Zend\Application\Bootstrap\Bootstrap.php(101): Zend_Controller_Front->dispatch()
#2 D:\project\bag\library\framework\Zend\Application.php(366): Zend_Application_Bootstrap_Bootstrap->run()
#3 D:\project\bag\core\public\index.php(36): Zend_Application->run()
#4 {main}</pre>

<h3>Request Parameters:</h3>
<pre>array (
  'controller' => 'images',
  'action' => 'logo-mobile.png',
  'module' => 'home',
)</pre>
<h3>Server information:</h3>
<p>
<pre>array (
  'REDIRECT_REDIRECT_HTTP_APPLICATION_ENV' => 'development',
  'REDIRECT_REDIRECT_HTTP_PROJECT_HOST' => 'bag.local',
  'REDIRECT_REDIRECT_HTTP_APPLICATION_TIMEZONE' => 'Australia/Sydney',
  'REDIRECT_REDIRECT_STATUS' => '200',
  'REDIRECT_HTTP_APPLICATION_ENV' => 'development',
  'REDIRECT_HTTP_PROJECT_HOST' => 'bag.local',
  'REDIRECT_HTTP_APPLICATION_TIMEZONE' => 'Australia/Sydney',
  'REDIRECT_STATUS' => '200',
  'HTTP_APPLICATION_ENV' => 'development',
  'HTTP_PROJECT_HOST' => 'bag.local',
  'HTTP_APPLICATION_TIMEZONE' => 'Australia/Sydney',
  'HTTP_HOST' => 'bag.local',
  'HTTP_USER_AGENT' => 'Mozilla/5.0 (Windows NT 6.1; WOW64; rv:34.0) Gecko/20100101 Firefox/34.0',
  'HTTP_ACCEPT' => 'image/png,image/*;q=0.8,*/*;q=0.5',
  'HTTP_ACCEPT_LANGUAGE' => 'en-US,en;q=0.5',
  'HTTP_ACCEPT_ENCODING' => 'gzip, deflate',
  'HTTP_REFERER' => 'http://bag.local/staff/history?search[field][destination]=&search[date][date_from]=2014-12-09&search[date][date_to]=2014-12-16&search[field][pickup.id]=1&search[field][courier.search_name]=x&search[field][pickup.status]=&search[field][customer.search_name]=a&page=1&btn_submit=Search',
  'HTTP_COOKIE' => 'b6589fc6ab0dc82cf12099d1c2d40ab994e8410c=7lguqv52rqd0a9hcnnvuf0tqp2',
  'HTTP_CONNECTION' => 'keep-alive',
  'PATH' => 'C:\\Program Files (x86)\\NVIDIA Corporation\\PhysX\\Common;C:\\Program Files (x86)\\Intel\\iCLS Client\\;C:\\Program Files\\Intel\\iCLS Client\\;C:\\Windows\\system32;C:\\Windows;C:\\Windows\\System32\\Wbem;C:\\Windows\\System32\\WindowsPowerShell\\v1.0\\;C:\\Program Files\\Intel\\Intel(R) Management Engine Components\\DAL;C:\\Program Files\\Intel\\Intel(R) Management Engine Components\\IPT;C:\\Program Files (x86)\\Intel\\Intel(R) Management Engine Components\\DAL;C:\\Program Files (x86)\\Intel\\Intel(R) Management Engine Components\\IPT;C:\\Program Files (x86)\\Intel\\OpenCL SDK\\2.0\\bin\\x86;C:\\Program Files (x86)\\Intel\\OpenCL SDK\\2.0\\bin\\x64;C:\\Program Files\\TortoiseGit\\bin;D:\\server\\mysql\\bin;C:\\Program Files\\Java\\jdk1.8.0_05;D:\\server\\apache\\bin;D:\\server\\php;D:\\server\\mysql\\bin;C:\\Windows\\system32;C:\\Windows;C:\\Windows\\System32\\Wbem;',
  'SystemRoot' => 'C:\\Windows',
  'COMSPEC' => 'C:\\Windows\\system32\\cmd.exe',
  'PATHEXT' => '.COM;.EXE;.BAT;.CMD;.VBS;.VBE;.JS;.JSE;.WSF;.WSH;.MSC',
  'WINDIR' => 'C:\\Windows',
  'SERVER_SIGNATURE' => '',
  'SERVER_SOFTWARE' => 'Apache/2.2.19 (Win32) mod_ssl/2.2.19 OpenSSL/0.9.8r PHP/5.3.28',
  'SERVER_NAME' => 'bag.local',
  'SERVER_ADDR' => '127.0.0.1',
  'SERVER_PORT' => '80',
  'REMOTE_ADDR' => '127.0.0.1',
  'DOCUMENT_ROOT' => 'D:/project/bag',
  'SERVER_ADMIN' => 'admin@pc87.com',
  'SCRIPT_FILENAME' => 'D:/project/bag/core/public/index.php',
  'REMOTE_PORT' => '51437',
  'REDIRECT_URL' => '/core/public/images/logo-mobile.png',
  'GATEWAY_INTERFACE' => 'CGI/1.1',
  'SERVER_PROTOCOL' => 'HTTP/1.1',
  'REQUEST_METHOD' => 'GET',
  'QUERY_STRING' => '',
  'REQUEST_URI' => '/images/logo-mobile.png',
  'SCRIPT_NAME' => '/core/public/index.php',
  'PHP_SELF' => '/core/public/index.php',
  'REQUEST_TIME' => 1418702363,
)</pre></p>﻿Invalid controller specified (images)#0 D:\project\bag\library\framework\Zend\Controller\Front.php(954): Zend_Controller_Dispatcher_Standard->dispatch(Object(Zend_Controller_Request_Http), Object(Zend_Controller_Response_Http))
#1 D:\project\bag\library\framework\Zend\Application\Bootstrap\Bootstrap.php(101): Zend_Controller_Front->dispatch()
#2 D:\project\bag\library\framework\Zend\Application.php(366): Zend_Application_Bootstrap_Bootstrap->run()
#3 D:\project\bag\core\public\index.php(36): Zend_Application->run()
#4 {main}﻿<h1>An error occurred</h1>
<h2>Page not found</h2>
The error is logged. Please come back later.
<h3>Exception information:</h3>
<p>
    <b>Message:</b> Invalid controller specified (images)</p>

<h3>Stack trace:</h3>
<pre>#0 D:\project\bag\library\framework\Zend\Controller\Front.php(954): Zend_Controller_Dispatcher_Standard->dispatch(Object(Zend_Controller_Request_Http), Object(Zend_Controller_Response_Http))
#1 D:\project\bag\library\framework\Zend\Application\Bootstrap\Bootstrap.php(101): Zend_Controller_Front->dispatch()
#2 D:\project\bag\library\framework\Zend\Application.php(366): Zend_Application_Bootstrap_Bootstrap->run()
#3 D:\project\bag\core\public\index.php(36): Zend_Application->run()
#4 {main}</pre>

<h3>Request Parameters:</h3>
<pre>array (
  'controller' => 'images',
  'action' => 'logo-mobile.png',
  'module' => 'home',
)</pre>
<h3>Server information:</h3>
<p>
<pre>array (
  'REDIRECT_REDIRECT_HTTP_APPLICATION_ENV' => 'development',
  'REDIRECT_REDIRECT_HTTP_PROJECT_HOST' => 'bag.local',
  'REDIRECT_REDIRECT_HTTP_APPLICATION_TIMEZONE' => 'Australia/Sydney',
  'REDIRECT_REDIRECT_STATUS' => '200',
  'REDIRECT_HTTP_APPLICATION_ENV' => 'development',
  'REDIRECT_HTTP_PROJECT_HOST' => 'bag.local',
  'REDIRECT_HTTP_APPLICATION_TIMEZONE' => 'Australia/Sydney',
  'REDIRECT_STATUS' => '200',
  'HTTP_APPLICATION_ENV' => 'development',
  'HTTP_PROJECT_HOST' => 'bag.local',
  'HTTP_APPLICATION_TIMEZONE' => 'Australia/Sydney',
  'HTTP_HOST' => 'bag.local',
  'HTTP_USER_AGENT' => 'Mozilla/5.0 (Windows NT 6.1; WOW64; rv:34.0) Gecko/20100101 Firefox/34.0',
  'HTTP_ACCEPT' => 'image/png,image/*;q=0.8,*/*;q=0.5',
  'HTTP_ACCEPT_LANGUAGE' => 'en-US,en;q=0.5',
  'HTTP_ACCEPT_ENCODING' => 'gzip, deflate',
  'HTTP_REFERER' => 'http://bag.local/staff/history?search[field][destination]=&search[date][date_from]=2014-12-09&search[date][date_to]=2014-12-16&search[field][pickup.id]=1&search[field][courier.search_name]=x&search[field][pickup.status]=&search[field][customer.search_name]=a&page=1&btn_submit=Search',
  'HTTP_COOKIE' => 'b6589fc6ab0dc82cf12099d1c2d40ab994e8410c=7lguqv52rqd0a9hcnnvuf0tqp2',
  'HTTP_CONNECTION' => 'keep-alive',
  'PATH' => 'C:\\Program Files (x86)\\NVIDIA Corporation\\PhysX\\Common;C:\\Program Files (x86)\\Intel\\iCLS Client\\;C:\\Program Files\\Intel\\iCLS Client\\;C:\\Windows\\system32;C:\\Windows;C:\\Windows\\System32\\Wbem;C:\\Windows\\System32\\WindowsPowerShell\\v1.0\\;C:\\Program Files\\Intel\\Intel(R) Management Engine Components\\DAL;C:\\Program Files\\Intel\\Intel(R) Management Engine Components\\IPT;C:\\Program Files (x86)\\Intel\\Intel(R) Management Engine Components\\DAL;C:\\Program Files (x86)\\Intel\\Intel(R) Management Engine Components\\IPT;C:\\Program Files (x86)\\Intel\\OpenCL SDK\\2.0\\bin\\x86;C:\\Program Files (x86)\\Intel\\OpenCL SDK\\2.0\\bin\\x64;C:\\Program Files\\TortoiseGit\\bin;D:\\server\\mysql\\bin;C:\\Program Files\\Java\\jdk1.8.0_05;D:\\server\\apache\\bin;D:\\server\\php;D:\\server\\mysql\\bin;C:\\Windows\\system32;C:\\Windows;C:\\Windows\\System32\\Wbem;',
  'SystemRoot' => 'C:\\Windows',
  'COMSPEC' => 'C:\\Windows\\system32\\cmd.exe',
  'PATHEXT' => '.COM;.EXE;.BAT;.CMD;.VBS;.VBE;.JS;.JSE;.WSF;.WSH;.MSC',
  'WINDIR' => 'C:\\Windows',
  'SERVER_SIGNATURE' => '',
  'SERVER_SOFTWARE' => 'Apache/2.2.19 (Win32) mod_ssl/2.2.19 OpenSSL/0.9.8r PHP/5.3.28',
  'SERVER_NAME' => 'bag.local',
  'SERVER_ADDR' => '127.0.0.1',
  'SERVER_PORT' => '80',
  'REMOTE_ADDR' => '127.0.0.1',
  'DOCUMENT_ROOT' => 'D:/project/bag',
  'SERVER_ADMIN' => 'admin@pc87.com',
  'SCRIPT_FILENAME' => 'D:/project/bag/core/public/index.php',
  'REMOTE_PORT' => '51437',
  'REDIRECT_URL' => '/core/public/images/logo-mobile.png',
  'GATEWAY_INTERFACE' => 'CGI/1.1',
  'SERVER_PROTOCOL' => 'HTTP/1.1',
  'REQUEST_METHOD' => 'GET',
  'QUERY_STRING' => '',
  'REQUEST_URI' => '/images/logo-mobile.png',
  'SCRIPT_NAME' => '/core/public/index.php',
  'PHP_SELF' => '/core/public/index.php',
  'REQUEST_TIME' => 1418702367,
)</pre></p>﻿Invalid controller specified (images)#0 D:\project\bag\library\framework\Zend\Controller\Front.php(954): Zend_Controller_Dispatcher_Standard->dispatch(Object(Zend_Controller_Request_Http), Object(Zend_Controller_Response_Http))
#1 D:\project\bag\library\framework\Zend\Application\Bootstrap\Bootstrap.php(101): Zend_Controller_Front->dispatch()
#2 D:\project\bag\library\framework\Zend\Application.php(366): Zend_Application_Bootstrap_Bootstrap->run()
#3 D:\project\bag\core\public\index.php(36): Zend_Application->run()
#4 {main}﻿<h1>An error occurred</h1>
<h2>Page not found</h2>
The error is logged. Please come back later.
<h3>Exception information:</h3>
<p>
    <b>Message:</b> Invalid controller specified (images)</p>

<h3>Stack trace:</h3>
<pre>#0 D:\project\bag\library\framework\Zend\Controller\Front.php(954): Zend_Controller_Dispatcher_Standard->dispatch(Object(Zend_Controller_Request_Http), Object(Zend_Controller_Response_Http))
#1 D:\project\bag\library\framework\Zend\Application\Bootstrap\Bootstrap.php(101): Zend_Controller_Front->dispatch()
#2 D:\project\bag\library\framework\Zend\Application.php(366): Zend_Application_Bootstrap_Bootstrap->run()
#3 D:\project\bag\core\public\index.php(36): Zend_Application->run()
#4 {main}</pre>

<h3>Request Parameters:</h3>
<pre>array (
  'controller' => 'images',
  'action' => 'logo-mobile.png',
  'module' => 'home',
)</pre>
<h3>Server information:</h3>
<p>
<pre>array (
  'REDIRECT_REDIRECT_HTTP_APPLICATION_ENV' => 'development',
  'REDIRECT_REDIRECT_HTTP_PROJECT_HOST' => 'bag.local',
  'REDIRECT_REDIRECT_HTTP_APPLICATION_TIMEZONE' => 'Australia/Sydney',
  'REDIRECT_REDIRECT_STATUS' => '200',
  'REDIRECT_HTTP_APPLICATION_ENV' => 'development',
  'REDIRECT_HTTP_PROJECT_HOST' => 'bag.local',
  'REDIRECT_HTTP_APPLICATION_TIMEZONE' => 'Australia/Sydney',
  'REDIRECT_STATUS' => '200',
  'HTTP_APPLICATION_ENV' => 'development',
  'HTTP_PROJECT_HOST' => 'bag.local',
  'HTTP_APPLICATION_TIMEZONE' => 'Australia/Sydney',
  'HTTP_HOST' => 'bag.local',
  'HTTP_USER_AGENT' => 'Mozilla/5.0 (Windows NT 6.1; WOW64; rv:34.0) Gecko/20100101 Firefox/34.0',
  'HTTP_ACCEPT' => 'image/png,image/*;q=0.8,*/*;q=0.5',
  'HTTP_ACCEPT_LANGUAGE' => 'en-US,en;q=0.5',
  'HTTP_ACCEPT_ENCODING' => 'gzip, deflate',
  'HTTP_REFERER' => 'http://bag.local/staff/history?search[field][destination]=&search[date][date_from]=2014-12-09&search[date][date_to]=2014-12-16&search[field][pickup.id]=1&search[field][courier.search_name]=x&search[field][pickup.status]=&search[field][customer.search_name]=a&page=1&btn_submit=Search',
  'HTTP_COOKIE' => 'b6589fc6ab0dc82cf12099d1c2d40ab994e8410c=7lguqv52rqd0a9hcnnvuf0tqp2',
  'HTTP_CONNECTION' => 'keep-alive',
  'PATH' => 'C:\\Program Files (x86)\\NVIDIA Corporation\\PhysX\\Common;C:\\Program Files (x86)\\Intel\\iCLS Client\\;C:\\Program Files\\Intel\\iCLS Client\\;C:\\Windows\\system32;C:\\Windows;C:\\Windows\\System32\\Wbem;C:\\Windows\\System32\\WindowsPowerShell\\v1.0\\;C:\\Program Files\\Intel\\Intel(R) Management Engine Components\\DAL;C:\\Program Files\\Intel\\Intel(R) Management Engine Components\\IPT;C:\\Program Files (x86)\\Intel\\Intel(R) Management Engine Components\\DAL;C:\\Program Files (x86)\\Intel\\Intel(R) Management Engine Components\\IPT;C:\\Program Files (x86)\\Intel\\OpenCL SDK\\2.0\\bin\\x86;C:\\Program Files (x86)\\Intel\\OpenCL SDK\\2.0\\bin\\x64;C:\\Program Files\\TortoiseGit\\bin;D:\\server\\mysql\\bin;C:\\Program Files\\Java\\jdk1.8.0_05;D:\\server\\apache\\bin;D:\\server\\php;D:\\server\\mysql\\bin;C:\\Windows\\system32;C:\\Windows;C:\\Windows\\System32\\Wbem;',
  'SystemRoot' => 'C:\\Windows',
  'COMSPEC' => 'C:\\Windows\\system32\\cmd.exe',
  'PATHEXT' => '.COM;.EXE;.BAT;.CMD;.VBS;.VBE;.JS;.JSE;.WSF;.WSH;.MSC',
  'WINDIR' => 'C:\\Windows',
  'SERVER_SIGNATURE' => '',
  'SERVER_SOFTWARE' => 'Apache/2.2.19 (Win32) mod_ssl/2.2.19 OpenSSL/0.9.8r PHP/5.3.28',
  'SERVER_NAME' => 'bag.local',
  'SERVER_ADDR' => '127.0.0.1',
  'SERVER_PORT' => '80',
  'REMOTE_ADDR' => '127.0.0.1',
  'DOCUMENT_ROOT' => 'D:/project/bag',
  'SERVER_ADMIN' => 'admin@pc87.com',
  'SCRIPT_FILENAME' => 'D:/project/bag/core/public/index.php',
  'REMOTE_PORT' => '51451',
  'REDIRECT_URL' => '/core/public/images/logo-mobile.png',
  'GATEWAY_INTERFACE' => 'CGI/1.1',
  'SERVER_PROTOCOL' => 'HTTP/1.1',
  'REQUEST_METHOD' => 'GET',
  'QUERY_STRING' => '',
  'REQUEST_URI' => '/images/logo-mobile.png',
  'SCRIPT_NAME' => '/core/public/index.php',
  'PHP_SELF' => '/core/public/index.php',
  'REQUEST_TIME' => 1418702373,
)</pre></p>﻿Invalid controller specified (images)#0 D:\project\bag\library\framework\Zend\Controller\Front.php(954): Zend_Controller_Dispatcher_Standard->dispatch(Object(Zend_Controller_Request_Http), Object(Zend_Controller_Response_Http))
#1 D:\project\bag\library\framework\Zend\Application\Bootstrap\Bootstrap.php(101): Zend_Controller_Front->dispatch()
#2 D:\project\bag\library\framework\Zend\Application.php(366): Zend_Application_Bootstrap_Bootstrap->run()
#3 D:\project\bag\core\public\index.php(36): Zend_Application->run()
#4 {main}﻿<h1>An error occurred</h1>
<h2>Page not found</h2>
The error is logged. Please come back later.
<h3>Exception information:</h3>
<p>
    <b>Message:</b> Invalid controller specified (images)</p>

<h3>Stack trace:</h3>
<pre>#0 D:\project\bag\library\framework\Zend\Controller\Front.php(954): Zend_Controller_Dispatcher_Standard->dispatch(Object(Zend_Controller_Request_Http), Object(Zend_Controller_Response_Http))
#1 D:\project\bag\library\framework\Zend\Application\Bootstrap\Bootstrap.php(101): Zend_Controller_Front->dispatch()
#2 D:\project\bag\library\framework\Zend\Application.php(366): Zend_Application_Bootstrap_Bootstrap->run()
#3 D:\project\bag\core\public\index.php(36): Zend_Application->run()
#4 {main}</pre>

<h3>Request Parameters:</h3>
<pre>array (
  'controller' => 'images',
  'action' => 'logo-mobile.png',
  'module' => 'home',
)</pre>
<h3>Server information:</h3>
<p>
<pre>array (
  'REDIRECT_REDIRECT_HTTP_APPLICATION_ENV' => 'development',
  'REDIRECT_REDIRECT_HTTP_PROJECT_HOST' => 'bag.local',
  'REDIRECT_REDIRECT_HTTP_APPLICATION_TIMEZONE' => 'Australia/Sydney',
  'REDIRECT_REDIRECT_STATUS' => '200',
  'REDIRECT_HTTP_APPLICATION_ENV' => 'development',
  'REDIRECT_HTTP_PROJECT_HOST' => 'bag.local',
  'REDIRECT_HTTP_APPLICATION_TIMEZONE' => 'Australia/Sydney',
  'REDIRECT_STATUS' => '200',
  'HTTP_APPLICATION_ENV' => 'development',
  'HTTP_PROJECT_HOST' => 'bag.local',
  'HTTP_APPLICATION_TIMEZONE' => 'Australia/Sydney',
  'HTTP_HOST' => 'bag.local',
  'HTTP_USER_AGENT' => 'Mozilla/5.0 (Windows NT 6.1; WOW64; rv:34.0) Gecko/20100101 Firefox/34.0',
  'HTTP_ACCEPT' => 'image/png,image/*;q=0.8,*/*;q=0.5',
  'HTTP_ACCEPT_LANGUAGE' => 'en-US,en;q=0.5',
  'HTTP_ACCEPT_ENCODING' => 'gzip, deflate',
  'HTTP_REFERER' => 'http://bag.local/staff/history?search[field][destination]=&search[date][date_from]=2014-12-09&search[date][date_to]=2014-12-16&search[field][pickup.id]=1&search[field][courier.search_name]=x&search[field][pickup.status]=&search[field][customer.search_name]=a&page=1&btn_submit=Search',
  'HTTP_COOKIE' => 'b6589fc6ab0dc82cf12099d1c2d40ab994e8410c=7lguqv52rqd0a9hcnnvuf0tqp2',
  'HTTP_CONNECTION' => 'keep-alive',
  'PATH' => 'C:\\Program Files (x86)\\NVIDIA Corporation\\PhysX\\Common;C:\\Program Files (x86)\\Intel\\iCLS Client\\;C:\\Program Files\\Intel\\iCLS Client\\;C:\\Windows\\system32;C:\\Windows;C:\\Windows\\System32\\Wbem;C:\\Windows\\System32\\WindowsPowerShell\\v1.0\\;C:\\Program Files\\Intel\\Intel(R) Management Engine Components\\DAL;C:\\Program Files\\Intel\\Intel(R) Management Engine Components\\IPT;C:\\Program Files (x86)\\Intel\\Intel(R) Management Engine Components\\DAL;C:\\Program Files (x86)\\Intel\\Intel(R) Management Engine Components\\IPT;C:\\Program Files (x86)\\Intel\\OpenCL SDK\\2.0\\bin\\x86;C:\\Program Files (x86)\\Intel\\OpenCL SDK\\2.0\\bin\\x64;C:\\Program Files\\TortoiseGit\\bin;D:\\server\\mysql\\bin;C:\\Program Files\\Java\\jdk1.8.0_05;D:\\server\\apache\\bin;D:\\server\\php;D:\\server\\mysql\\bin;C:\\Windows\\system32;C:\\Windows;C:\\Windows\\System32\\Wbem;',
  'SystemRoot' => 'C:\\Windows',
  'COMSPEC' => 'C:\\Windows\\system32\\cmd.exe',
  'PATHEXT' => '.COM;.EXE;.BAT;.CMD;.VBS;.VBE;.JS;.JSE;.WSF;.WSH;.MSC',
  'WINDIR' => 'C:\\Windows',
  'SERVER_SIGNATURE' => '',
  'SERVER_SOFTWARE' => 'Apache/2.2.19 (Win32) mod_ssl/2.2.19 OpenSSL/0.9.8r PHP/5.3.28',
  'SERVER_NAME' => 'bag.local',
  'SERVER_ADDR' => '127.0.0.1',
  'SERVER_PORT' => '80',
  'REMOTE_ADDR' => '127.0.0.1',
  'DOCUMENT_ROOT' => 'D:/project/bag',
  'SERVER_ADMIN' => 'admin@pc87.com',
  'SCRIPT_FILENAME' => 'D:/project/bag/core/public/index.php',
  'REMOTE_PORT' => '51461',
  'REDIRECT_URL' => '/core/public/images/logo-mobile.png',
  'GATEWAY_INTERFACE' => 'CGI/1.1',
  'SERVER_PROTOCOL' => 'HTTP/1.1',
  'REQUEST_METHOD' => 'GET',
  'QUERY_STRING' => '',
  'REQUEST_URI' => '/images/logo-mobile.png',
  'SCRIPT_NAME' => '/core/public/index.php',
  'PHP_SELF' => '/core/public/index.php',
  'REQUEST_TIME' => 1418702391,
)</pre></p>﻿Invalid controller specified (images)#0 D:\project\bag\library\framework\Zend\Controller\Front.php(954): Zend_Controller_Dispatcher_Standard->dispatch(Object(Zend_Controller_Request_Http), Object(Zend_Controller_Response_Http))
#1 D:\project\bag\library\framework\Zend\Application\Bootstrap\Bootstrap.php(101): Zend_Controller_Front->dispatch()
#2 D:\project\bag\library\framework\Zend\Application.php(366): Zend_Application_Bootstrap_Bootstrap->run()
#3 D:\project\bag\core\public\index.php(36): Zend_Application->run()
#4 {main}