<h1>An error occurred</h1>
<h2>Application error</h2>
The error is logged. Please come back later.
<h3>Exception information:</h3>
<p>
    <b>Message:</b> Mysqli prepare error: You have an error in your SQL syntax; check the manual that corresponds to your MySQL server version for the right syntax to use near '))' at line 1</p>

<h3>Stack trace:</h3>
<pre>#0 D:\project\bag\library\framework\Zend\Db\Statement.php(115): Zend_Db_Statement_Mysqli->_prepare('SELECT distinct...')
#1 D:\project\bag\library\framework\Zend\Db\Adapter\Mysqli.php(388): Zend_Db_Statement->__construct(Object(Zend_Db_Adapter_Mysqli), 'SELECT distinct...')
#2 D:\project\bag\library\framework\Zend\Db\Adapter\Abstract.php(479): Zend_Db_Adapter_Mysqli->prepare('SELECT distinct...')
#3 D:\project\bag\library\framework\Zend\Db\Table\Abstract.php(1575): Zend_Db_Adapter_Abstract->query(Object(Zend_Db_Table_Select))
#4 D:\project\bag\library\framework\Zend\Db\Table\Abstract.php(1390): Zend_Db_Table_Abstract->_fetch(Object(Zend_Db_Table_Select))
#5 D:\project\bag\modules\configuration\models\DbTable\Suburb.php(68): Zend_Db_Table_Abstract->fetchAll(Object(Zend_Db_Table_Select))
#6 D:\project\bag\modules\base\models\DbTable\Backend.php(144): Configuration_Model_DbTable_Suburb->getSuburbById(NULL)
#7 D:\project\bag\modules\pickup\models\DbTable\Pickup.php(59): Base_Model_DbTable_Backend->filterBySubUrbs(Object(stdClass), 'courier')
#8 D:\project\bag\modules\base\controllers\Action\Backend.php(55): Pickup_Model_DbTable_Pickup->getAll(NULL, NULL, Array)
#9 D:\project\bag\modules\courier\controllers\ListController.php(7): Base_Controller_Action_Backend->getListPickUp()
#10 D:\project\bag\library\framework\Zend\Controller\Action.php(516): Courier_ListController->indexAction()
#11 D:\project\bag\library\framework\Zend\Controller\Dispatcher\Standard.php(308): Zend_Controller_Action->dispatch('indexAction')
#12 D:\project\bag\library\framework\Zend\Controller\Front.php(954): Zend_Controller_Dispatcher_Standard->dispatch(Object(Zend_Controller_Request_Http), Object(Zend_Controller_Response_Http))
#13 D:\project\bag\library\framework\Zend\Application\Bootstrap\Bootstrap.php(101): Zend_Controller_Front->dispatch()
#14 D:\project\bag\library\framework\Zend\Application.php(366): Zend_Application_Bootstrap_Bootstrap->run()
#15 D:\project\bag\core\public\index.php(36): Zend_Application->run()
#16 {main}</pre>

<h3>Request Parameters:</h3>
<pre>array (
  'module' => 'courier',
  'controller' => 'list',
  'action' => 'index',
)</pre>
<h3>Server information:</h3>
<p>
<pre>array (
  'REDIRECT_REDIRECT_HTTP_APPLICATION_ENV' => 'development',
  'REDIRECT_REDIRECT_HTTP_PROJECT_HOST' => 'bag.local',
  'REDIRECT_REDIRECT_HTTP_APPLICATION_TIMEZONE' => 'Australia/Sydney',
  'REDIRECT_REDIRECT_STATUS' => '200',
  'REDIRECT_HTTP_APPLICATION_ENV' => 'development',
  'REDIRECT_HTTP_PROJECT_HOST' => 'bag.local',
  'REDIRECT_HTTP_APPLICATION_TIMEZONE' => 'Australia/Sydney',
  'REDIRECT_STATUS' => '200',
  'HTTP_APPLICATION_ENV' => 'development',
  'HTTP_PROJECT_HOST' => 'bag.local',
  'HTTP_APPLICATION_TIMEZONE' => 'Australia/Sydney',
  'HTTP_HOST' => 'bag.local',
  'HTTP_USER_AGENT' => 'Mozilla/5.0 (Windows NT 6.1; WOW64; rv:34.0) Gecko/20100101 Firefox/34.0',
  'HTTP_ACCEPT' => 'text/html,application/xhtml+xml,application/xml;q=0.9,*/*;q=0.8',
  'HTTP_ACCEPT_LANGUAGE' => 'en-US,en;q=0.5',
  'HTTP_ACCEPT_ENCODING' => 'gzip, deflate',
  'HTTP_REFERER' => 'http://bag.local/courier',
  'HTTP_COOKIE' => '356a192b7913b04c54574d18c28d46e6395428ab=7lp5tk564bnu37jl4m4pos44c3; b6589fc6ab0dc82cf12099d1c2d40ab994e8410c=mciru67962knrlko3s0l264n43',
  'HTTP_CONNECTION' => 'keep-alive',
  'HTTP_CACHE_CONTROL' => 'max-age=0',
  'PATH' => 'C:\\Program Files (x86)\\NVIDIA Corporation\\PhysX\\Common;C:\\Program Files (x86)\\Intel\\iCLS Client\\;C:\\Program Files\\Intel\\iCLS Client\\;C:\\Windows\\system32;C:\\Windows;C:\\Windows\\System32\\Wbem;C:\\Windows\\System32\\WindowsPowerShell\\v1.0\\;C:\\Program Files\\Intel\\Intel(R) Management Engine Components\\DAL;C:\\Program Files\\Intel\\Intel(R) Management Engine Components\\IPT;C:\\Program Files (x86)\\Intel\\Intel(R) Management Engine Components\\DAL;C:\\Program Files (x86)\\Intel\\Intel(R) Management Engine Components\\IPT;C:\\Program Files (x86)\\Intel\\OpenCL SDK\\2.0\\bin\\x86;C:\\Program Files (x86)\\Intel\\OpenCL SDK\\2.0\\bin\\x64;C:\\Program Files\\TortoiseGit\\bin;D:\\server\\mysql\\bin;C:\\Program Files\\Java\\jdk1.8.0_05;D:\\server\\apache\\bin;D:\\server\\php;D:\\server\\mysql\\bin;C:\\Windows\\system32;C:\\Windows;C:\\Windows\\System32\\Wbem;C:\\Program Files\\SourceGear\\Common\\DiffMerge\\;',
  'SystemRoot' => 'C:\\Windows',
  'COMSPEC' => 'C:\\Windows\\system32\\cmd.exe',
  'PATHEXT' => '.COM;.EXE;.BAT;.CMD;.VBS;.VBE;.JS;.JSE;.WSF;.WSH;.MSC',
  'WINDIR' => 'C:\\Windows',
  'SERVER_SIGNATURE' => '',
  'SERVER_SOFTWARE' => 'Apache/2.2.19 (Win32) mod_ssl/2.2.19 OpenSSL/0.9.8r PHP/5.4.35',
  'SERVER_NAME' => 'bag.local',
  'SERVER_ADDR' => '127.0.0.1',
  'SERVER_PORT' => '80',
  'REMOTE_ADDR' => '127.0.0.1',
  'DOCUMENT_ROOT' => 'D:/project/bag',
  'SERVER_ADMIN' => 'admin@pc87.com',
  'SCRIPT_FILENAME' => 'D:/project/bag/core/public/index.php',
  'REMOTE_PORT' => '57286',
  'REDIRECT_URL' => '/core/public/courier/list',
  'GATEWAY_INTERFACE' => 'CGI/1.1',
  'SERVER_PROTOCOL' => 'HTTP/1.1',
  'REQUEST_METHOD' => 'GET',
  'QUERY_STRING' => '',
  'REQUEST_URI' => '/courier/list',
  'SCRIPT_NAME' => '/core/public/index.php',
  'PHP_SELF' => '/core/public/index.php',
  'REQUEST_TIME_FLOAT' => 1419305048.313,
  'REQUEST_TIME' => 1419305048,
)</pre></p>﻿Mysqli prepare error: You have an error in your SQL syntax; check the manual that corresponds to your MySQL server version for the right syntax to use near '))' at line 1#0 D:\project\bag\library\framework\Zend\Db\Statement.php(115): Zend_Db_Statement_Mysqli->_prepare('SELECT distinct...')
#1 D:\project\bag\library\framework\Zend\Db\Adapter\Mysqli.php(388): Zend_Db_Statement->__construct(Object(Zend_Db_Adapter_Mysqli), 'SELECT distinct...')
#2 D:\project\bag\library\framework\Zend\Db\Adapter\Abstract.php(479): Zend_Db_Adapter_Mysqli->prepare('SELECT distinct...')
#3 D:\project\bag\library\framework\Zend\Db\Table\Abstract.php(1575): Zend_Db_Adapter_Abstract->query(Object(Zend_Db_Table_Select))
#4 D:\project\bag\library\framework\Zend\Db\Table\Abstract.php(1390): Zend_Db_Table_Abstract->_fetch(Object(Zend_Db_Table_Select))
#5 D:\project\bag\modules\configuration\models\DbTable\Suburb.php(68): Zend_Db_Table_Abstract->fetchAll(Object(Zend_Db_Table_Select))
#6 D:\project\bag\modules\base\models\DbTable\Backend.php(144): Configuration_Model_DbTable_Suburb->getSuburbById(NULL)
#7 D:\project\bag\modules\pickup\models\DbTable\Pickup.php(59): Base_Model_DbTable_Backend->filterBySubUrbs(Object(stdClass), 'courier')
#8 D:\project\bag\modules\base\controllers\Action\Backend.php(55): Pickup_Model_DbTable_Pickup->getAll(NULL, NULL, Array)
#9 D:\project\bag\modules\courier\controllers\ListController.php(7): Base_Controller_Action_Backend->getListPickUp()
#10 D:\project\bag\library\framework\Zend\Controller\Action.php(516): Courier_ListController->indexAction()
#11 D:\project\bag\library\framework\Zend\Controller\Dispatcher\Standard.php(308): Zend_Controller_Action->dispatch('indexAction')
#12 D:\project\bag\library\framework\Zend\Controller\Front.php(954): Zend_Controller_Dispatcher_Standard->dispatch(Object(Zend_Controller_Request_Http), Object(Zend_Controller_Response_Http))
#13 D:\project\bag\library\framework\Zend\Application\Bootstrap\Bootstrap.php(101): Zend_Controller_Front->dispatch()
#14 D:\project\bag\library\framework\Zend\Application.php(366): Zend_Application_Bootstrap_Bootstrap->run()
#15 D:\project\bag\core\public\index.php(36): Zend_Application->run()
#16 {main}