<h1>An error occurred</h1>
<h2>Application error</h2>
The error is logged. Please come back later.
<h3>Exception information:</h3>
<p>
    <b>Message:</b> Mysqli prepare error: You have an error in your SQL syntax; check the manual that corresponds to your MySQL server version for the right syntax to use near '`pickup`.`customer_id` IN (2)) and  pickup.status IN (1,2,3,4)) ORDER BY `id` DE' at line 3</p>

<h3>Stack trace:</h3>
<pre>#0 D:\project\bag\library\framework\Zend\Db\Statement.php(115): Zend_Db_Statement_Mysqli->_prepare('SELECT `pickup`...')
#1 D:\project\bag\library\framework\Zend\Db\Adapter\Mysqli.php(388): Zend_Db_Statement->__construct(Object(Zend_Db_Adapter_Mysqli), 'SELECT `pickup`...')
#2 D:\project\bag\library\framework\Zend\Db\Adapter\Abstract.php(479): Zend_Db_Adapter_Mysqli->prepare('SELECT `pickup`...')
#3 D:\project\bag\library\framework\Zend\Db\Adapter\Abstract.php(737): Zend_Db_Adapter_Abstract->query(Object(Zend_Db_Select), Array)
#4 D:\project\bag\modules\pickup\models\DbTable\Pickup.php(81): Zend_Db_Adapter_Abstract->fetchAll(Object(Zend_Db_Select))
#5 D:\project\bag\modules\staff\controllers\Action\Base.php(39): Pickup_Model_DbTable_Pickup->getAll(NULL, NULL, Array)
#6 D:\project\bag\modules\staff\controllers\Action\Base.php(7): Staff_Controller_Action_Base->getListPickUp('history.phtml')
#7 D:\project\bag\library\framework\Zend\Controller\Action.php(516): Staff_Controller_Action_Base->indexAction()
#8 D:\project\bag\library\framework\Zend\Controller\Dispatcher\Standard.php(308): Zend_Controller_Action->dispatch('indexAction')
#9 D:\project\bag\library\framework\Zend\Controller\Front.php(954): Zend_Controller_Dispatcher_Standard->dispatch(Object(Zend_Controller_Request_Http), Object(Zend_Controller_Response_Http))
#10 D:\project\bag\library\framework\Zend\Application\Bootstrap\Bootstrap.php(101): Zend_Controller_Front->dispatch()
#11 D:\project\bag\library\framework\Zend\Application.php(366): Zend_Application_Bootstrap_Bootstrap->run()
#12 D:\project\bag\core\public\index.php(36): Zend_Application->run()
#13 {main}</pre>

<h3>Request Parameters:</h3>
<pre>array (
  'module' => 'staff',
  'controller' => 'pickup',
  'action' => 'index',
)</pre>
<h3>Server information:</h3>
<p>
<pre>array (
  'REDIRECT_REDIRECT_HTTP_APPLICATION_ENV' => 'development',
  'REDIRECT_REDIRECT_HTTP_PROJECT_HOST' => 'bag.local',
  'REDIRECT_REDIRECT_HTTP_APPLICATION_TIMEZONE' => 'Australia/Sydney',
  'REDIRECT_REDIRECT_STATUS' => '200',
  'REDIRECT_HTTP_APPLICATION_ENV' => 'development',
  'REDIRECT_HTTP_PROJECT_HOST' => 'bag.local',
  'REDIRECT_HTTP_APPLICATION_TIMEZONE' => 'Australia/Sydney',
  'REDIRECT_STATUS' => '200',
  'HTTP_APPLICATION_ENV' => 'development',
  'HTTP_PROJECT_HOST' => 'bag.local',
  'HTTP_APPLICATION_TIMEZONE' => 'Australia/Sydney',
  'HTTP_HOST' => 'bag.local',
  'HTTP_USER_AGENT' => 'Mozilla/5.0 (Windows NT 6.1; WOW64; rv:34.0) Gecko/20100101 Firefox/34.0',
  'HTTP_ACCEPT' => 'text/html,application/xhtml+xml,application/xml;q=0.9,*/*;q=0.8',
  'HTTP_ACCEPT_LANGUAGE' => 'en-US,en;q=0.5',
  'HTTP_ACCEPT_ENCODING' => 'gzip, deflate',
  'HTTP_COOKIE' => 'b6589fc6ab0dc82cf12099d1c2d40ab994e8410c=sb87jjk18sg7k4e2m73r2uso74',
  'HTTP_CONNECTION' => 'keep-alive',
  'HTTP_CACHE_CONTROL' => 'max-age=0',
  'PATH' => 'C:\\Program Files (x86)\\NVIDIA Corporation\\PhysX\\Common;C:\\Program Files (x86)\\Intel\\iCLS Client\\;C:\\Program Files\\Intel\\iCLS Client\\;C:\\Windows\\system32;C:\\Windows;C:\\Windows\\System32\\Wbem;C:\\Windows\\System32\\WindowsPowerShell\\v1.0\\;C:\\Program Files\\Intel\\Intel(R) Management Engine Components\\DAL;C:\\Program Files\\Intel\\Intel(R) Management Engine Components\\IPT;C:\\Program Files (x86)\\Intel\\Intel(R) Management Engine Components\\DAL;C:\\Program Files (x86)\\Intel\\Intel(R) Management Engine Components\\IPT;C:\\Program Files (x86)\\Intel\\OpenCL SDK\\2.0\\bin\\x86;C:\\Program Files (x86)\\Intel\\OpenCL SDK\\2.0\\bin\\x64;C:\\Program Files\\TortoiseGit\\bin;D:\\server\\mysql\\bin;C:\\Program Files\\Java\\jdk1.8.0_05;D:\\server\\apache\\bin;D:\\server\\php;D:\\server\\mysql\\bin;C:\\Windows\\system32;C:\\Windows;C:\\Windows\\System32\\Wbem;C:\\Program Files\\SourceGear\\Common\\DiffMerge\\;',
  'SystemRoot' => 'C:\\Windows',
  'COMSPEC' => 'C:\\Windows\\system32\\cmd.exe',
  'PATHEXT' => '.COM;.EXE;.BAT;.CMD;.VBS;.VBE;.JS;.JSE;.WSF;.WSH;.MSC',
  'WINDIR' => 'C:\\Windows',
  'SERVER_SIGNATURE' => '',
  'SERVER_SOFTWARE' => 'Apache/2.2.19 (Win32) mod_ssl/2.2.19 OpenSSL/0.9.8r PHP/5.4.35',
  'SERVER_NAME' => 'bag.local',
  'SERVER_ADDR' => '127.0.0.1',
  'SERVER_PORT' => '80',
  'REMOTE_ADDR' => '127.0.0.1',
  'DOCUMENT_ROOT' => 'D:/project/bag',
  'SERVER_ADMIN' => 'admin@pc87.com',
  'SCRIPT_FILENAME' => 'D:/project/bag/core/public/index.php',
  'REMOTE_PORT' => '53682',
  'REDIRECT_URL' => '/core/public/staff/pickup',
  'GATEWAY_INTERFACE' => 'CGI/1.1',
  'SERVER_PROTOCOL' => 'HTTP/1.1',
  'REQUEST_METHOD' => 'GET',
  'QUERY_STRING' => '',
  'REQUEST_URI' => '/staff/pickup',
  'SCRIPT_NAME' => '/core/public/index.php',
  'PHP_SELF' => '/core/public/index.php',
  'REQUEST_TIME_FLOAT' => 1419062533.632,
  'REQUEST_TIME' => 1419062533,
)</pre></p>﻿Mysqli prepare error: You have an error in your SQL syntax; check the manual that corresponds to your MySQL server version for the right syntax to use near '`pickup`.`customer_id` IN (2)) and  pickup.status IN (1,2,3,4)) ORDER BY `id` DE' at line 3#0 D:\project\bag\library\framework\Zend\Db\Statement.php(115): Zend_Db_Statement_Mysqli->_prepare('SELECT `pickup`...')
#1 D:\project\bag\library\framework\Zend\Db\Adapter\Mysqli.php(388): Zend_Db_Statement->__construct(Object(Zend_Db_Adapter_Mysqli), 'SELECT `pickup`...')
#2 D:\project\bag\library\framework\Zend\Db\Adapter\Abstract.php(479): Zend_Db_Adapter_Mysqli->prepare('SELECT `pickup`...')
#3 D:\project\bag\library\framework\Zend\Db\Adapter\Abstract.php(737): Zend_Db_Adapter_Abstract->query(Object(Zend_Db_Select), Array)
#4 D:\project\bag\modules\pickup\models\DbTable\Pickup.php(81): Zend_Db_Adapter_Abstract->fetchAll(Object(Zend_Db_Select))
#5 D:\project\bag\modules\staff\controllers\Action\Base.php(39): Pickup_Model_DbTable_Pickup->getAll(NULL, NULL, Array)
#6 D:\project\bag\modules\staff\controllers\Action\Base.php(7): Staff_Controller_Action_Base->getListPickUp('history.phtml')
#7 D:\project\bag\library\framework\Zend\Controller\Action.php(516): Staff_Controller_Action_Base->indexAction()
#8 D:\project\bag\library\framework\Zend\Controller\Dispatcher\Standard.php(308): Zend_Controller_Action->dispatch('indexAction')
#9 D:\project\bag\library\framework\Zend\Controller\Front.php(954): Zend_Controller_Dispatcher_Standard->dispatch(Object(Zend_Controller_Request_Http), Object(Zend_Controller_Response_Http))
#10 D:\project\bag\library\framework\Zend\Application\Bootstrap\Bootstrap.php(101): Zend_Controller_Front->dispatch()
#11 D:\project\bag\library\framework\Zend\Application.php(366): Zend_Application_Bootstrap_Bootstrap->run()
#12 D:\project\bag\core\public\index.php(36): Zend_Application->run()
#13 {main}﻿<h1>An error occurred</h1>
<h2>Page not found</h2>
The error is logged. Please come back later.
<h3>Exception information:</h3>
<p>
    <b>Message:</b> Invalid controller specified (images)</p>

<h3>Stack trace:</h3>
<pre>#0 D:\project\bag\library\framework\Zend\Controller\Front.php(954): Zend_Controller_Dispatcher_Standard->dispatch(Object(Zend_Controller_Request_Http), Object(Zend_Controller_Response_Http))
#1 D:\project\bag\library\framework\Zend\Application\Bootstrap\Bootstrap.php(101): Zend_Controller_Front->dispatch()
#2 D:\project\bag\library\framework\Zend\Application.php(366): Zend_Application_Bootstrap_Bootstrap->run()
#3 D:\project\bag\core\public\index.php(36): Zend_Application->run()
#4 {main}</pre>

<h3>Request Parameters:</h3>
<pre>array (
  'controller' => 'images',
  'action' => 'logo-mobile.png',
  'module' => 'home',
)</pre>
<h3>Server information:</h3>
<p>
<pre>array (
  'REDIRECT_REDIRECT_HTTP_APPLICATION_ENV' => 'development',
  'REDIRECT_REDIRECT_HTTP_PROJECT_HOST' => 'bag.local',
  'REDIRECT_REDIRECT_HTTP_APPLICATION_TIMEZONE' => 'Australia/Sydney',
  'REDIRECT_REDIRECT_STATUS' => '200',
  'REDIRECT_HTTP_APPLICATION_ENV' => 'development',
  'REDIRECT_HTTP_PROJECT_HOST' => 'bag.local',
  'REDIRECT_HTTP_APPLICATION_TIMEZONE' => 'Australia/Sydney',
  'REDIRECT_STATUS' => '200',
  'HTTP_APPLICATION_ENV' => 'development',
  'HTTP_PROJECT_HOST' => 'bag.local',
  'HTTP_APPLICATION_TIMEZONE' => 'Australia/Sydney',
  'HTTP_HOST' => 'bag.local',
  'HTTP_USER_AGENT' => 'Mozilla/5.0 (Windows NT 6.1; WOW64; rv:34.0) Gecko/20100101 Firefox/34.0',
  'HTTP_ACCEPT' => 'image/png,image/*;q=0.8,*/*;q=0.5',
  'HTTP_ACCEPT_LANGUAGE' => 'en-US,en;q=0.5',
  'HTTP_ACCEPT_ENCODING' => 'gzip, deflate',
  'HTTP_REFERER' => 'http://bag.local/staff/pickup',
  'HTTP_COOKIE' => 'b6589fc6ab0dc82cf12099d1c2d40ab994e8410c=sb87jjk18sg7k4e2m73r2uso74',
  'HTTP_CONNECTION' => 'keep-alive',
  'PATH' => 'C:\\Program Files (x86)\\NVIDIA Corporation\\PhysX\\Common;C:\\Program Files (x86)\\Intel\\iCLS Client\\;C:\\Program Files\\Intel\\iCLS Client\\;C:\\Windows\\system32;C:\\Windows;C:\\Windows\\System32\\Wbem;C:\\Windows\\System32\\WindowsPowerShell\\v1.0\\;C:\\Program Files\\Intel\\Intel(R) Management Engine Components\\DAL;C:\\Program Files\\Intel\\Intel(R) Management Engine Components\\IPT;C:\\Program Files (x86)\\Intel\\Intel(R) Management Engine Components\\DAL;C:\\Program Files (x86)\\Intel\\Intel(R) Management Engine Components\\IPT;C:\\Program Files (x86)\\Intel\\OpenCL SDK\\2.0\\bin\\x86;C:\\Program Files (x86)\\Intel\\OpenCL SDK\\2.0\\bin\\x64;C:\\Program Files\\TortoiseGit\\bin;D:\\server\\mysql\\bin;C:\\Program Files\\Java\\jdk1.8.0_05;D:\\server\\apache\\bin;D:\\server\\php;D:\\server\\mysql\\bin;C:\\Windows\\system32;C:\\Windows;C:\\Windows\\System32\\Wbem;C:\\Program Files\\SourceGear\\Common\\DiffMerge\\;',
  'SystemRoot' => 'C:\\Windows',
  'COMSPEC' => 'C:\\Windows\\system32\\cmd.exe',
  'PATHEXT' => '.COM;.EXE;.BAT;.CMD;.VBS;.VBE;.JS;.JSE;.WSF;.WSH;.MSC',
  'WINDIR' => 'C:\\Windows',
  'SERVER_SIGNATURE' => '',
  'SERVER_SOFTWARE' => 'Apache/2.2.19 (Win32) mod_ssl/2.2.19 OpenSSL/0.9.8r PHP/5.4.35',
  'SERVER_NAME' => 'bag.local',
  'SERVER_ADDR' => '127.0.0.1',
  'SERVER_PORT' => '80',
  'REMOTE_ADDR' => '127.0.0.1',
  'DOCUMENT_ROOT' => 'D:/project/bag',
  'SERVER_ADMIN' => 'admin@pc87.com',
  'SCRIPT_FILENAME' => 'D:/project/bag/core/public/index.php',
  'REMOTE_PORT' => '53700',
  'REDIRECT_URL' => '/core/public/images/logo-mobile.png',
  'GATEWAY_INTERFACE' => 'CGI/1.1',
  'SERVER_PROTOCOL' => 'HTTP/1.1',
  'REQUEST_METHOD' => 'GET',
  'QUERY_STRING' => '',
  'REQUEST_URI' => '/images/logo-mobile.png',
  'SCRIPT_NAME' => '/core/public/index.php',
  'PHP_SELF' => '/core/public/index.php',
  'REQUEST_TIME_FLOAT' => 1419062582.1070001,
  'REQUEST_TIME' => 1419062582,
)</pre></p>﻿Invalid controller specified (images)#0 D:\project\bag\library\framework\Zend\Controller\Front.php(954): Zend_Controller_Dispatcher_Standard->dispatch(Object(Zend_Controller_Request_Http), Object(Zend_Controller_Response_Http))
#1 D:\project\bag\library\framework\Zend\Application\Bootstrap\Bootstrap.php(101): Zend_Controller_Front->dispatch()
#2 D:\project\bag\library\framework\Zend\Application.php(366): Zend_Application_Bootstrap_Bootstrap->run()
#3 D:\project\bag\core\public\index.php(36): Zend_Application->run()
#4 {main}﻿<h1>An error occurred</h1>
<h2>Page not found</h2>
The error is logged. Please come back later.
<h3>Exception information:</h3>
<p>
    <b>Message:</b> Invalid controller specified (images)</p>

<h3>Stack trace:</h3>
<pre>#0 D:\project\bag\library\framework\Zend\Controller\Front.php(954): Zend_Controller_Dispatcher_Standard->dispatch(Object(Zend_Controller_Request_Http), Object(Zend_Controller_Response_Http))
#1 D:\project\bag\library\framework\Zend\Application\Bootstrap\Bootstrap.php(101): Zend_Controller_Front->dispatch()
#2 D:\project\bag\library\framework\Zend\Application.php(366): Zend_Application_Bootstrap_Bootstrap->run()
#3 D:\project\bag\core\public\index.php(36): Zend_Application->run()
#4 {main}</pre>

<h3>Request Parameters:</h3>
<pre>array (
  'controller' => 'images',
  'action' => 'logo-mobile.png',
  'module' => 'home',
)</pre>
<h3>Server information:</h3>
<p>
<pre>array (
  'REDIRECT_REDIRECT_HTTP_APPLICATION_ENV' => 'development',
  'REDIRECT_REDIRECT_HTTP_PROJECT_HOST' => 'bag.local',
  'REDIRECT_REDIRECT_HTTP_APPLICATION_TIMEZONE' => 'Australia/Sydney',
  'REDIRECT_REDIRECT_STATUS' => '200',
  'REDIRECT_HTTP_APPLICATION_ENV' => 'development',
  'REDIRECT_HTTP_PROJECT_HOST' => 'bag.local',
  'REDIRECT_HTTP_APPLICATION_TIMEZONE' => 'Australia/Sydney',
  'REDIRECT_STATUS' => '200',
  'HTTP_APPLICATION_ENV' => 'development',
  'HTTP_PROJECT_HOST' => 'bag.local',
  'HTTP_APPLICATION_TIMEZONE' => 'Australia/Sydney',
  'HTTP_HOST' => 'bag.local',
  'HTTP_USER_AGENT' => 'Mozilla/5.0 (Windows NT 6.1; WOW64; rv:34.0) Gecko/20100101 Firefox/34.0',
  'HTTP_ACCEPT' => 'image/png,image/*;q=0.8,*/*;q=0.5',
  'HTTP_ACCEPT_LANGUAGE' => 'en-US,en;q=0.5',
  'HTTP_ACCEPT_ENCODING' => 'gzip, deflate',
  'HTTP_REFERER' => 'http://bag.local/staff/pickup',
  'HTTP_COOKIE' => 'b6589fc6ab0dc82cf12099d1c2d40ab994e8410c=sb87jjk18sg7k4e2m73r2uso74',
  'HTTP_CONNECTION' => 'keep-alive',
  'PATH' => 'C:\\Program Files (x86)\\NVIDIA Corporation\\PhysX\\Common;C:\\Program Files (x86)\\Intel\\iCLS Client\\;C:\\Program Files\\Intel\\iCLS Client\\;C:\\Windows\\system32;C:\\Windows;C:\\Windows\\System32\\Wbem;C:\\Windows\\System32\\WindowsPowerShell\\v1.0\\;C:\\Program Files\\Intel\\Intel(R) Management Engine Components\\DAL;C:\\Program Files\\Intel\\Intel(R) Management Engine Components\\IPT;C:\\Program Files (x86)\\Intel\\Intel(R) Management Engine Components\\DAL;C:\\Program Files (x86)\\Intel\\Intel(R) Management Engine Components\\IPT;C:\\Program Files (x86)\\Intel\\OpenCL SDK\\2.0\\bin\\x86;C:\\Program Files (x86)\\Intel\\OpenCL SDK\\2.0\\bin\\x64;C:\\Program Files\\TortoiseGit\\bin;D:\\server\\mysql\\bin;C:\\Program Files\\Java\\jdk1.8.0_05;D:\\server\\apache\\bin;D:\\server\\php;D:\\server\\mysql\\bin;C:\\Windows\\system32;C:\\Windows;C:\\Windows\\System32\\Wbem;C:\\Program Files\\SourceGear\\Common\\DiffMerge\\;',
  'SystemRoot' => 'C:\\Windows',
  'COMSPEC' => 'C:\\Windows\\system32\\cmd.exe',
  'PATHEXT' => '.COM;.EXE;.BAT;.CMD;.VBS;.VBE;.JS;.JSE;.WSF;.WSH;.MSC',
  'WINDIR' => 'C:\\Windows',
  'SERVER_SIGNATURE' => '',
  'SERVER_SOFTWARE' => 'Apache/2.2.19 (Win32) mod_ssl/2.2.19 OpenSSL/0.9.8r PHP/5.4.35',
  'SERVER_NAME' => 'bag.local',
  'SERVER_ADDR' => '127.0.0.1',
  'SERVER_PORT' => '80',
  'REMOTE_ADDR' => '127.0.0.1',
  'DOCUMENT_ROOT' => 'D:/project/bag',
  'SERVER_ADMIN' => 'admin@pc87.com',
  'SCRIPT_FILENAME' => 'D:/project/bag/core/public/index.php',
  'REMOTE_PORT' => '53715',
  'REDIRECT_URL' => '/core/public/images/logo-mobile.png',
  'GATEWAY_INTERFACE' => 'CGI/1.1',
  'SERVER_PROTOCOL' => 'HTTP/1.1',
  'REQUEST_METHOD' => 'GET',
  'QUERY_STRING' => '',
  'REQUEST_URI' => '/images/logo-mobile.png',
  'SCRIPT_NAME' => '/core/public/index.php',
  'PHP_SELF' => '/core/public/index.php',
  'REQUEST_TIME_FLOAT' => 1419062701.3039999,
  'REQUEST_TIME' => 1419062701,
)</pre></p>﻿Invalid controller specified (images)#0 D:\project\bag\library\framework\Zend\Controller\Front.php(954): Zend_Controller_Dispatcher_Standard->dispatch(Object(Zend_Controller_Request_Http), Object(Zend_Controller_Response_Http))
#1 D:\project\bag\library\framework\Zend\Application\Bootstrap\Bootstrap.php(101): Zend_Controller_Front->dispatch()
#2 D:\project\bag\library\framework\Zend\Application.php(366): Zend_Application_Bootstrap_Bootstrap->run()
#3 D:\project\bag\core\public\index.php(36): Zend_Application->run()
#4 {main}﻿<h1>An error occurred</h1>
<h2>Page not found</h2>
The error is logged. Please come back later.
<h3>Exception information:</h3>
<p>
    <b>Message:</b> Invalid controller specified (images)</p>

<h3>Stack trace:</h3>
<pre>#0 D:\project\bag\library\framework\Zend\Controller\Front.php(954): Zend_Controller_Dispatcher_Standard->dispatch(Object(Zend_Controller_Request_Http), Object(Zend_Controller_Response_Http))
#1 D:\project\bag\library\framework\Zend\Application\Bootstrap\Bootstrap.php(101): Zend_Controller_Front->dispatch()
#2 D:\project\bag\library\framework\Zend\Application.php(366): Zend_Application_Bootstrap_Bootstrap->run()
#3 D:\project\bag\core\public\index.php(36): Zend_Application->run()
#4 {main}</pre>

<h3>Request Parameters:</h3>
<pre>array (
  'controller' => 'images',
  'action' => 'logo-mobile.png',
  'module' => 'home',
)</pre>
<h3>Server information:</h3>
<p>
<pre>array (
  'REDIRECT_REDIRECT_HTTP_APPLICATION_ENV' => 'development',
  'REDIRECT_REDIRECT_HTTP_PROJECT_HOST' => 'bag.local',
  'REDIRECT_REDIRECT_HTTP_APPLICATION_TIMEZONE' => 'Australia/Sydney',
  'REDIRECT_REDIRECT_STATUS' => '200',
  'REDIRECT_HTTP_APPLICATION_ENV' => 'development',
  'REDIRECT_HTTP_PROJECT_HOST' => 'bag.local',
  'REDIRECT_HTTP_APPLICATION_TIMEZONE' => 'Australia/Sydney',
  'REDIRECT_STATUS' => '200',
  'HTTP_APPLICATION_ENV' => 'development',
  'HTTP_PROJECT_HOST' => 'bag.local',
  'HTTP_APPLICATION_TIMEZONE' => 'Australia/Sydney',
  'HTTP_HOST' => 'bag.local',
  'HTTP_USER_AGENT' => 'Mozilla/5.0 (Windows NT 6.1; WOW64; rv:34.0) Gecko/20100101 Firefox/34.0',
  'HTTP_ACCEPT' => 'image/png,image/*;q=0.8,*/*;q=0.5',
  'HTTP_ACCEPT_LANGUAGE' => 'en-US,en;q=0.5',
  'HTTP_ACCEPT_ENCODING' => 'gzip, deflate',
  'HTTP_REFERER' => 'http://bag.local/staff/pickup',
  'HTTP_COOKIE' => 'b6589fc6ab0dc82cf12099d1c2d40ab994e8410c=sb87jjk18sg7k4e2m73r2uso74',
  'HTTP_CONNECTION' => 'keep-alive',
  'PATH' => 'C:\\Program Files (x86)\\NVIDIA Corporation\\PhysX\\Common;C:\\Program Files (x86)\\Intel\\iCLS Client\\;C:\\Program Files\\Intel\\iCLS Client\\;C:\\Windows\\system32;C:\\Windows;C:\\Windows\\System32\\Wbem;C:\\Windows\\System32\\WindowsPowerShell\\v1.0\\;C:\\Program Files\\Intel\\Intel(R) Management Engine Components\\DAL;C:\\Program Files\\Intel\\Intel(R) Management Engine Components\\IPT;C:\\Program Files (x86)\\Intel\\Intel(R) Management Engine Components\\DAL;C:\\Program Files (x86)\\Intel\\Intel(R) Management Engine Components\\IPT;C:\\Program Files (x86)\\Intel\\OpenCL SDK\\2.0\\bin\\x86;C:\\Program Files (x86)\\Intel\\OpenCL SDK\\2.0\\bin\\x64;C:\\Program Files\\TortoiseGit\\bin;D:\\server\\mysql\\bin;C:\\Program Files\\Java\\jdk1.8.0_05;D:\\server\\apache\\bin;D:\\server\\php;D:\\server\\mysql\\bin;C:\\Windows\\system32;C:\\Windows;C:\\Windows\\System32\\Wbem;C:\\Program Files\\SourceGear\\Common\\DiffMerge\\;',
  'SystemRoot' => 'C:\\Windows',
  'COMSPEC' => 'C:\\Windows\\system32\\cmd.exe',
  'PATHEXT' => '.COM;.EXE;.BAT;.CMD;.VBS;.VBE;.JS;.JSE;.WSF;.WSH;.MSC',
  'WINDIR' => 'C:\\Windows',
  'SERVER_SIGNATURE' => '',
  'SERVER_SOFTWARE' => 'Apache/2.2.19 (Win32) mod_ssl/2.2.19 OpenSSL/0.9.8r PHP/5.4.35',
  'SERVER_NAME' => 'bag.local',
  'SERVER_ADDR' => '127.0.0.1',
  'SERVER_PORT' => '80',
  'REMOTE_ADDR' => '127.0.0.1',
  'DOCUMENT_ROOT' => 'D:/project/bag',
  'SERVER_ADMIN' => 'admin@pc87.com',
  'SCRIPT_FILENAME' => 'D:/project/bag/core/public/index.php',
  'REMOTE_PORT' => '53784',
  'REDIRECT_URL' => '/core/public/images/logo-mobile.png',
  'GATEWAY_INTERFACE' => 'CGI/1.1',
  'SERVER_PROTOCOL' => 'HTTP/1.1',
  'REQUEST_METHOD' => 'GET',
  'QUERY_STRING' => '',
  'REQUEST_URI' => '/images/logo-mobile.png',
  'SCRIPT_NAME' => '/core/public/index.php',
  'PHP_SELF' => '/core/public/index.php',
  'REQUEST_TIME_FLOAT' => 1419062956.8050001,
  'REQUEST_TIME' => 1419062956,
)</pre></p>﻿Invalid controller specified (images)#0 D:\project\bag\library\framework\Zend\Controller\Front.php(954): Zend_Controller_Dispatcher_Standard->dispatch(Object(Zend_Controller_Request_Http), Object(Zend_Controller_Response_Http))
#1 D:\project\bag\library\framework\Zend\Application\Bootstrap\Bootstrap.php(101): Zend_Controller_Front->dispatch()
#2 D:\project\bag\library\framework\Zend\Application.php(366): Zend_Application_Bootstrap_Bootstrap->run()
#3 D:\project\bag\core\public\index.php(36): Zend_Application->run()
#4 {main}﻿<h1>An error occurred</h1>
<h2>Page not found</h2>
The error is logged. Please come back later.
<h3>Exception information:</h3>
<p>
    <b>Message:</b> Invalid controller specified (images)</p>

<h3>Stack trace:</h3>
<pre>#0 D:\project\bag\library\framework\Zend\Controller\Front.php(954): Zend_Controller_Dispatcher_Standard->dispatch(Object(Zend_Controller_Request_Http), Object(Zend_Controller_Response_Http))
#1 D:\project\bag\library\framework\Zend\Application\Bootstrap\Bootstrap.php(101): Zend_Controller_Front->dispatch()
#2 D:\project\bag\library\framework\Zend\Application.php(366): Zend_Application_Bootstrap_Bootstrap->run()
#3 D:\project\bag\core\public\index.php(36): Zend_Application->run()
#4 {main}</pre>

<h3>Request Parameters:</h3>
<pre>array (
  'controller' => 'images',
  'action' => 'logo-mobile.png',
  'module' => 'home',
)</pre>
<h3>Server information:</h3>
<p>
<pre>array (
  'REDIRECT_REDIRECT_HTTP_APPLICATION_ENV' => 'development',
  'REDIRECT_REDIRECT_HTTP_PROJECT_HOST' => 'bag.local',
  'REDIRECT_REDIRECT_HTTP_APPLICATION_TIMEZONE' => 'Australia/Sydney',
  'REDIRECT_REDIRECT_STATUS' => '200',
  'REDIRECT_HTTP_APPLICATION_ENV' => 'development',
  'REDIRECT_HTTP_PROJECT_HOST' => 'bag.local',
  'REDIRECT_HTTP_APPLICATION_TIMEZONE' => 'Australia/Sydney',
  'REDIRECT_STATUS' => '200',
  'HTTP_APPLICATION_ENV' => 'development',
  'HTTP_PROJECT_HOST' => 'bag.local',
  'HTTP_APPLICATION_TIMEZONE' => 'Australia/Sydney',
  'HTTP_HOST' => 'bag.local',
  'HTTP_USER_AGENT' => 'Mozilla/5.0 (Windows NT 6.1; WOW64; rv:34.0) Gecko/20100101 Firefox/34.0',
  'HTTP_ACCEPT' => 'image/png,image/*;q=0.8,*/*;q=0.5',
  'HTTP_ACCEPT_LANGUAGE' => 'en-US,en;q=0.5',
  'HTTP_ACCEPT_ENCODING' => 'gzip, deflate',
  'HTTP_REFERER' => 'http://bag.local/staff/pickup',
  'HTTP_COOKIE' => 'b6589fc6ab0dc82cf12099d1c2d40ab994e8410c=sb87jjk18sg7k4e2m73r2uso74',
  'HTTP_CONNECTION' => 'keep-alive',
  'PATH' => 'C:\\Program Files (x86)\\NVIDIA Corporation\\PhysX\\Common;C:\\Program Files (x86)\\Intel\\iCLS Client\\;C:\\Program Files\\Intel\\iCLS Client\\;C:\\Windows\\system32;C:\\Windows;C:\\Windows\\System32\\Wbem;C:\\Windows\\System32\\WindowsPowerShell\\v1.0\\;C:\\Program Files\\Intel\\Intel(R) Management Engine Components\\DAL;C:\\Program Files\\Intel\\Intel(R) Management Engine Components\\IPT;C:\\Program Files (x86)\\Intel\\Intel(R) Management Engine Components\\DAL;C:\\Program Files (x86)\\Intel\\Intel(R) Management Engine Components\\IPT;C:\\Program Files (x86)\\Intel\\OpenCL SDK\\2.0\\bin\\x86;C:\\Program Files (x86)\\Intel\\OpenCL SDK\\2.0\\bin\\x64;C:\\Program Files\\TortoiseGit\\bin;D:\\server\\mysql\\bin;C:\\Program Files\\Java\\jdk1.8.0_05;D:\\server\\apache\\bin;D:\\server\\php;D:\\server\\mysql\\bin;C:\\Windows\\system32;C:\\Windows;C:\\Windows\\System32\\Wbem;C:\\Program Files\\SourceGear\\Common\\DiffMerge\\;',
  'SystemRoot' => 'C:\\Windows',
  'COMSPEC' => 'C:\\Windows\\system32\\cmd.exe',
  'PATHEXT' => '.COM;.EXE;.BAT;.CMD;.VBS;.VBE;.JS;.JSE;.WSF;.WSH;.MSC',
  'WINDIR' => 'C:\\Windows',
  'SERVER_SIGNATURE' => '',
  'SERVER_SOFTWARE' => 'Apache/2.2.19 (Win32) mod_ssl/2.2.19 OpenSSL/0.9.8r PHP/5.4.35',
  'SERVER_NAME' => 'bag.local',
  'SERVER_ADDR' => '127.0.0.1',
  'SERVER_PORT' => '80',
  'REMOTE_ADDR' => '127.0.0.1',
  'DOCUMENT_ROOT' => 'D:/project/bag',
  'SERVER_ADMIN' => 'admin@pc87.com',
  'SCRIPT_FILENAME' => 'D:/project/bag/core/public/index.php',
  'REMOTE_PORT' => '53784',
  'REDIRECT_URL' => '/core/public/images/logo-mobile.png',
  'GATEWAY_INTERFACE' => 'CGI/1.1',
  'SERVER_PROTOCOL' => 'HTTP/1.1',
  'REQUEST_METHOD' => 'GET',
  'QUERY_STRING' => '',
  'REQUEST_URI' => '/images/logo-mobile.png',
  'SCRIPT_NAME' => '/core/public/index.php',
  'PHP_SELF' => '/core/public/index.php',
  'REQUEST_TIME_FLOAT' => 1419062957.1860001,
  'REQUEST_TIME' => 1419062957,
)</pre></p>﻿Invalid controller specified (images)#0 D:\project\bag\library\framework\Zend\Controller\Front.php(954): Zend_Controller_Dispatcher_Standard->dispatch(Object(Zend_Controller_Request_Http), Object(Zend_Controller_Response_Http))
#1 D:\project\bag\library\framework\Zend\Application\Bootstrap\Bootstrap.php(101): Zend_Controller_Front->dispatch()
#2 D:\project\bag\library\framework\Zend\Application.php(366): Zend_Application_Bootstrap_Bootstrap->run()
#3 D:\project\bag\core\public\index.php(36): Zend_Application->run()
#4 {main}﻿<h1>An error occurred</h1>
<h2>Page not found</h2>
The error is logged. Please come back later.
<h3>Exception information:</h3>
<p>
    <b>Message:</b> Invalid controller specified (images)</p>

<h3>Stack trace:</h3>
<pre>#0 D:\project\bag\library\framework\Zend\Controller\Front.php(954): Zend_Controller_Dispatcher_Standard->dispatch(Object(Zend_Controller_Request_Http), Object(Zend_Controller_Response_Http))
#1 D:\project\bag\library\framework\Zend\Application\Bootstrap\Bootstrap.php(101): Zend_Controller_Front->dispatch()
#2 D:\project\bag\library\framework\Zend\Application.php(366): Zend_Application_Bootstrap_Bootstrap->run()
#3 D:\project\bag\core\public\index.php(36): Zend_Application->run()
#4 {main}</pre>

<h3>Request Parameters:</h3>
<pre>array (
  'controller' => 'images',
  'action' => 'logo-mobile.png',
  'module' => 'home',
)</pre>
<h3>Server information:</h3>
<p>
<pre>array (
  'REDIRECT_REDIRECT_HTTP_APPLICATION_ENV' => 'development',
  'REDIRECT_REDIRECT_HTTP_PROJECT_HOST' => 'bag.local',
  'REDIRECT_REDIRECT_HTTP_APPLICATION_TIMEZONE' => 'Australia/Sydney',
  'REDIRECT_REDIRECT_STATUS' => '200',
  'REDIRECT_HTTP_APPLICATION_ENV' => 'development',
  'REDIRECT_HTTP_PROJECT_HOST' => 'bag.local',
  'REDIRECT_HTTP_APPLICATION_TIMEZONE' => 'Australia/Sydney',
  'REDIRECT_STATUS' => '200',
  'HTTP_APPLICATION_ENV' => 'development',
  'HTTP_PROJECT_HOST' => 'bag.local',
  'HTTP_APPLICATION_TIMEZONE' => 'Australia/Sydney',
  'HTTP_HOST' => 'bag.local',
  'HTTP_USER_AGENT' => 'Mozilla/5.0 (Windows NT 6.1; WOW64; rv:34.0) Gecko/20100101 Firefox/34.0',
  'HTTP_ACCEPT' => 'image/png,image/*;q=0.8,*/*;q=0.5',
  'HTTP_ACCEPT_LANGUAGE' => 'en-US,en;q=0.5',
  'HTTP_ACCEPT_ENCODING' => 'gzip, deflate',
  'HTTP_REFERER' => 'http://bag.local/staff/pickup',
  'HTTP_COOKIE' => 'b6589fc6ab0dc82cf12099d1c2d40ab994e8410c=sb87jjk18sg7k4e2m73r2uso74',
  'HTTP_CONNECTION' => 'keep-alive',
  'PATH' => 'C:\\Program Files (x86)\\NVIDIA Corporation\\PhysX\\Common;C:\\Program Files (x86)\\Intel\\iCLS Client\\;C:\\Program Files\\Intel\\iCLS Client\\;C:\\Windows\\system32;C:\\Windows;C:\\Windows\\System32\\Wbem;C:\\Windows\\System32\\WindowsPowerShell\\v1.0\\;C:\\Program Files\\Intel\\Intel(R) Management Engine Components\\DAL;C:\\Program Files\\Intel\\Intel(R) Management Engine Components\\IPT;C:\\Program Files (x86)\\Intel\\Intel(R) Management Engine Components\\DAL;C:\\Program Files (x86)\\Intel\\Intel(R) Management Engine Components\\IPT;C:\\Program Files (x86)\\Intel\\OpenCL SDK\\2.0\\bin\\x86;C:\\Program Files (x86)\\Intel\\OpenCL SDK\\2.0\\bin\\x64;C:\\Program Files\\TortoiseGit\\bin;D:\\server\\mysql\\bin;C:\\Program Files\\Java\\jdk1.8.0_05;D:\\server\\apache\\bin;D:\\server\\php;D:\\server\\mysql\\bin;C:\\Windows\\system32;C:\\Windows;C:\\Windows\\System32\\Wbem;C:\\Program Files\\SourceGear\\Common\\DiffMerge\\;',
  'SystemRoot' => 'C:\\Windows',
  'COMSPEC' => 'C:\\Windows\\system32\\cmd.exe',
  'PATHEXT' => '.COM;.EXE;.BAT;.CMD;.VBS;.VBE;.JS;.JSE;.WSF;.WSH;.MSC',
  'WINDIR' => 'C:\\Windows',
  'SERVER_SIGNATURE' => '',
  'SERVER_SOFTWARE' => 'Apache/2.2.19 (Win32) mod_ssl/2.2.19 OpenSSL/0.9.8r PHP/5.4.35',
  'SERVER_NAME' => 'bag.local',
  'SERVER_ADDR' => '127.0.0.1',
  'SERVER_PORT' => '80',
  'REMOTE_ADDR' => '127.0.0.1',
  'DOCUMENT_ROOT' => 'D:/project/bag',
  'SERVER_ADMIN' => 'admin@pc87.com',
  'SCRIPT_FILENAME' => 'D:/project/bag/core/public/index.php',
  'REMOTE_PORT' => '53801',
  'REDIRECT_URL' => '/core/public/images/logo-mobile.png',
  'GATEWAY_INTERFACE' => 'CGI/1.1',
  'SERVER_PROTOCOL' => 'HTTP/1.1',
  'REQUEST_METHOD' => 'GET',
  'QUERY_STRING' => '',
  'REQUEST_URI' => '/images/logo-mobile.png',
  'SCRIPT_NAME' => '/core/public/index.php',
  'PHP_SELF' => '/core/public/index.php',
  'REQUEST_TIME_FLOAT' => 1419063031.3599999,
  'REQUEST_TIME' => 1419063031,
)</pre></p>﻿Invalid controller specified (images)#0 D:\project\bag\library\framework\Zend\Controller\Front.php(954): Zend_Controller_Dispatcher_Standard->dispatch(Object(Zend_Controller_Request_Http), Object(Zend_Controller_Response_Http))
#1 D:\project\bag\library\framework\Zend\Application\Bootstrap\Bootstrap.php(101): Zend_Controller_Front->dispatch()
#2 D:\project\bag\library\framework\Zend\Application.php(366): Zend_Application_Bootstrap_Bootstrap->run()
#3 D:\project\bag\core\public\index.php(36): Zend_Application->run()
#4 {main}﻿<h1>An error occurred</h1>
<h2>Page not found</h2>
The error is logged. Please come back later.
<h3>Exception information:</h3>
<p>
    <b>Message:</b> Invalid controller specified (images)</p>

<h3>Stack trace:</h3>
<pre>#0 D:\project\bag\library\framework\Zend\Controller\Front.php(954): Zend_Controller_Dispatcher_Standard->dispatch(Object(Zend_Controller_Request_Http), Object(Zend_Controller_Response_Http))
#1 D:\project\bag\library\framework\Zend\Application\Bootstrap\Bootstrap.php(101): Zend_Controller_Front->dispatch()
#2 D:\project\bag\library\framework\Zend\Application.php(366): Zend_Application_Bootstrap_Bootstrap->run()
#3 D:\project\bag\core\public\index.php(36): Zend_Application->run()
#4 {main}</pre>

<h3>Request Parameters:</h3>
<pre>array (
  'controller' => 'images',
  'action' => 'logo-mobile.png',
  'module' => 'home',
)</pre>
<h3>Server information:</h3>
<p>
<pre>array (
  'REDIRECT_REDIRECT_HTTP_APPLICATION_ENV' => 'development',
  'REDIRECT_REDIRECT_HTTP_PROJECT_HOST' => 'bag.local',
  'REDIRECT_REDIRECT_HTTP_APPLICATION_TIMEZONE' => 'Australia/Sydney',
  'REDIRECT_REDIRECT_STATUS' => '200',
  'REDIRECT_HTTP_APPLICATION_ENV' => 'development',
  'REDIRECT_HTTP_PROJECT_HOST' => 'bag.local',
  'REDIRECT_HTTP_APPLICATION_TIMEZONE' => 'Australia/Sydney',
  'REDIRECT_STATUS' => '200',
  'HTTP_APPLICATION_ENV' => 'development',
  'HTTP_PROJECT_HOST' => 'bag.local',
  'HTTP_APPLICATION_TIMEZONE' => 'Australia/Sydney',
  'HTTP_HOST' => 'bag.local',
  'HTTP_USER_AGENT' => 'Mozilla/5.0 (Windows NT 6.1; WOW64; rv:34.0) Gecko/20100101 Firefox/34.0',
  'HTTP_ACCEPT' => 'image/png,image/*;q=0.8,*/*;q=0.5',
  'HTTP_ACCEPT_LANGUAGE' => 'en-US,en;q=0.5',
  'HTTP_ACCEPT_ENCODING' => 'gzip, deflate',
  'HTTP_REFERER' => 'http://bag.local/staff/pickup',
  'HTTP_COOKIE' => 'b6589fc6ab0dc82cf12099d1c2d40ab994e8410c=sb87jjk18sg7k4e2m73r2uso74',
  'HTTP_CONNECTION' => 'keep-alive',
  'PATH' => 'C:\\Program Files (x86)\\NVIDIA Corporation\\PhysX\\Common;C:\\Program Files (x86)\\Intel\\iCLS Client\\;C:\\Program Files\\Intel\\iCLS Client\\;C:\\Windows\\system32;C:\\Windows;C:\\Windows\\System32\\Wbem;C:\\Windows\\System32\\WindowsPowerShell\\v1.0\\;C:\\Program Files\\Intel\\Intel(R) Management Engine Components\\DAL;C:\\Program Files\\Intel\\Intel(R) Management Engine Components\\IPT;C:\\Program Files (x86)\\Intel\\Intel(R) Management Engine Components\\DAL;C:\\Program Files (x86)\\Intel\\Intel(R) Management Engine Components\\IPT;C:\\Program Files (x86)\\Intel\\OpenCL SDK\\2.0\\bin\\x86;C:\\Program Files (x86)\\Intel\\OpenCL SDK\\2.0\\bin\\x64;C:\\Program Files\\TortoiseGit\\bin;D:\\server\\mysql\\bin;C:\\Program Files\\Java\\jdk1.8.0_05;D:\\server\\apache\\bin;D:\\server\\php;D:\\server\\mysql\\bin;C:\\Windows\\system32;C:\\Windows;C:\\Windows\\System32\\Wbem;C:\\Program Files\\SourceGear\\Common\\DiffMerge\\;',
  'SystemRoot' => 'C:\\Windows',
  'COMSPEC' => 'C:\\Windows\\system32\\cmd.exe',
  'PATHEXT' => '.COM;.EXE;.BAT;.CMD;.VBS;.VBE;.JS;.JSE;.WSF;.WSH;.MSC',
  'WINDIR' => 'C:\\Windows',
  'SERVER_SIGNATURE' => '',
  'SERVER_SOFTWARE' => 'Apache/2.2.19 (Win32) mod_ssl/2.2.19 OpenSSL/0.9.8r PHP/5.4.35',
  'SERVER_NAME' => 'bag.local',
  'SERVER_ADDR' => '127.0.0.1',
  'SERVER_PORT' => '80',
  'REMOTE_ADDR' => '127.0.0.1',
  'DOCUMENT_ROOT' => 'D:/project/bag',
  'SERVER_ADMIN' => 'admin@pc87.com',
  'SCRIPT_FILENAME' => 'D:/project/bag/core/public/index.php',
  'REMOTE_PORT' => '53931',
  'REDIRECT_URL' => '/core/public/images/logo-mobile.png',
  'GATEWAY_INTERFACE' => 'CGI/1.1',
  'SERVER_PROTOCOL' => 'HTTP/1.1',
  'REQUEST_METHOD' => 'GET',
  'QUERY_STRING' => '',
  'REQUEST_URI' => '/images/logo-mobile.png',
  'SCRIPT_NAME' => '/core/public/index.php',
  'PHP_SELF' => '/core/public/index.php',
  'REQUEST_TIME_FLOAT' => 1419064122.178,
  'REQUEST_TIME' => 1419064122,
)</pre></p>﻿Invalid controller specified (images)#0 D:\project\bag\library\framework\Zend\Controller\Front.php(954): Zend_Controller_Dispatcher_Standard->dispatch(Object(Zend_Controller_Request_Http), Object(Zend_Controller_Response_Http))
#1 D:\project\bag\library\framework\Zend\Application\Bootstrap\Bootstrap.php(101): Zend_Controller_Front->dispatch()
#2 D:\project\bag\library\framework\Zend\Application.php(366): Zend_Application_Bootstrap_Bootstrap->run()
#3 D:\project\bag\core\public\index.php(36): Zend_Application->run()
#4 {main}﻿<h1>An error occurred</h1>
<h2>Page not found</h2>
The error is logged. Please come back later.
<h3>Exception information:</h3>
<p>
    <b>Message:</b> Invalid controller specified (images)</p>

<h3>Stack trace:</h3>
<pre>#0 D:\project\bag\library\framework\Zend\Controller\Front.php(954): Zend_Controller_Dispatcher_Standard->dispatch(Object(Zend_Controller_Request_Http), Object(Zend_Controller_Response_Http))
#1 D:\project\bag\library\framework\Zend\Application\Bootstrap\Bootstrap.php(101): Zend_Controller_Front->dispatch()
#2 D:\project\bag\library\framework\Zend\Application.php(366): Zend_Application_Bootstrap_Bootstrap->run()
#3 D:\project\bag\core\public\index.php(36): Zend_Application->run()
#4 {main}</pre>

<h3>Request Parameters:</h3>
<pre>array (
  'controller' => 'images',
  'action' => 'logo-mobile.png',
  'module' => 'home',
)</pre>
<h3>Server information:</h3>
<p>
<pre>array (
  'REDIRECT_REDIRECT_HTTP_APPLICATION_ENV' => 'development',
  'REDIRECT_REDIRECT_HTTP_PROJECT_HOST' => 'bag.local',
  'REDIRECT_REDIRECT_HTTP_APPLICATION_TIMEZONE' => 'Australia/Sydney',
  'REDIRECT_REDIRECT_STATUS' => '200',
  'REDIRECT_HTTP_APPLICATION_ENV' => 'development',
  'REDIRECT_HTTP_PROJECT_HOST' => 'bag.local',
  'REDIRECT_HTTP_APPLICATION_TIMEZONE' => 'Australia/Sydney',
  'REDIRECT_STATUS' => '200',
  'HTTP_APPLICATION_ENV' => 'development',
  'HTTP_PROJECT_HOST' => 'bag.local',
  'HTTP_APPLICATION_TIMEZONE' => 'Australia/Sydney',
  'HTTP_HOST' => 'bag.local',
  'HTTP_USER_AGENT' => 'Mozilla/5.0 (Windows NT 6.1; WOW64; rv:34.0) Gecko/20100101 Firefox/34.0',
  'HTTP_ACCEPT' => 'image/png,image/*;q=0.8,*/*;q=0.5',
  'HTTP_ACCEPT_LANGUAGE' => 'en-US,en;q=0.5',
  'HTTP_ACCEPT_ENCODING' => 'gzip, deflate',
  'HTTP_REFERER' => 'http://bag.local/staff/pickup',
  'HTTP_COOKIE' => 'b6589fc6ab0dc82cf12099d1c2d40ab994e8410c=sb87jjk18sg7k4e2m73r2uso74',
  'HTTP_CONNECTION' => 'keep-alive',
  'PATH' => 'C:\\Program Files (x86)\\NVIDIA Corporation\\PhysX\\Common;C:\\Program Files (x86)\\Intel\\iCLS Client\\;C:\\Program Files\\Intel\\iCLS Client\\;C:\\Windows\\system32;C:\\Windows;C:\\Windows\\System32\\Wbem;C:\\Windows\\System32\\WindowsPowerShell\\v1.0\\;C:\\Program Files\\Intel\\Intel(R) Management Engine Components\\DAL;C:\\Program Files\\Intel\\Intel(R) Management Engine Components\\IPT;C:\\Program Files (x86)\\Intel\\Intel(R) Management Engine Components\\DAL;C:\\Program Files (x86)\\Intel\\Intel(R) Management Engine Components\\IPT;C:\\Program Files (x86)\\Intel\\OpenCL SDK\\2.0\\bin\\x86;C:\\Program Files (x86)\\Intel\\OpenCL SDK\\2.0\\bin\\x64;C:\\Program Files\\TortoiseGit\\bin;D:\\server\\mysql\\bin;C:\\Program Files\\Java\\jdk1.8.0_05;D:\\server\\apache\\bin;D:\\server\\php;D:\\server\\mysql\\bin;C:\\Windows\\system32;C:\\Windows;C:\\Windows\\System32\\Wbem;C:\\Program Files\\SourceGear\\Common\\DiffMerge\\;',
  'SystemRoot' => 'C:\\Windows',
  'COMSPEC' => 'C:\\Windows\\system32\\cmd.exe',
  'PATHEXT' => '.COM;.EXE;.BAT;.CMD;.VBS;.VBE;.JS;.JSE;.WSF;.WSH;.MSC',
  'WINDIR' => 'C:\\Windows',
  'SERVER_SIGNATURE' => '',
  'SERVER_SOFTWARE' => 'Apache/2.2.19 (Win32) mod_ssl/2.2.19 OpenSSL/0.9.8r PHP/5.4.35',
  'SERVER_NAME' => 'bag.local',
  'SERVER_ADDR' => '127.0.0.1',
  'SERVER_PORT' => '80',
  'REMOTE_ADDR' => '127.0.0.1',
  'DOCUMENT_ROOT' => 'D:/project/bag',
  'SERVER_ADMIN' => 'admin@pc87.com',
  'SCRIPT_FILENAME' => 'D:/project/bag/core/public/index.php',
  'REMOTE_PORT' => '53955',
  'REDIRECT_URL' => '/core/public/images/logo-mobile.png',
  'GATEWAY_INTERFACE' => 'CGI/1.1',
  'SERVER_PROTOCOL' => 'HTTP/1.1',
  'REQUEST_METHOD' => 'GET',
  'QUERY_STRING' => '',
  'REQUEST_URI' => '/images/logo-mobile.png',
  'SCRIPT_NAME' => '/core/public/index.php',
  'PHP_SELF' => '/core/public/index.php',
  'REQUEST_TIME_FLOAT' => 1419064157.2780001,
  'REQUEST_TIME' => 1419064157,
)</pre></p>﻿Invalid controller specified (images)#0 D:\project\bag\library\framework\Zend\Controller\Front.php(954): Zend_Controller_Dispatcher_Standard->dispatch(Object(Zend_Controller_Request_Http), Object(Zend_Controller_Response_Http))
#1 D:\project\bag\library\framework\Zend\Application\Bootstrap\Bootstrap.php(101): Zend_Controller_Front->dispatch()
#2 D:\project\bag\library\framework\Zend\Application.php(366): Zend_Application_Bootstrap_Bootstrap->run()
#3 D:\project\bag\core\public\index.php(36): Zend_Application->run()
#4 {main}﻿<h1>An error occurred</h1>
<h2>Page not found</h2>
The error is logged. Please come back later.
<h3>Exception information:</h3>
<p>
    <b>Message:</b> Invalid controller specified (images)</p>

<h3>Stack trace:</h3>
<pre>#0 D:\project\bag\library\framework\Zend\Controller\Front.php(954): Zend_Controller_Dispatcher_Standard->dispatch(Object(Zend_Controller_Request_Http), Object(Zend_Controller_Response_Http))
#1 D:\project\bag\library\framework\Zend\Application\Bootstrap\Bootstrap.php(101): Zend_Controller_Front->dispatch()
#2 D:\project\bag\library\framework\Zend\Application.php(366): Zend_Application_Bootstrap_Bootstrap->run()
#3 D:\project\bag\core\public\index.php(36): Zend_Application->run()
#4 {main}</pre>

<h3>Request Parameters:</h3>
<pre>array (
  'controller' => 'images',
  'action' => 'logo-mobile.png',
  'module' => 'home',
)</pre>
<h3>Server information:</h3>
<p>
<pre>array (
  'REDIRECT_REDIRECT_HTTP_APPLICATION_ENV' => 'development',
  'REDIRECT_REDIRECT_HTTP_PROJECT_HOST' => 'bag.local',
  'REDIRECT_REDIRECT_HTTP_APPLICATION_TIMEZONE' => 'Australia/Sydney',
  'REDIRECT_REDIRECT_STATUS' => '200',
  'REDIRECT_HTTP_APPLICATION_ENV' => 'development',
  'REDIRECT_HTTP_PROJECT_HOST' => 'bag.local',
  'REDIRECT_HTTP_APPLICATION_TIMEZONE' => 'Australia/Sydney',
  'REDIRECT_STATUS' => '200',
  'HTTP_APPLICATION_ENV' => 'development',
  'HTTP_PROJECT_HOST' => 'bag.local',
  'HTTP_APPLICATION_TIMEZONE' => 'Australia/Sydney',
  'HTTP_HOST' => 'bag.local',
  'HTTP_USER_AGENT' => 'Mozilla/5.0 (Windows NT 6.1; WOW64; rv:34.0) Gecko/20100101 Firefox/34.0',
  'HTTP_ACCEPT' => 'image/png,image/*;q=0.8,*/*;q=0.5',
  'HTTP_ACCEPT_LANGUAGE' => 'en-US,en;q=0.5',
  'HTTP_ACCEPT_ENCODING' => 'gzip, deflate',
  'HTTP_REFERER' => 'http://bag.local/staff/pickup',
  'HTTP_COOKIE' => 'b6589fc6ab0dc82cf12099d1c2d40ab994e8410c=sb87jjk18sg7k4e2m73r2uso74',
  'HTTP_CONNECTION' => 'keep-alive',
  'PATH' => 'C:\\Program Files (x86)\\NVIDIA Corporation\\PhysX\\Common;C:\\Program Files (x86)\\Intel\\iCLS Client\\;C:\\Program Files\\Intel\\iCLS Client\\;C:\\Windows\\system32;C:\\Windows;C:\\Windows\\System32\\Wbem;C:\\Windows\\System32\\WindowsPowerShell\\v1.0\\;C:\\Program Files\\Intel\\Intel(R) Management Engine Components\\DAL;C:\\Program Files\\Intel\\Intel(R) Management Engine Components\\IPT;C:\\Program Files (x86)\\Intel\\Intel(R) Management Engine Components\\DAL;C:\\Program Files (x86)\\Intel\\Intel(R) Management Engine Components\\IPT;C:\\Program Files (x86)\\Intel\\OpenCL SDK\\2.0\\bin\\x86;C:\\Program Files (x86)\\Intel\\OpenCL SDK\\2.0\\bin\\x64;C:\\Program Files\\TortoiseGit\\bin;D:\\server\\mysql\\bin;C:\\Program Files\\Java\\jdk1.8.0_05;D:\\server\\apache\\bin;D:\\server\\php;D:\\server\\mysql\\bin;C:\\Windows\\system32;C:\\Windows;C:\\Windows\\System32\\Wbem;C:\\Program Files\\SourceGear\\Common\\DiffMerge\\;',
  'SystemRoot' => 'C:\\Windows',
  'COMSPEC' => 'C:\\Windows\\system32\\cmd.exe',
  'PATHEXT' => '.COM;.EXE;.BAT;.CMD;.VBS;.VBE;.JS;.JSE;.WSF;.WSH;.MSC',
  'WINDIR' => 'C:\\Windows',
  'SERVER_SIGNATURE' => '',
  'SERVER_SOFTWARE' => 'Apache/2.2.19 (Win32) mod_ssl/2.2.19 OpenSSL/0.9.8r PHP/5.4.35',
  'SERVER_NAME' => 'bag.local',
  'SERVER_ADDR' => '127.0.0.1',
  'SERVER_PORT' => '80',
  'REMOTE_ADDR' => '127.0.0.1',
  'DOCUMENT_ROOT' => 'D:/project/bag',
  'SERVER_ADMIN' => 'admin@pc87.com',
  'SCRIPT_FILENAME' => 'D:/project/bag/core/public/index.php',
  'REMOTE_PORT' => '53951',
  'REDIRECT_URL' => '/core/public/images/logo-mobile.png',
  'GATEWAY_INTERFACE' => 'CGI/1.1',
  'SERVER_PROTOCOL' => 'HTTP/1.1',
  'REQUEST_METHOD' => 'GET',
  'QUERY_STRING' => '',
  'REQUEST_URI' => '/images/logo-mobile.png',
  'SCRIPT_NAME' => '/core/public/index.php',
  'PHP_SELF' => '/core/public/index.php',
  'REQUEST_TIME_FLOAT' => 1419064157.6010001,
  'REQUEST_TIME' => 1419064157,
)</pre></p>﻿Invalid controller specified (images)#0 D:\project\bag\library\framework\Zend\Controller\Front.php(954): Zend_Controller_Dispatcher_Standard->dispatch(Object(Zend_Controller_Request_Http), Object(Zend_Controller_Response_Http))
#1 D:\project\bag\library\framework\Zend\Application\Bootstrap\Bootstrap.php(101): Zend_Controller_Front->dispatch()
#2 D:\project\bag\library\framework\Zend\Application.php(366): Zend_Application_Bootstrap_Bootstrap->run()
#3 D:\project\bag\core\public\index.php(36): Zend_Application->run()
#4 {main}﻿<h1>An error occurred</h1>
<h2>Page not found</h2>
The error is logged. Please come back later.
<h3>Exception information:</h3>
<p>
    <b>Message:</b> Invalid controller specified (images)</p>

<h3>Stack trace:</h3>
<pre>#0 D:\project\bag\library\framework\Zend\Controller\Front.php(954): Zend_Controller_Dispatcher_Standard->dispatch(Object(Zend_Controller_Request_Http), Object(Zend_Controller_Response_Http))
#1 D:\project\bag\library\framework\Zend\Application\Bootstrap\Bootstrap.php(101): Zend_Controller_Front->dispatch()
#2 D:\project\bag\library\framework\Zend\Application.php(366): Zend_Application_Bootstrap_Bootstrap->run()
#3 D:\project\bag\core\public\index.php(36): Zend_Application->run()
#4 {main}</pre>

<h3>Request Parameters:</h3>
<pre>array (
  'controller' => 'images',
  'action' => 'logo-mobile.png',
  'module' => 'home',
)</pre>
<h3>Server information:</h3>
<p>
<pre>array (
  'REDIRECT_REDIRECT_HTTP_APPLICATION_ENV' => 'development',
  'REDIRECT_REDIRECT_HTTP_PROJECT_HOST' => 'bag.local',
  'REDIRECT_REDIRECT_HTTP_APPLICATION_TIMEZONE' => 'Australia/Sydney',
  'REDIRECT_REDIRECT_STATUS' => '200',
  'REDIRECT_HTTP_APPLICATION_ENV' => 'development',
  'REDIRECT_HTTP_PROJECT_HOST' => 'bag.local',
  'REDIRECT_HTTP_APPLICATION_TIMEZONE' => 'Australia/Sydney',
  'REDIRECT_STATUS' => '200',
  'HTTP_APPLICATION_ENV' => 'development',
  'HTTP_PROJECT_HOST' => 'bag.local',
  'HTTP_APPLICATION_TIMEZONE' => 'Australia/Sydney',
  'HTTP_HOST' => 'bag.local',
  'HTTP_USER_AGENT' => 'Mozilla/5.0 (Windows NT 6.1; WOW64; rv:34.0) Gecko/20100101 Firefox/34.0',
  'HTTP_ACCEPT' => 'image/png,image/*;q=0.8,*/*;q=0.5',
  'HTTP_ACCEPT_LANGUAGE' => 'en-US,en;q=0.5',
  'HTTP_ACCEPT_ENCODING' => 'gzip, deflate',
  'HTTP_REFERER' => 'http://bag.local/staff/pickup',
  'HTTP_COOKIE' => 'b6589fc6ab0dc82cf12099d1c2d40ab994e8410c=sb87jjk18sg7k4e2m73r2uso74',
  'HTTP_CONNECTION' => 'keep-alive',
  'PATH' => 'C:\\Program Files (x86)\\NVIDIA Corporation\\PhysX\\Common;C:\\Program Files (x86)\\Intel\\iCLS Client\\;C:\\Program Files\\Intel\\iCLS Client\\;C:\\Windows\\system32;C:\\Windows;C:\\Windows\\System32\\Wbem;C:\\Windows\\System32\\WindowsPowerShell\\v1.0\\;C:\\Program Files\\Intel\\Intel(R) Management Engine Components\\DAL;C:\\Program Files\\Intel\\Intel(R) Management Engine Components\\IPT;C:\\Program Files (x86)\\Intel\\Intel(R) Management Engine Components\\DAL;C:\\Program Files (x86)\\Intel\\Intel(R) Management Engine Components\\IPT;C:\\Program Files (x86)\\Intel\\OpenCL SDK\\2.0\\bin\\x86;C:\\Program Files (x86)\\Intel\\OpenCL SDK\\2.0\\bin\\x64;C:\\Program Files\\TortoiseGit\\bin;D:\\server\\mysql\\bin;C:\\Program Files\\Java\\jdk1.8.0_05;D:\\server\\apache\\bin;D:\\server\\php;D:\\server\\mysql\\bin;C:\\Windows\\system32;C:\\Windows;C:\\Windows\\System32\\Wbem;C:\\Program Files\\SourceGear\\Common\\DiffMerge\\;',
  'SystemRoot' => 'C:\\Windows',
  'COMSPEC' => 'C:\\Windows\\system32\\cmd.exe',
  'PATHEXT' => '.COM;.EXE;.BAT;.CMD;.VBS;.VBE;.JS;.JSE;.WSF;.WSH;.MSC',
  'WINDIR' => 'C:\\Windows',
  'SERVER_SIGNATURE' => '',
  'SERVER_SOFTWARE' => 'Apache/2.2.19 (Win32) mod_ssl/2.2.19 OpenSSL/0.9.8r PHP/5.4.35',
  'SERVER_NAME' => 'bag.local',
  'SERVER_ADDR' => '127.0.0.1',
  'SERVER_PORT' => '80',
  'REMOTE_ADDR' => '127.0.0.1',
  'DOCUMENT_ROOT' => 'D:/project/bag',
  'SERVER_ADMIN' => 'admin@pc87.com',
  'SCRIPT_FILENAME' => 'D:/project/bag/core/public/index.php',
  'REMOTE_PORT' => '53962',
  'REDIRECT_URL' => '/core/public/images/logo-mobile.png',
  'GATEWAY_INTERFACE' => 'CGI/1.1',
  'SERVER_PROTOCOL' => 'HTTP/1.1',
  'REQUEST_METHOD' => 'GET',
  'QUERY_STRING' => '',
  'REQUEST_URI' => '/images/logo-mobile.png',
  'SCRIPT_NAME' => '/core/public/index.php',
  'PHP_SELF' => '/core/public/index.php',
  'REQUEST_TIME_FLOAT' => 1419064198.8889999,
  'REQUEST_TIME' => 1419064198,
)</pre></p>﻿Invalid controller specified (images)#0 D:\project\bag\library\framework\Zend\Controller\Front.php(954): Zend_Controller_Dispatcher_Standard->dispatch(Object(Zend_Controller_Request_Http), Object(Zend_Controller_Response_Http))
#1 D:\project\bag\library\framework\Zend\Application\Bootstrap\Bootstrap.php(101): Zend_Controller_Front->dispatch()
#2 D:\project\bag\library\framework\Zend\Application.php(366): Zend_Application_Bootstrap_Bootstrap->run()
#3 D:\project\bag\core\public\index.php(36): Zend_Application->run()
#4 {main}﻿<h1>An error occurred</h1>
<h2>Page not found</h2>
The error is logged. Please come back later.
<h3>Exception information:</h3>
<p>
    <b>Message:</b> Invalid controller specified (images)</p>

<h3>Stack trace:</h3>
<pre>#0 D:\project\bag\library\framework\Zend\Controller\Front.php(954): Zend_Controller_Dispatcher_Standard->dispatch(Object(Zend_Controller_Request_Http), Object(Zend_Controller_Response_Http))
#1 D:\project\bag\library\framework\Zend\Application\Bootstrap\Bootstrap.php(101): Zend_Controller_Front->dispatch()
#2 D:\project\bag\library\framework\Zend\Application.php(366): Zend_Application_Bootstrap_Bootstrap->run()
#3 D:\project\bag\core\public\index.php(36): Zend_Application->run()
#4 {main}</pre>

<h3>Request Parameters:</h3>
<pre>array (
  'controller' => 'images',
  'action' => 'logo-mobile.png',
  'module' => 'home',
)</pre>
<h3>Server information:</h3>
<p>
<pre>array (
  'REDIRECT_REDIRECT_HTTP_APPLICATION_ENV' => 'development',
  'REDIRECT_REDIRECT_HTTP_PROJECT_HOST' => 'bag.local',
  'REDIRECT_REDIRECT_HTTP_APPLICATION_TIMEZONE' => 'Australia/Sydney',
  'REDIRECT_REDIRECT_STATUS' => '200',
  'REDIRECT_HTTP_APPLICATION_ENV' => 'development',
  'REDIRECT_HTTP_PROJECT_HOST' => 'bag.local',
  'REDIRECT_HTTP_APPLICATION_TIMEZONE' => 'Australia/Sydney',
  'REDIRECT_STATUS' => '200',
  'HTTP_APPLICATION_ENV' => 'development',
  'HTTP_PROJECT_HOST' => 'bag.local',
  'HTTP_APPLICATION_TIMEZONE' => 'Australia/Sydney',
  'HTTP_HOST' => 'bag.local',
  'HTTP_USER_AGENT' => 'Mozilla/5.0 (Windows NT 6.1; WOW64; rv:34.0) Gecko/20100101 Firefox/34.0',
  'HTTP_ACCEPT' => 'image/png,image/*;q=0.8,*/*;q=0.5',
  'HTTP_ACCEPT_LANGUAGE' => 'en-US,en;q=0.5',
  'HTTP_ACCEPT_ENCODING' => 'gzip, deflate',
  'HTTP_REFERER' => 'http://bag.local/staff/pickup',
  'HTTP_COOKIE' => 'b6589fc6ab0dc82cf12099d1c2d40ab994e8410c=sb87jjk18sg7k4e2m73r2uso74',
  'HTTP_CONNECTION' => 'keep-alive',
  'PATH' => 'C:\\Program Files (x86)\\NVIDIA Corporation\\PhysX\\Common;C:\\Program Files (x86)\\Intel\\iCLS Client\\;C:\\Program Files\\Intel\\iCLS Client\\;C:\\Windows\\system32;C:\\Windows;C:\\Windows\\System32\\Wbem;C:\\Windows\\System32\\WindowsPowerShell\\v1.0\\;C:\\Program Files\\Intel\\Intel(R) Management Engine Components\\DAL;C:\\Program Files\\Intel\\Intel(R) Management Engine Components\\IPT;C:\\Program Files (x86)\\Intel\\Intel(R) Management Engine Components\\DAL;C:\\Program Files (x86)\\Intel\\Intel(R) Management Engine Components\\IPT;C:\\Program Files (x86)\\Intel\\OpenCL SDK\\2.0\\bin\\x86;C:\\Program Files (x86)\\Intel\\OpenCL SDK\\2.0\\bin\\x64;C:\\Program Files\\TortoiseGit\\bin;D:\\server\\mysql\\bin;C:\\Program Files\\Java\\jdk1.8.0_05;D:\\server\\apache\\bin;D:\\server\\php;D:\\server\\mysql\\bin;C:\\Windows\\system32;C:\\Windows;C:\\Windows\\System32\\Wbem;C:\\Program Files\\SourceGear\\Common\\DiffMerge\\;',
  'SystemRoot' => 'C:\\Windows',
  'COMSPEC' => 'C:\\Windows\\system32\\cmd.exe',
  'PATHEXT' => '.COM;.EXE;.BAT;.CMD;.VBS;.VBE;.JS;.JSE;.WSF;.WSH;.MSC',
  'WINDIR' => 'C:\\Windows',
  'SERVER_SIGNATURE' => '',
  'SERVER_SOFTWARE' => 'Apache/2.2.19 (Win32) mod_ssl/2.2.19 OpenSSL/0.9.8r PHP/5.4.35',
  'SERVER_NAME' => 'bag.local',
  'SERVER_ADDR' => '127.0.0.1',
  'SERVER_PORT' => '80',
  'REMOTE_ADDR' => '127.0.0.1',
  'DOCUMENT_ROOT' => 'D:/project/bag',
  'SERVER_ADMIN' => 'admin@pc87.com',
  'SCRIPT_FILENAME' => 'D:/project/bag/core/public/index.php',
  'REMOTE_PORT' => '53962',
  'REDIRECT_URL' => '/core/public/images/logo-mobile.png',
  'GATEWAY_INTERFACE' => 'CGI/1.1',
  'SERVER_PROTOCOL' => 'HTTP/1.1',
  'REQUEST_METHOD' => 'GET',
  'QUERY_STRING' => '',
  'REQUEST_URI' => '/images/logo-mobile.png',
  'SCRIPT_NAME' => '/core/public/index.php',
  'PHP_SELF' => '/core/public/index.php',
  'REQUEST_TIME_FLOAT' => 1419064305.0250001,
  'REQUEST_TIME' => 1419064305,
)</pre></p>﻿Invalid controller specified (images)#0 D:\project\bag\library\framework\Zend\Controller\Front.php(954): Zend_Controller_Dispatcher_Standard->dispatch(Object(Zend_Controller_Request_Http), Object(Zend_Controller_Response_Http))
#1 D:\project\bag\library\framework\Zend\Application\Bootstrap\Bootstrap.php(101): Zend_Controller_Front->dispatch()
#2 D:\project\bag\library\framework\Zend\Application.php(366): Zend_Application_Bootstrap_Bootstrap->run()
#3 D:\project\bag\core\public\index.php(36): Zend_Application->run()
#4 {main}﻿<h1>An error occurred</h1>
<h2>Page not found</h2>
The error is logged. Please come back later.
<h3>Exception information:</h3>
<p>
    <b>Message:</b> Invalid controller specified (images)</p>

<h3>Stack trace:</h3>
<pre>#0 D:\project\bag\library\framework\Zend\Controller\Front.php(954): Zend_Controller_Dispatcher_Standard->dispatch(Object(Zend_Controller_Request_Http), Object(Zend_Controller_Response_Http))
#1 D:\project\bag\library\framework\Zend\Application\Bootstrap\Bootstrap.php(101): Zend_Controller_Front->dispatch()
#2 D:\project\bag\library\framework\Zend\Application.php(366): Zend_Application_Bootstrap_Bootstrap->run()
#3 D:\project\bag\core\public\index.php(36): Zend_Application->run()
#4 {main}</pre>

<h3>Request Parameters:</h3>
<pre>array (
  'controller' => 'images',
  'action' => 'logo-mobile.png',
  'module' => 'home',
)</pre>
<h3>Server information:</h3>
<p>
<pre>array (
  'REDIRECT_REDIRECT_HTTP_APPLICATION_ENV' => 'development',
  'REDIRECT_REDIRECT_HTTP_PROJECT_HOST' => 'bag.local',
  'REDIRECT_REDIRECT_HTTP_APPLICATION_TIMEZONE' => 'Australia/Sydney',
  'REDIRECT_REDIRECT_STATUS' => '200',
  'REDIRECT_HTTP_APPLICATION_ENV' => 'development',
  'REDIRECT_HTTP_PROJECT_HOST' => 'bag.local',
  'REDIRECT_HTTP_APPLICATION_TIMEZONE' => 'Australia/Sydney',
  'REDIRECT_STATUS' => '200',
  'HTTP_APPLICATION_ENV' => 'development',
  'HTTP_PROJECT_HOST' => 'bag.local',
  'HTTP_APPLICATION_TIMEZONE' => 'Australia/Sydney',
  'HTTP_HOST' => 'bag.local',
  'HTTP_USER_AGENT' => 'Mozilla/5.0 (Windows NT 6.1; WOW64; rv:34.0) Gecko/20100101 Firefox/34.0',
  'HTTP_ACCEPT' => 'image/png,image/*;q=0.8,*/*;q=0.5',
  'HTTP_ACCEPT_LANGUAGE' => 'en-US,en;q=0.5',
  'HTTP_ACCEPT_ENCODING' => 'gzip, deflate',
  'HTTP_REFERER' => 'http://bag.local/staff/pickup?page=1&sort%5Bsort_field%5D=picked_up_active_time&sort%5Bsort_type%5D=ASC',
  'HTTP_COOKIE' => 'b6589fc6ab0dc82cf12099d1c2d40ab994e8410c=sb87jjk18sg7k4e2m73r2uso74',
  'HTTP_CONNECTION' => 'keep-alive',
  'PATH' => 'C:\\Program Files (x86)\\NVIDIA Corporation\\PhysX\\Common;C:\\Program Files (x86)\\Intel\\iCLS Client\\;C:\\Program Files\\Intel\\iCLS Client\\;C:\\Windows\\system32;C:\\Windows;C:\\Windows\\System32\\Wbem;C:\\Windows\\System32\\WindowsPowerShell\\v1.0\\;C:\\Program Files\\Intel\\Intel(R) Management Engine Components\\DAL;C:\\Program Files\\Intel\\Intel(R) Management Engine Components\\IPT;C:\\Program Files (x86)\\Intel\\Intel(R) Management Engine Components\\DAL;C:\\Program Files (x86)\\Intel\\Intel(R) Management Engine Components\\IPT;C:\\Program Files (x86)\\Intel\\OpenCL SDK\\2.0\\bin\\x86;C:\\Program Files (x86)\\Intel\\OpenCL SDK\\2.0\\bin\\x64;C:\\Program Files\\TortoiseGit\\bin;D:\\server\\mysql\\bin;C:\\Program Files\\Java\\jdk1.8.0_05;D:\\server\\apache\\bin;D:\\server\\php;D:\\server\\mysql\\bin;C:\\Windows\\system32;C:\\Windows;C:\\Windows\\System32\\Wbem;C:\\Program Files\\SourceGear\\Common\\DiffMerge\\;',
  'SystemRoot' => 'C:\\Windows',
  'COMSPEC' => 'C:\\Windows\\system32\\cmd.exe',
  'PATHEXT' => '.COM;.EXE;.BAT;.CMD;.VBS;.VBE;.JS;.JSE;.WSF;.WSH;.MSC',
  'WINDIR' => 'C:\\Windows',
  'SERVER_SIGNATURE' => '',
  'SERVER_SOFTWARE' => 'Apache/2.2.19 (Win32) mod_ssl/2.2.19 OpenSSL/0.9.8r PHP/5.4.35',
  'SERVER_NAME' => 'bag.local',
  'SERVER_ADDR' => '127.0.0.1',
  'SERVER_PORT' => '80',
  'REMOTE_ADDR' => '127.0.0.1',
  'DOCUMENT_ROOT' => 'D:/project/bag',
  'SERVER_ADMIN' => 'admin@pc87.com',
  'SCRIPT_FILENAME' => 'D:/project/bag/core/public/index.php',
  'REMOTE_PORT' => '54032',
  'REDIRECT_URL' => '/core/public/images/logo-mobile.png',
  'GATEWAY_INTERFACE' => 'CGI/1.1',
  'SERVER_PROTOCOL' => 'HTTP/1.1',
  'REQUEST_METHOD' => 'GET',
  'QUERY_STRING' => '',
  'REQUEST_URI' => '/images/logo-mobile.png',
  'SCRIPT_NAME' => '/core/public/index.php',
  'PHP_SELF' => '/core/public/index.php',
  'REQUEST_TIME_FLOAT' => 1419064615.5420001,
  'REQUEST_TIME' => 1419064615,
)</pre></p>﻿Invalid controller specified (images)#0 D:\project\bag\library\framework\Zend\Controller\Front.php(954): Zend_Controller_Dispatcher_Standard->dispatch(Object(Zend_Controller_Request_Http), Object(Zend_Controller_Response_Http))
#1 D:\project\bag\library\framework\Zend\Application\Bootstrap\Bootstrap.php(101): Zend_Controller_Front->dispatch()
#2 D:\project\bag\library\framework\Zend\Application.php(366): Zend_Application_Bootstrap_Bootstrap->run()
#3 D:\project\bag\core\public\index.php(36): Zend_Application->run()
#4 {main}﻿<h1>An error occurred</h1>
<h2>Page not found</h2>
The error is logged. Please come back later.
<h3>Exception information:</h3>
<p>
    <b>Message:</b> Invalid controller specified (images)</p>

<h3>Stack trace:</h3>
<pre>#0 D:\project\bag\library\framework\Zend\Controller\Front.php(954): Zend_Controller_Dispatcher_Standard->dispatch(Object(Zend_Controller_Request_Http), Object(Zend_Controller_Response_Http))
#1 D:\project\bag\library\framework\Zend\Application\Bootstrap\Bootstrap.php(101): Zend_Controller_Front->dispatch()
#2 D:\project\bag\library\framework\Zend\Application.php(366): Zend_Application_Bootstrap_Bootstrap->run()
#3 D:\project\bag\core\public\index.php(36): Zend_Application->run()
#4 {main}</pre>

<h3>Request Parameters:</h3>
<pre>array (
  'controller' => 'images',
  'action' => 'logo-mobile.png',
  'module' => 'home',
)</pre>
<h3>Server information:</h3>
<p>
<pre>array (
  'REDIRECT_REDIRECT_HTTP_APPLICATION_ENV' => 'development',
  'REDIRECT_REDIRECT_HTTP_PROJECT_HOST' => 'bag.local',
  'REDIRECT_REDIRECT_HTTP_APPLICATION_TIMEZONE' => 'Australia/Sydney',
  'REDIRECT_REDIRECT_STATUS' => '200',
  'REDIRECT_HTTP_APPLICATION_ENV' => 'development',
  'REDIRECT_HTTP_PROJECT_HOST' => 'bag.local',
  'REDIRECT_HTTP_APPLICATION_TIMEZONE' => 'Australia/Sydney',
  'REDIRECT_STATUS' => '200',
  'HTTP_APPLICATION_ENV' => 'development',
  'HTTP_PROJECT_HOST' => 'bag.local',
  'HTTP_APPLICATION_TIMEZONE' => 'Australia/Sydney',
  'HTTP_HOST' => 'bag.local',
  'HTTP_USER_AGENT' => 'Mozilla/5.0 (Windows NT 6.1; WOW64; rv:34.0) Gecko/20100101 Firefox/34.0',
  'HTTP_ACCEPT' => 'image/png,image/*;q=0.8,*/*;q=0.5',
  'HTTP_ACCEPT_LANGUAGE' => 'en-US,en;q=0.5',
  'HTTP_ACCEPT_ENCODING' => 'gzip, deflate',
  'HTTP_REFERER' => 'http://bag.local/staff/history',
  'HTTP_COOKIE' => 'b6589fc6ab0dc82cf12099d1c2d40ab994e8410c=sb87jjk18sg7k4e2m73r2uso74',
  'HTTP_CONNECTION' => 'keep-alive',
  'PATH' => 'C:\\Program Files (x86)\\NVIDIA Corporation\\PhysX\\Common;C:\\Program Files (x86)\\Intel\\iCLS Client\\;C:\\Program Files\\Intel\\iCLS Client\\;C:\\Windows\\system32;C:\\Windows;C:\\Windows\\System32\\Wbem;C:\\Windows\\System32\\WindowsPowerShell\\v1.0\\;C:\\Program Files\\Intel\\Intel(R) Management Engine Components\\DAL;C:\\Program Files\\Intel\\Intel(R) Management Engine Components\\IPT;C:\\Program Files (x86)\\Intel\\Intel(R) Management Engine Components\\DAL;C:\\Program Files (x86)\\Intel\\Intel(R) Management Engine Components\\IPT;C:\\Program Files (x86)\\Intel\\OpenCL SDK\\2.0\\bin\\x86;C:\\Program Files (x86)\\Intel\\OpenCL SDK\\2.0\\bin\\x64;C:\\Program Files\\TortoiseGit\\bin;D:\\server\\mysql\\bin;C:\\Program Files\\Java\\jdk1.8.0_05;D:\\server\\apache\\bin;D:\\server\\php;D:\\server\\mysql\\bin;C:\\Windows\\system32;C:\\Windows;C:\\Windows\\System32\\Wbem;C:\\Program Files\\SourceGear\\Common\\DiffMerge\\;',
  'SystemRoot' => 'C:\\Windows',
  'COMSPEC' => 'C:\\Windows\\system32\\cmd.exe',
  'PATHEXT' => '.COM;.EXE;.BAT;.CMD;.VBS;.VBE;.JS;.JSE;.WSF;.WSH;.MSC',
  'WINDIR' => 'C:\\Windows',
  'SERVER_SIGNATURE' => '',
  'SERVER_SOFTWARE' => 'Apache/2.2.19 (Win32) mod_ssl/2.2.19 OpenSSL/0.9.8r PHP/5.4.35',
  'SERVER_NAME' => 'bag.local',
  'SERVER_ADDR' => '127.0.0.1',
  'SERVER_PORT' => '80',
  'REMOTE_ADDR' => '127.0.0.1',
  'DOCUMENT_ROOT' => 'D:/project/bag',
  'SERVER_ADMIN' => 'admin@pc87.com',
  'SCRIPT_FILENAME' => 'D:/project/bag/core/public/index.php',
  'REMOTE_PORT' => '54042',
  'REDIRECT_URL' => '/core/public/images/logo-mobile.png',
  'GATEWAY_INTERFACE' => 'CGI/1.1',
  'SERVER_PROTOCOL' => 'HTTP/1.1',
  'REQUEST_METHOD' => 'GET',
  'QUERY_STRING' => '',
  'REQUEST_URI' => '/images/logo-mobile.png',
  'SCRIPT_NAME' => '/core/public/index.php',
  'PHP_SELF' => '/core/public/index.php',
  'REQUEST_TIME_FLOAT' => 1419064650.227,
  'REQUEST_TIME' => 1419064650,
)</pre></p>﻿Invalid controller specified (images)#0 D:\project\bag\library\framework\Zend\Controller\Front.php(954): Zend_Controller_Dispatcher_Standard->dispatch(Object(Zend_Controller_Request_Http), Object(Zend_Controller_Response_Http))
#1 D:\project\bag\library\framework\Zend\Application\Bootstrap\Bootstrap.php(101): Zend_Controller_Front->dispatch()
#2 D:\project\bag\library\framework\Zend\Application.php(366): Zend_Application_Bootstrap_Bootstrap->run()
#3 D:\project\bag\core\public\index.php(36): Zend_Application->run()
#4 {main}﻿<h1>An error occurred</h1>
<h2>Page not found</h2>
The error is logged. Please come back later.
<h3>Exception information:</h3>
<p>
    <b>Message:</b> Invalid controller specified (images)</p>

<h3>Stack trace:</h3>
<pre>#0 D:\project\bag\library\framework\Zend\Controller\Front.php(954): Zend_Controller_Dispatcher_Standard->dispatch(Object(Zend_Controller_Request_Http), Object(Zend_Controller_Response_Http))
#1 D:\project\bag\library\framework\Zend\Application\Bootstrap\Bootstrap.php(101): Zend_Controller_Front->dispatch()
#2 D:\project\bag\library\framework\Zend\Application.php(366): Zend_Application_Bootstrap_Bootstrap->run()
#3 D:\project\bag\core\public\index.php(36): Zend_Application->run()
#4 {main}</pre>

<h3>Request Parameters:</h3>
<pre>array (
  'controller' => 'images',
  'action' => 'logo-mobile.png',
  'module' => 'home',
)</pre>
<h3>Server information:</h3>
<p>
<pre>array (
  'REDIRECT_REDIRECT_HTTP_APPLICATION_ENV' => 'development',
  'REDIRECT_REDIRECT_HTTP_PROJECT_HOST' => 'bag.local',
  'REDIRECT_REDIRECT_HTTP_APPLICATION_TIMEZONE' => 'Australia/Sydney',
  'REDIRECT_REDIRECT_STATUS' => '200',
  'REDIRECT_HTTP_APPLICATION_ENV' => 'development',
  'REDIRECT_HTTP_PROJECT_HOST' => 'bag.local',
  'REDIRECT_HTTP_APPLICATION_TIMEZONE' => 'Australia/Sydney',
  'REDIRECT_STATUS' => '200',
  'HTTP_APPLICATION_ENV' => 'development',
  'HTTP_PROJECT_HOST' => 'bag.local',
  'HTTP_APPLICATION_TIMEZONE' => 'Australia/Sydney',
  'HTTP_HOST' => 'bag.local',
  'HTTP_USER_AGENT' => 'Mozilla/5.0 (Windows NT 6.1; WOW64; rv:34.0) Gecko/20100101 Firefox/34.0',
  'HTTP_ACCEPT' => 'image/png,image/*;q=0.8,*/*;q=0.5',
  'HTTP_ACCEPT_LANGUAGE' => 'en-US,en;q=0.5',
  'HTTP_ACCEPT_ENCODING' => 'gzip, deflate',
  'HTTP_REFERER' => 'http://bag.local/staff/history',
  'HTTP_COOKIE' => 'b6589fc6ab0dc82cf12099d1c2d40ab994e8410c=sb87jjk18sg7k4e2m73r2uso74',
  'HTTP_CONNECTION' => 'keep-alive',
  'PATH' => 'C:\\Program Files (x86)\\NVIDIA Corporation\\PhysX\\Common;C:\\Program Files (x86)\\Intel\\iCLS Client\\;C:\\Program Files\\Intel\\iCLS Client\\;C:\\Windows\\system32;C:\\Windows;C:\\Windows\\System32\\Wbem;C:\\Windows\\System32\\WindowsPowerShell\\v1.0\\;C:\\Program Files\\Intel\\Intel(R) Management Engine Components\\DAL;C:\\Program Files\\Intel\\Intel(R) Management Engine Components\\IPT;C:\\Program Files (x86)\\Intel\\Intel(R) Management Engine Components\\DAL;C:\\Program Files (x86)\\Intel\\Intel(R) Management Engine Components\\IPT;C:\\Program Files (x86)\\Intel\\OpenCL SDK\\2.0\\bin\\x86;C:\\Program Files (x86)\\Intel\\OpenCL SDK\\2.0\\bin\\x64;C:\\Program Files\\TortoiseGit\\bin;D:\\server\\mysql\\bin;C:\\Program Files\\Java\\jdk1.8.0_05;D:\\server\\apache\\bin;D:\\server\\php;D:\\server\\mysql\\bin;C:\\Windows\\system32;C:\\Windows;C:\\Windows\\System32\\Wbem;C:\\Program Files\\SourceGear\\Common\\DiffMerge\\;',
  'SystemRoot' => 'C:\\Windows',
  'COMSPEC' => 'C:\\Windows\\system32\\cmd.exe',
  'PATHEXT' => '.COM;.EXE;.BAT;.CMD;.VBS;.VBE;.JS;.JSE;.WSF;.WSH;.MSC',
  'WINDIR' => 'C:\\Windows',
  'SERVER_SIGNATURE' => '',
  'SERVER_SOFTWARE' => 'Apache/2.2.19 (Win32) mod_ssl/2.2.19 OpenSSL/0.9.8r PHP/5.4.35',
  'SERVER_NAME' => 'bag.local',
  'SERVER_ADDR' => '127.0.0.1',
  'SERVER_PORT' => '80',
  'REMOTE_ADDR' => '127.0.0.1',
  'DOCUMENT_ROOT' => 'D:/project/bag',
  'SERVER_ADMIN' => 'admin@pc87.com',
  'SCRIPT_FILENAME' => 'D:/project/bag/core/public/index.php',
  'REMOTE_PORT' => '54076',
  'REDIRECT_URL' => '/core/public/images/logo-mobile.png',
  'GATEWAY_INTERFACE' => 'CGI/1.1',
  'SERVER_PROTOCOL' => 'HTTP/1.1',
  'REQUEST_METHOD' => 'GET',
  'QUERY_STRING' => '',
  'REQUEST_URI' => '/images/logo-mobile.png',
  'SCRIPT_NAME' => '/core/public/index.php',
  'PHP_SELF' => '/core/public/index.php',
  'REQUEST_TIME_FLOAT' => 1419064736.102,
  'REQUEST_TIME' => 1419064736,
)</pre></p>﻿Invalid controller specified (images)#0 D:\project\bag\library\framework\Zend\Controller\Front.php(954): Zend_Controller_Dispatcher_Standard->dispatch(Object(Zend_Controller_Request_Http), Object(Zend_Controller_Response_Http))
#1 D:\project\bag\library\framework\Zend\Application\Bootstrap\Bootstrap.php(101): Zend_Controller_Front->dispatch()
#2 D:\project\bag\library\framework\Zend\Application.php(366): Zend_Application_Bootstrap_Bootstrap->run()
#3 D:\project\bag\core\public\index.php(36): Zend_Application->run()
#4 {main}﻿<h1>An error occurred</h1>
<h2>Page not found</h2>
The error is logged. Please come back later.
<h3>Exception information:</h3>
<p>
    <b>Message:</b> Invalid controller specified (images)</p>

<h3>Stack trace:</h3>
<pre>#0 D:\project\bag\library\framework\Zend\Controller\Front.php(954): Zend_Controller_Dispatcher_Standard->dispatch(Object(Zend_Controller_Request_Http), Object(Zend_Controller_Response_Http))
#1 D:\project\bag\library\framework\Zend\Application\Bootstrap\Bootstrap.php(101): Zend_Controller_Front->dispatch()
#2 D:\project\bag\library\framework\Zend\Application.php(366): Zend_Application_Bootstrap_Bootstrap->run()
#3 D:\project\bag\core\public\index.php(36): Zend_Application->run()
#4 {main}</pre>

<h3>Request Parameters:</h3>
<pre>array (
  'controller' => 'images',
  'action' => 'logo-mobile.png',
  'module' => 'home',
)</pre>
<h3>Server information:</h3>
<p>
<pre>array (
  'REDIRECT_REDIRECT_HTTP_APPLICATION_ENV' => 'development',
  'REDIRECT_REDIRECT_HTTP_PROJECT_HOST' => 'bag.local',
  'REDIRECT_REDIRECT_HTTP_APPLICATION_TIMEZONE' => 'Australia/Sydney',
  'REDIRECT_REDIRECT_STATUS' => '200',
  'REDIRECT_HTTP_APPLICATION_ENV' => 'development',
  'REDIRECT_HTTP_PROJECT_HOST' => 'bag.local',
  'REDIRECT_HTTP_APPLICATION_TIMEZONE' => 'Australia/Sydney',
  'REDIRECT_STATUS' => '200',
  'HTTP_APPLICATION_ENV' => 'development',
  'HTTP_PROJECT_HOST' => 'bag.local',
  'HTTP_APPLICATION_TIMEZONE' => 'Australia/Sydney',
  'HTTP_HOST' => 'bag.local',
  'HTTP_USER_AGENT' => 'Mozilla/5.0 (Windows NT 6.1; WOW64; rv:34.0) Gecko/20100101 Firefox/34.0',
  'HTTP_ACCEPT' => 'image/png,image/*;q=0.8,*/*;q=0.5',
  'HTTP_ACCEPT_LANGUAGE' => 'en-US,en;q=0.5',
  'HTTP_ACCEPT_ENCODING' => 'gzip, deflate',
  'HTTP_REFERER' => 'http://bag.local/staff/history',
  'HTTP_COOKIE' => 'b6589fc6ab0dc82cf12099d1c2d40ab994e8410c=sb87jjk18sg7k4e2m73r2uso74',
  'HTTP_CONNECTION' => 'keep-alive',
  'PATH' => 'C:\\Program Files (x86)\\NVIDIA Corporation\\PhysX\\Common;C:\\Program Files (x86)\\Intel\\iCLS Client\\;C:\\Program Files\\Intel\\iCLS Client\\;C:\\Windows\\system32;C:\\Windows;C:\\Windows\\System32\\Wbem;C:\\Windows\\System32\\WindowsPowerShell\\v1.0\\;C:\\Program Files\\Intel\\Intel(R) Management Engine Components\\DAL;C:\\Program Files\\Intel\\Intel(R) Management Engine Components\\IPT;C:\\Program Files (x86)\\Intel\\Intel(R) Management Engine Components\\DAL;C:\\Program Files (x86)\\Intel\\Intel(R) Management Engine Components\\IPT;C:\\Program Files (x86)\\Intel\\OpenCL SDK\\2.0\\bin\\x86;C:\\Program Files (x86)\\Intel\\OpenCL SDK\\2.0\\bin\\x64;C:\\Program Files\\TortoiseGit\\bin;D:\\server\\mysql\\bin;C:\\Program Files\\Java\\jdk1.8.0_05;D:\\server\\apache\\bin;D:\\server\\php;D:\\server\\mysql\\bin;C:\\Windows\\system32;C:\\Windows;C:\\Windows\\System32\\Wbem;C:\\Program Files\\SourceGear\\Common\\DiffMerge\\;',
  'SystemRoot' => 'C:\\Windows',
  'COMSPEC' => 'C:\\Windows\\system32\\cmd.exe',
  'PATHEXT' => '.COM;.EXE;.BAT;.CMD;.VBS;.VBE;.JS;.JSE;.WSF;.WSH;.MSC',
  'WINDIR' => 'C:\\Windows',
  'SERVER_SIGNATURE' => '',
  'SERVER_SOFTWARE' => 'Apache/2.2.19 (Win32) mod_ssl/2.2.19 OpenSSL/0.9.8r PHP/5.4.35',
  'SERVER_NAME' => 'bag.local',
  'SERVER_ADDR' => '127.0.0.1',
  'SERVER_PORT' => '80',
  'REMOTE_ADDR' => '127.0.0.1',
  'DOCUMENT_ROOT' => 'D:/project/bag',
  'SERVER_ADMIN' => 'admin@pc87.com',
  'SCRIPT_FILENAME' => 'D:/project/bag/core/public/index.php',
  'REMOTE_PORT' => '54073',
  'REDIRECT_URL' => '/core/public/images/logo-mobile.png',
  'GATEWAY_INTERFACE' => 'CGI/1.1',
  'SERVER_PROTOCOL' => 'HTTP/1.1',
  'REQUEST_METHOD' => 'GET',
  'QUERY_STRING' => '',
  'REQUEST_URI' => '/images/logo-mobile.png',
  'SCRIPT_NAME' => '/core/public/index.php',
  'PHP_SELF' => '/core/public/index.php',
  'REQUEST_TIME_FLOAT' => 1419064736.3840001,
  'REQUEST_TIME' => 1419064736,
)</pre></p>﻿Invalid controller specified (images)#0 D:\project\bag\library\framework\Zend\Controller\Front.php(954): Zend_Controller_Dispatcher_Standard->dispatch(Object(Zend_Controller_Request_Http), Object(Zend_Controller_Response_Http))
#1 D:\project\bag\library\framework\Zend\Application\Bootstrap\Bootstrap.php(101): Zend_Controller_Front->dispatch()
#2 D:\project\bag\library\framework\Zend\Application.php(366): Zend_Application_Bootstrap_Bootstrap->run()
#3 D:\project\bag\core\public\index.php(36): Zend_Application->run()
#4 {main}﻿<h1>An error occurred</h1>
<h2>Page not found</h2>
The error is logged. Please come back later.
<h3>Exception information:</h3>
<p>
    <b>Message:</b> Invalid controller specified (images)</p>

<h3>Stack trace:</h3>
<pre>#0 D:\project\bag\library\framework\Zend\Controller\Front.php(954): Zend_Controller_Dispatcher_Standard->dispatch(Object(Zend_Controller_Request_Http), Object(Zend_Controller_Response_Http))
#1 D:\project\bag\library\framework\Zend\Application\Bootstrap\Bootstrap.php(101): Zend_Controller_Front->dispatch()
#2 D:\project\bag\library\framework\Zend\Application.php(366): Zend_Application_Bootstrap_Bootstrap->run()
#3 D:\project\bag\core\public\index.php(36): Zend_Application->run()
#4 {main}</pre>

<h3>Request Parameters:</h3>
<pre>array (
  'controller' => 'images',
  'action' => 'logo-mobile.png',
  'module' => 'home',
)</pre>
<h3>Server information:</h3>
<p>
<pre>array (
  'REDIRECT_REDIRECT_HTTP_APPLICATION_ENV' => 'development',
  'REDIRECT_REDIRECT_HTTP_PROJECT_HOST' => 'bag.local',
  'REDIRECT_REDIRECT_HTTP_APPLICATION_TIMEZONE' => 'Australia/Sydney',
  'REDIRECT_REDIRECT_STATUS' => '200',
  'REDIRECT_HTTP_APPLICATION_ENV' => 'development',
  'REDIRECT_HTTP_PROJECT_HOST' => 'bag.local',
  'REDIRECT_HTTP_APPLICATION_TIMEZONE' => 'Australia/Sydney',
  'REDIRECT_STATUS' => '200',
  'HTTP_APPLICATION_ENV' => 'development',
  'HTTP_PROJECT_HOST' => 'bag.local',
  'HTTP_APPLICATION_TIMEZONE' => 'Australia/Sydney',
  'HTTP_HOST' => 'bag.local',
  'HTTP_USER_AGENT' => 'Mozilla/5.0 (Windows NT 6.1; WOW64; rv:34.0) Gecko/20100101 Firefox/34.0',
  'HTTP_ACCEPT' => 'image/png,image/*;q=0.8,*/*;q=0.5',
  'HTTP_ACCEPT_LANGUAGE' => 'en-US,en;q=0.5',
  'HTTP_ACCEPT_ENCODING' => 'gzip, deflate',
  'HTTP_REFERER' => 'http://bag.local/staff/history',
  'HTTP_COOKIE' => 'b6589fc6ab0dc82cf12099d1c2d40ab994e8410c=sb87jjk18sg7k4e2m73r2uso74',
  'HTTP_CONNECTION' => 'keep-alive',
  'PATH' => 'C:\\Program Files (x86)\\NVIDIA Corporation\\PhysX\\Common;C:\\Program Files (x86)\\Intel\\iCLS Client\\;C:\\Program Files\\Intel\\iCLS Client\\;C:\\Windows\\system32;C:\\Windows;C:\\Windows\\System32\\Wbem;C:\\Windows\\System32\\WindowsPowerShell\\v1.0\\;C:\\Program Files\\Intel\\Intel(R) Management Engine Components\\DAL;C:\\Program Files\\Intel\\Intel(R) Management Engine Components\\IPT;C:\\Program Files (x86)\\Intel\\Intel(R) Management Engine Components\\DAL;C:\\Program Files (x86)\\Intel\\Intel(R) Management Engine Components\\IPT;C:\\Program Files (x86)\\Intel\\OpenCL SDK\\2.0\\bin\\x86;C:\\Program Files (x86)\\Intel\\OpenCL SDK\\2.0\\bin\\x64;C:\\Program Files\\TortoiseGit\\bin;D:\\server\\mysql\\bin;C:\\Program Files\\Java\\jdk1.8.0_05;D:\\server\\apache\\bin;D:\\server\\php;D:\\server\\mysql\\bin;C:\\Windows\\system32;C:\\Windows;C:\\Windows\\System32\\Wbem;C:\\Program Files\\SourceGear\\Common\\DiffMerge\\;',
  'SystemRoot' => 'C:\\Windows',
  'COMSPEC' => 'C:\\Windows\\system32\\cmd.exe',
  'PATHEXT' => '.COM;.EXE;.BAT;.CMD;.VBS;.VBE;.JS;.JSE;.WSF;.WSH;.MSC',
  'WINDIR' => 'C:\\Windows',
  'SERVER_SIGNATURE' => '',
  'SERVER_SOFTWARE' => 'Apache/2.2.19 (Win32) mod_ssl/2.2.19 OpenSSL/0.9.8r PHP/5.4.35',
  'SERVER_NAME' => 'bag.local',
  'SERVER_ADDR' => '127.0.0.1',
  'SERVER_PORT' => '80',
  'REMOTE_ADDR' => '127.0.0.1',
  'DOCUMENT_ROOT' => 'D:/project/bag',
  'SERVER_ADMIN' => 'admin@pc87.com',
  'SCRIPT_FILENAME' => 'D:/project/bag/core/public/index.php',
  'REMOTE_PORT' => '54093',
  'REDIRECT_URL' => '/core/public/images/logo-mobile.png',
  'GATEWAY_INTERFACE' => 'CGI/1.1',
  'SERVER_PROTOCOL' => 'HTTP/1.1',
  'REQUEST_METHOD' => 'GET',
  'QUERY_STRING' => '',
  'REQUEST_URI' => '/images/logo-mobile.png',
  'SCRIPT_NAME' => '/core/public/index.php',
  'PHP_SELF' => '/core/public/index.php',
  'REQUEST_TIME_FLOAT' => 1419064752.165,
  'REQUEST_TIME' => 1419064752,
)</pre></p>﻿Invalid controller specified (images)#0 D:\project\bag\library\framework\Zend\Controller\Front.php(954): Zend_Controller_Dispatcher_Standard->dispatch(Object(Zend_Controller_Request_Http), Object(Zend_Controller_Response_Http))
#1 D:\project\bag\library\framework\Zend\Application\Bootstrap\Bootstrap.php(101): Zend_Controller_Front->dispatch()
#2 D:\project\bag\library\framework\Zend\Application.php(366): Zend_Application_Bootstrap_Bootstrap->run()
#3 D:\project\bag\core\public\index.php(36): Zend_Application->run()
#4 {main}﻿<h1>An error occurred</h1>
<h2>Page not found</h2>
The error is logged. Please come back later.
<h3>Exception information:</h3>
<p>
    <b>Message:</b> Invalid controller specified (images)</p>

<h3>Stack trace:</h3>
<pre>#0 D:\project\bag\library\framework\Zend\Controller\Front.php(954): Zend_Controller_Dispatcher_Standard->dispatch(Object(Zend_Controller_Request_Http), Object(Zend_Controller_Response_Http))
#1 D:\project\bag\library\framework\Zend\Application\Bootstrap\Bootstrap.php(101): Zend_Controller_Front->dispatch()
#2 D:\project\bag\library\framework\Zend\Application.php(366): Zend_Application_Bootstrap_Bootstrap->run()
#3 D:\project\bag\core\public\index.php(36): Zend_Application->run()
#4 {main}</pre>

<h3>Request Parameters:</h3>
<pre>array (
  'controller' => 'images',
  'action' => 'logo-mobile.png',
  'module' => 'home',
)</pre>
<h3>Server information:</h3>
<p>
<pre>array (
  'REDIRECT_REDIRECT_HTTP_APPLICATION_ENV' => 'development',
  'REDIRECT_REDIRECT_HTTP_PROJECT_HOST' => 'bag.local',
  'REDIRECT_REDIRECT_HTTP_APPLICATION_TIMEZONE' => 'Australia/Sydney',
  'REDIRECT_REDIRECT_STATUS' => '200',
  'REDIRECT_HTTP_APPLICATION_ENV' => 'development',
  'REDIRECT_HTTP_PROJECT_HOST' => 'bag.local',
  'REDIRECT_HTTP_APPLICATION_TIMEZONE' => 'Australia/Sydney',
  'REDIRECT_STATUS' => '200',
  'HTTP_APPLICATION_ENV' => 'development',
  'HTTP_PROJECT_HOST' => 'bag.local',
  'HTTP_APPLICATION_TIMEZONE' => 'Australia/Sydney',
  'HTTP_HOST' => 'bag.local',
  'HTTP_USER_AGENT' => 'Mozilla/5.0 (Windows NT 6.1; WOW64; rv:34.0) Gecko/20100101 Firefox/34.0',
  'HTTP_ACCEPT' => 'image/png,image/*;q=0.8,*/*;q=0.5',
  'HTTP_ACCEPT_LANGUAGE' => 'en-US,en;q=0.5',
  'HTTP_ACCEPT_ENCODING' => 'gzip, deflate',
  'HTTP_REFERER' => 'http://bag.local/staff/pickup',
  'HTTP_COOKIE' => 'b6589fc6ab0dc82cf12099d1c2d40ab994e8410c=sb87jjk18sg7k4e2m73r2uso74',
  'HTTP_CONNECTION' => 'keep-alive',
  'PATH' => 'C:\\Program Files (x86)\\NVIDIA Corporation\\PhysX\\Common;C:\\Program Files (x86)\\Intel\\iCLS Client\\;C:\\Program Files\\Intel\\iCLS Client\\;C:\\Windows\\system32;C:\\Windows;C:\\Windows\\System32\\Wbem;C:\\Windows\\System32\\WindowsPowerShell\\v1.0\\;C:\\Program Files\\Intel\\Intel(R) Management Engine Components\\DAL;C:\\Program Files\\Intel\\Intel(R) Management Engine Components\\IPT;C:\\Program Files (x86)\\Intel\\Intel(R) Management Engine Components\\DAL;C:\\Program Files (x86)\\Intel\\Intel(R) Management Engine Components\\IPT;C:\\Program Files (x86)\\Intel\\OpenCL SDK\\2.0\\bin\\x86;C:\\Program Files (x86)\\Intel\\OpenCL SDK\\2.0\\bin\\x64;C:\\Program Files\\TortoiseGit\\bin;D:\\server\\mysql\\bin;C:\\Program Files\\Java\\jdk1.8.0_05;D:\\server\\apache\\bin;D:\\server\\php;D:\\server\\mysql\\bin;C:\\Windows\\system32;C:\\Windows;C:\\Windows\\System32\\Wbem;C:\\Program Files\\SourceGear\\Common\\DiffMerge\\;',
  'SystemRoot' => 'C:\\Windows',
  'COMSPEC' => 'C:\\Windows\\system32\\cmd.exe',
  'PATHEXT' => '.COM;.EXE;.BAT;.CMD;.VBS;.VBE;.JS;.JSE;.WSF;.WSH;.MSC',
  'WINDIR' => 'C:\\Windows',
  'SERVER_SIGNATURE' => '',
  'SERVER_SOFTWARE' => 'Apache/2.2.19 (Win32) mod_ssl/2.2.19 OpenSSL/0.9.8r PHP/5.4.35',
  'SERVER_NAME' => 'bag.local',
  'SERVER_ADDR' => '127.0.0.1',
  'SERVER_PORT' => '80',
  'REMOTE_ADDR' => '127.0.0.1',
  'DOCUMENT_ROOT' => 'D:/project/bag',
  'SERVER_ADMIN' => 'admin@pc87.com',
  'SCRIPT_FILENAME' => 'D:/project/bag/core/public/index.php',
  'REMOTE_PORT' => '54269',
  'REDIRECT_URL' => '/core/public/images/logo-mobile.png',
  'GATEWAY_INTERFACE' => 'CGI/1.1',
  'SERVER_PROTOCOL' => 'HTTP/1.1',
  'REQUEST_METHOD' => 'GET',
  'QUERY_STRING' => '',
  'REQUEST_URI' => '/images/logo-mobile.png',
  'SCRIPT_NAME' => '/core/public/index.php',
  'PHP_SELF' => '/core/public/index.php',
  'REQUEST_TIME_FLOAT' => 1419064942.997,
  'REQUEST_TIME' => 1419064942,
)</pre></p>﻿Invalid controller specified (images)#0 D:\project\bag\library\framework\Zend\Controller\Front.php(954): Zend_Controller_Dispatcher_Standard->dispatch(Object(Zend_Controller_Request_Http), Object(Zend_Controller_Response_Http))
#1 D:\project\bag\library\framework\Zend\Application\Bootstrap\Bootstrap.php(101): Zend_Controller_Front->dispatch()
#2 D:\project\bag\library\framework\Zend\Application.php(366): Zend_Application_Bootstrap_Bootstrap->run()
#3 D:\project\bag\core\public\index.php(36): Zend_Application->run()
#4 {main}﻿<h1>An error occurred</h1>
<h2>Page not found</h2>
The error is logged. Please come back later.
<h3>Exception information:</h3>
<p>
    <b>Message:</b> Invalid controller specified (images)</p>

<h3>Stack trace:</h3>
<pre>#0 D:\project\bag\library\framework\Zend\Controller\Front.php(954): Zend_Controller_Dispatcher_Standard->dispatch(Object(Zend_Controller_Request_Http), Object(Zend_Controller_Response_Http))
#1 D:\project\bag\library\framework\Zend\Application\Bootstrap\Bootstrap.php(101): Zend_Controller_Front->dispatch()
#2 D:\project\bag\library\framework\Zend\Application.php(366): Zend_Application_Bootstrap_Bootstrap->run()
#3 D:\project\bag\core\public\index.php(36): Zend_Application->run()
#4 {main}</pre>

<h3>Request Parameters:</h3>
<pre>array (
  'controller' => 'images',
  'action' => 'logo-mobile.png',
  'module' => 'home',
)</pre>
<h3>Server information:</h3>
<p>
<pre>array (
  'REDIRECT_REDIRECT_HTTP_APPLICATION_ENV' => 'development',
  'REDIRECT_REDIRECT_HTTP_PROJECT_HOST' => 'bag.local',
  'REDIRECT_REDIRECT_HTTP_APPLICATION_TIMEZONE' => 'Australia/Sydney',
  'REDIRECT_REDIRECT_STATUS' => '200',
  'REDIRECT_HTTP_APPLICATION_ENV' => 'development',
  'REDIRECT_HTTP_PROJECT_HOST' => 'bag.local',
  'REDIRECT_HTTP_APPLICATION_TIMEZONE' => 'Australia/Sydney',
  'REDIRECT_STATUS' => '200',
  'HTTP_APPLICATION_ENV' => 'development',
  'HTTP_PROJECT_HOST' => 'bag.local',
  'HTTP_APPLICATION_TIMEZONE' => 'Australia/Sydney',
  'HTTP_HOST' => 'bag.local',
  'HTTP_USER_AGENT' => 'Mozilla/5.0 (Windows NT 6.1; WOW64; rv:34.0) Gecko/20100101 Firefox/34.0',
  'HTTP_ACCEPT' => 'image/png,image/*;q=0.8,*/*;q=0.5',
  'HTTP_ACCEPT_LANGUAGE' => 'en-US,en;q=0.5',
  'HTTP_ACCEPT_ENCODING' => 'gzip, deflate',
  'HTTP_REFERER' => 'http://bag.local/staff/history',
  'HTTP_COOKIE' => 'b6589fc6ab0dc82cf12099d1c2d40ab994e8410c=sb87jjk18sg7k4e2m73r2uso74',
  'HTTP_CONNECTION' => 'keep-alive',
  'PATH' => 'C:\\Program Files (x86)\\NVIDIA Corporation\\PhysX\\Common;C:\\Program Files (x86)\\Intel\\iCLS Client\\;C:\\Program Files\\Intel\\iCLS Client\\;C:\\Windows\\system32;C:\\Windows;C:\\Windows\\System32\\Wbem;C:\\Windows\\System32\\WindowsPowerShell\\v1.0\\;C:\\Program Files\\Intel\\Intel(R) Management Engine Components\\DAL;C:\\Program Files\\Intel\\Intel(R) Management Engine Components\\IPT;C:\\Program Files (x86)\\Intel\\Intel(R) Management Engine Components\\DAL;C:\\Program Files (x86)\\Intel\\Intel(R) Management Engine Components\\IPT;C:\\Program Files (x86)\\Intel\\OpenCL SDK\\2.0\\bin\\x86;C:\\Program Files (x86)\\Intel\\OpenCL SDK\\2.0\\bin\\x64;C:\\Program Files\\TortoiseGit\\bin;D:\\server\\mysql\\bin;C:\\Program Files\\Java\\jdk1.8.0_05;D:\\server\\apache\\bin;D:\\server\\php;D:\\server\\mysql\\bin;C:\\Windows\\system32;C:\\Windows;C:\\Windows\\System32\\Wbem;C:\\Program Files\\SourceGear\\Common\\DiffMerge\\;',
  'SystemRoot' => 'C:\\Windows',
  'COMSPEC' => 'C:\\Windows\\system32\\cmd.exe',
  'PATHEXT' => '.COM;.EXE;.BAT;.CMD;.VBS;.VBE;.JS;.JSE;.WSF;.WSH;.MSC',
  'WINDIR' => 'C:\\Windows',
  'SERVER_SIGNATURE' => '',
  'SERVER_SOFTWARE' => 'Apache/2.2.19 (Win32) mod_ssl/2.2.19 OpenSSL/0.9.8r PHP/5.4.35',
  'SERVER_NAME' => 'bag.local',
  'SERVER_ADDR' => '127.0.0.1',
  'SERVER_PORT' => '80',
  'REMOTE_ADDR' => '127.0.0.1',
  'DOCUMENT_ROOT' => 'D:/project/bag',
  'SERVER_ADMIN' => 'admin@pc87.com',
  'SCRIPT_FILENAME' => 'D:/project/bag/core/public/index.php',
  'REMOTE_PORT' => '54279',
  'REDIRECT_URL' => '/core/public/images/logo-mobile.png',
  'GATEWAY_INTERFACE' => 'CGI/1.1',
  'SERVER_PROTOCOL' => 'HTTP/1.1',
  'REQUEST_METHOD' => 'GET',
  'QUERY_STRING' => '',
  'REQUEST_URI' => '/images/logo-mobile.png',
  'SCRIPT_NAME' => '/core/public/index.php',
  'PHP_SELF' => '/core/public/index.php',
  'REQUEST_TIME_FLOAT' => 1419065025.9749999,
  'REQUEST_TIME' => 1419065025,
)</pre></p>﻿Invalid controller specified (images)#0 D:\project\bag\library\framework\Zend\Controller\Front.php(954): Zend_Controller_Dispatcher_Standard->dispatch(Object(Zend_Controller_Request_Http), Object(Zend_Controller_Response_Http))
#1 D:\project\bag\library\framework\Zend\Application\Bootstrap\Bootstrap.php(101): Zend_Controller_Front->dispatch()
#2 D:\project\bag\library\framework\Zend\Application.php(366): Zend_Application_Bootstrap_Bootstrap->run()
#3 D:\project\bag\core\public\index.php(36): Zend_Application->run()
#4 {main}﻿<h1>An error occurred</h1>
<h2>Page not found</h2>
The error is logged. Please come back later.
<h3>Exception information:</h3>
<p>
    <b>Message:</b> Invalid controller specified (images)</p>

<h3>Stack trace:</h3>
<pre>#0 D:\project\bag\library\framework\Zend\Controller\Front.php(954): Zend_Controller_Dispatcher_Standard->dispatch(Object(Zend_Controller_Request_Http), Object(Zend_Controller_Response_Http))
#1 D:\project\bag\library\framework\Zend\Application\Bootstrap\Bootstrap.php(101): Zend_Controller_Front->dispatch()
#2 D:\project\bag\library\framework\Zend\Application.php(366): Zend_Application_Bootstrap_Bootstrap->run()
#3 D:\project\bag\core\public\index.php(36): Zend_Application->run()
#4 {main}</pre>

<h3>Request Parameters:</h3>
<pre>array (
  'controller' => 'images',
  'action' => 'logo-mobile.png',
  'module' => 'home',
)</pre>
<h3>Server information:</h3>
<p>
<pre>array (
  'REDIRECT_REDIRECT_HTTP_APPLICATION_ENV' => 'development',
  'REDIRECT_REDIRECT_HTTP_PROJECT_HOST' => 'bag.local',
  'REDIRECT_REDIRECT_HTTP_APPLICATION_TIMEZONE' => 'Australia/Sydney',
  'REDIRECT_REDIRECT_STATUS' => '200',
  'REDIRECT_HTTP_APPLICATION_ENV' => 'development',
  'REDIRECT_HTTP_PROJECT_HOST' => 'bag.local',
  'REDIRECT_HTTP_APPLICATION_TIMEZONE' => 'Australia/Sydney',
  'REDIRECT_STATUS' => '200',
  'HTTP_APPLICATION_ENV' => 'development',
  'HTTP_PROJECT_HOST' => 'bag.local',
  'HTTP_APPLICATION_TIMEZONE' => 'Australia/Sydney',
  'HTTP_HOST' => 'bag.local',
  'HTTP_USER_AGENT' => 'Mozilla/5.0 (Windows NT 6.1; WOW64; rv:34.0) Gecko/20100101 Firefox/34.0',
  'HTTP_ACCEPT' => 'image/png,image/*;q=0.8,*/*;q=0.5',
  'HTTP_ACCEPT_LANGUAGE' => 'en-US,en;q=0.5',
  'HTTP_ACCEPT_ENCODING' => 'gzip, deflate',
  'HTTP_REFERER' => 'http://bag.local/staff/pickup',
  'HTTP_COOKIE' => 'b6589fc6ab0dc82cf12099d1c2d40ab994e8410c=sb87jjk18sg7k4e2m73r2uso74',
  'HTTP_CONNECTION' => 'keep-alive',
  'PATH' => 'C:\\Program Files (x86)\\NVIDIA Corporation\\PhysX\\Common;C:\\Program Files (x86)\\Intel\\iCLS Client\\;C:\\Program Files\\Intel\\iCLS Client\\;C:\\Windows\\system32;C:\\Windows;C:\\Windows\\System32\\Wbem;C:\\Windows\\System32\\WindowsPowerShell\\v1.0\\;C:\\Program Files\\Intel\\Intel(R) Management Engine Components\\DAL;C:\\Program Files\\Intel\\Intel(R) Management Engine Components\\IPT;C:\\Program Files (x86)\\Intel\\Intel(R) Management Engine Components\\DAL;C:\\Program Files (x86)\\Intel\\Intel(R) Management Engine Components\\IPT;C:\\Program Files (x86)\\Intel\\OpenCL SDK\\2.0\\bin\\x86;C:\\Program Files (x86)\\Intel\\OpenCL SDK\\2.0\\bin\\x64;C:\\Program Files\\TortoiseGit\\bin;D:\\server\\mysql\\bin;C:\\Program Files\\Java\\jdk1.8.0_05;D:\\server\\apache\\bin;D:\\server\\php;D:\\server\\mysql\\bin;C:\\Windows\\system32;C:\\Windows;C:\\Windows\\System32\\Wbem;C:\\Program Files\\SourceGear\\Common\\DiffMerge\\;',
  'SystemRoot' => 'C:\\Windows',
  'COMSPEC' => 'C:\\Windows\\system32\\cmd.exe',
  'PATHEXT' => '.COM;.EXE;.BAT;.CMD;.VBS;.VBE;.JS;.JSE;.WSF;.WSH;.MSC',
  'WINDIR' => 'C:\\Windows',
  'SERVER_SIGNATURE' => '',
  'SERVER_SOFTWARE' => 'Apache/2.2.19 (Win32) mod_ssl/2.2.19 OpenSSL/0.9.8r PHP/5.4.35',
  'SERVER_NAME' => 'bag.local',
  'SERVER_ADDR' => '127.0.0.1',
  'SERVER_PORT' => '80',
  'REMOTE_ADDR' => '127.0.0.1',
  'DOCUMENT_ROOT' => 'D:/project/bag',
  'SERVER_ADMIN' => 'admin@pc87.com',
  'SCRIPT_FILENAME' => 'D:/project/bag/core/public/index.php',
  'REMOTE_PORT' => '54279',
  'REDIRECT_URL' => '/core/public/images/logo-mobile.png',
  'GATEWAY_INTERFACE' => 'CGI/1.1',
  'SERVER_PROTOCOL' => 'HTTP/1.1',
  'REQUEST_METHOD' => 'GET',
  'QUERY_STRING' => '',
  'REQUEST_URI' => '/images/logo-mobile.png',
  'SCRIPT_NAME' => '/core/public/index.php',
  'PHP_SELF' => '/core/public/index.php',
  'REQUEST_TIME_FLOAT' => 1419065029.9779999,
  'REQUEST_TIME' => 1419065029,
)</pre></p>﻿Invalid controller specified (images)#0 D:\project\bag\library\framework\Zend\Controller\Front.php(954): Zend_Controller_Dispatcher_Standard->dispatch(Object(Zend_Controller_Request_Http), Object(Zend_Controller_Response_Http))
#1 D:\project\bag\library\framework\Zend\Application\Bootstrap\Bootstrap.php(101): Zend_Controller_Front->dispatch()
#2 D:\project\bag\library\framework\Zend\Application.php(366): Zend_Application_Bootstrap_Bootstrap->run()
#3 D:\project\bag\core\public\index.php(36): Zend_Application->run()
#4 {main}﻿<h1>An error occurred</h1>
<h2>Page not found</h2>
The error is logged. Please come back later.
<h3>Exception information:</h3>
<p>
    <b>Message:</b> Invalid controller specified (images)</p>

<h3>Stack trace:</h3>
<pre>#0 D:\project\bag\library\framework\Zend\Controller\Front.php(954): Zend_Controller_Dispatcher_Standard->dispatch(Object(Zend_Controller_Request_Http), Object(Zend_Controller_Response_Http))
#1 D:\project\bag\library\framework\Zend\Application\Bootstrap\Bootstrap.php(101): Zend_Controller_Front->dispatch()
#2 D:\project\bag\library\framework\Zend\Application.php(366): Zend_Application_Bootstrap_Bootstrap->run()
#3 D:\project\bag\core\public\index.php(36): Zend_Application->run()
#4 {main}</pre>

<h3>Request Parameters:</h3>
<pre>array (
  'controller' => 'images',
  'action' => 'logo-mobile.png',
  'module' => 'home',
)</pre>
<h3>Server information:</h3>
<p>
<pre>array (
  'REDIRECT_REDIRECT_HTTP_APPLICATION_ENV' => 'development',
  'REDIRECT_REDIRECT_HTTP_PROJECT_HOST' => 'bag.local',
  'REDIRECT_REDIRECT_HTTP_APPLICATION_TIMEZONE' => 'Australia/Sydney',
  'REDIRECT_REDIRECT_STATUS' => '200',
  'REDIRECT_HTTP_APPLICATION_ENV' => 'development',
  'REDIRECT_HTTP_PROJECT_HOST' => 'bag.local',
  'REDIRECT_HTTP_APPLICATION_TIMEZONE' => 'Australia/Sydney',
  'REDIRECT_STATUS' => '200',
  'HTTP_APPLICATION_ENV' => 'development',
  'HTTP_PROJECT_HOST' => 'bag.local',
  'HTTP_APPLICATION_TIMEZONE' => 'Australia/Sydney',
  'HTTP_HOST' => 'bag.local',
  'HTTP_USER_AGENT' => 'Mozilla/5.0 (Windows NT 6.1; WOW64; rv:34.0) Gecko/20100101 Firefox/34.0',
  'HTTP_ACCEPT' => 'image/png,image/*;q=0.8,*/*;q=0.5',
  'HTTP_ACCEPT_LANGUAGE' => 'en-US,en;q=0.5',
  'HTTP_ACCEPT_ENCODING' => 'gzip, deflate',
  'HTTP_REFERER' => 'http://bag.local/staff/pickup',
  'HTTP_COOKIE' => 'b6589fc6ab0dc82cf12099d1c2d40ab994e8410c=sb87jjk18sg7k4e2m73r2uso74',
  'HTTP_CONNECTION' => 'keep-alive',
  'PATH' => 'C:\\Program Files (x86)\\NVIDIA Corporation\\PhysX\\Common;C:\\Program Files (x86)\\Intel\\iCLS Client\\;C:\\Program Files\\Intel\\iCLS Client\\;C:\\Windows\\system32;C:\\Windows;C:\\Windows\\System32\\Wbem;C:\\Windows\\System32\\WindowsPowerShell\\v1.0\\;C:\\Program Files\\Intel\\Intel(R) Management Engine Components\\DAL;C:\\Program Files\\Intel\\Intel(R) Management Engine Components\\IPT;C:\\Program Files (x86)\\Intel\\Intel(R) Management Engine Components\\DAL;C:\\Program Files (x86)\\Intel\\Intel(R) Management Engine Components\\IPT;C:\\Program Files (x86)\\Intel\\OpenCL SDK\\2.0\\bin\\x86;C:\\Program Files (x86)\\Intel\\OpenCL SDK\\2.0\\bin\\x64;C:\\Program Files\\TortoiseGit\\bin;D:\\server\\mysql\\bin;C:\\Program Files\\Java\\jdk1.8.0_05;D:\\server\\apache\\bin;D:\\server\\php;D:\\server\\mysql\\bin;C:\\Windows\\system32;C:\\Windows;C:\\Windows\\System32\\Wbem;C:\\Program Files\\SourceGear\\Common\\DiffMerge\\;',
  'SystemRoot' => 'C:\\Windows',
  'COMSPEC' => 'C:\\Windows\\system32\\cmd.exe',
  'PATHEXT' => '.COM;.EXE;.BAT;.CMD;.VBS;.VBE;.JS;.JSE;.WSF;.WSH;.MSC',
  'WINDIR' => 'C:\\Windows',
  'SERVER_SIGNATURE' => '',
  'SERVER_SOFTWARE' => 'Apache/2.2.19 (Win32) mod_ssl/2.2.19 OpenSSL/0.9.8r PHP/5.4.35',
  'SERVER_NAME' => 'bag.local',
  'SERVER_ADDR' => '127.0.0.1',
  'SERVER_PORT' => '80',
  'REMOTE_ADDR' => '127.0.0.1',
  'DOCUMENT_ROOT' => 'D:/project/bag',
  'SERVER_ADMIN' => 'admin@pc87.com',
  'SCRIPT_FILENAME' => 'D:/project/bag/core/public/index.php',
  'REMOTE_PORT' => '54313',
  'REDIRECT_URL' => '/core/public/images/logo-mobile.png',
  'GATEWAY_INTERFACE' => 'CGI/1.1',
  'SERVER_PROTOCOL' => 'HTTP/1.1',
  'REQUEST_METHOD' => 'GET',
  'QUERY_STRING' => '',
  'REQUEST_URI' => '/images/logo-mobile.png',
  'SCRIPT_NAME' => '/core/public/index.php',
  'PHP_SELF' => '/core/public/index.php',
  'REQUEST_TIME_FLOAT' => 1419065156.1700001,
  'REQUEST_TIME' => 1419065156,
)</pre></p>﻿Invalid controller specified (images)#0 D:\project\bag\library\framework\Zend\Controller\Front.php(954): Zend_Controller_Dispatcher_Standard->dispatch(Object(Zend_Controller_Request_Http), Object(Zend_Controller_Response_Http))
#1 D:\project\bag\library\framework\Zend\Application\Bootstrap\Bootstrap.php(101): Zend_Controller_Front->dispatch()
#2 D:\project\bag\library\framework\Zend\Application.php(366): Zend_Application_Bootstrap_Bootstrap->run()
#3 D:\project\bag\core\public\index.php(36): Zend_Application->run()
#4 {main}﻿<h1>An error occurred</h1>
<h2>Page not found</h2>
The error is logged. Please come back later.
<h3>Exception information:</h3>
<p>
    <b>Message:</b> Invalid controller specified (images)</p>

<h3>Stack trace:</h3>
<pre>#0 D:\project\bag\library\framework\Zend\Controller\Front.php(954): Zend_Controller_Dispatcher_Standard->dispatch(Object(Zend_Controller_Request_Http), Object(Zend_Controller_Response_Http))
#1 D:\project\bag\library\framework\Zend\Application\Bootstrap\Bootstrap.php(101): Zend_Controller_Front->dispatch()
#2 D:\project\bag\library\framework\Zend\Application.php(366): Zend_Application_Bootstrap_Bootstrap->run()
#3 D:\project\bag\core\public\index.php(36): Zend_Application->run()
#4 {main}</pre>

<h3>Request Parameters:</h3>
<pre>array (
  'controller' => 'images',
  'action' => 'logo-mobile.png',
  'module' => 'home',
)</pre>
<h3>Server information:</h3>
<p>
<pre>array (
  'REDIRECT_REDIRECT_HTTP_APPLICATION_ENV' => 'development',
  'REDIRECT_REDIRECT_HTTP_PROJECT_HOST' => 'bag.local',
  'REDIRECT_REDIRECT_HTTP_APPLICATION_TIMEZONE' => 'Australia/Sydney',
  'REDIRECT_REDIRECT_STATUS' => '200',
  'REDIRECT_HTTP_APPLICATION_ENV' => 'development',
  'REDIRECT_HTTP_PROJECT_HOST' => 'bag.local',
  'REDIRECT_HTTP_APPLICATION_TIMEZONE' => 'Australia/Sydney',
  'REDIRECT_STATUS' => '200',
  'HTTP_APPLICATION_ENV' => 'development',
  'HTTP_PROJECT_HOST' => 'bag.local',
  'HTTP_APPLICATION_TIMEZONE' => 'Australia/Sydney',
  'HTTP_HOST' => 'bag.local',
  'HTTP_USER_AGENT' => 'Mozilla/5.0 (Windows NT 6.1; WOW64; rv:34.0) Gecko/20100101 Firefox/34.0',
  'HTTP_ACCEPT' => 'image/png,image/*;q=0.8,*/*;q=0.5',
  'HTTP_ACCEPT_LANGUAGE' => 'en-US,en;q=0.5',
  'HTTP_ACCEPT_ENCODING' => 'gzip, deflate',
  'HTTP_REFERER' => 'http://bag.local/staff/pickup',
  'HTTP_COOKIE' => 'b6589fc6ab0dc82cf12099d1c2d40ab994e8410c=sb87jjk18sg7k4e2m73r2uso74',
  'HTTP_CONNECTION' => 'keep-alive',
  'PATH' => 'C:\\Program Files (x86)\\NVIDIA Corporation\\PhysX\\Common;C:\\Program Files (x86)\\Intel\\iCLS Client\\;C:\\Program Files\\Intel\\iCLS Client\\;C:\\Windows\\system32;C:\\Windows;C:\\Windows\\System32\\Wbem;C:\\Windows\\System32\\WindowsPowerShell\\v1.0\\;C:\\Program Files\\Intel\\Intel(R) Management Engine Components\\DAL;C:\\Program Files\\Intel\\Intel(R) Management Engine Components\\IPT;C:\\Program Files (x86)\\Intel\\Intel(R) Management Engine Components\\DAL;C:\\Program Files (x86)\\Intel\\Intel(R) Management Engine Components\\IPT;C:\\Program Files (x86)\\Intel\\OpenCL SDK\\2.0\\bin\\x86;C:\\Program Files (x86)\\Intel\\OpenCL SDK\\2.0\\bin\\x64;C:\\Program Files\\TortoiseGit\\bin;D:\\server\\mysql\\bin;C:\\Program Files\\Java\\jdk1.8.0_05;D:\\server\\apache\\bin;D:\\server\\php;D:\\server\\mysql\\bin;C:\\Windows\\system32;C:\\Windows;C:\\Windows\\System32\\Wbem;C:\\Program Files\\SourceGear\\Common\\DiffMerge\\;',
  'SystemRoot' => 'C:\\Windows',
  'COMSPEC' => 'C:\\Windows\\system32\\cmd.exe',
  'PATHEXT' => '.COM;.EXE;.BAT;.CMD;.VBS;.VBE;.JS;.JSE;.WSF;.WSH;.MSC',
  'WINDIR' => 'C:\\Windows',
  'SERVER_SIGNATURE' => '',
  'SERVER_SOFTWARE' => 'Apache/2.2.19 (Win32) mod_ssl/2.2.19 OpenSSL/0.9.8r PHP/5.4.35',
  'SERVER_NAME' => 'bag.local',
  'SERVER_ADDR' => '127.0.0.1',
  'SERVER_PORT' => '80',
  'REMOTE_ADDR' => '127.0.0.1',
  'DOCUMENT_ROOT' => 'D:/project/bag',
  'SERVER_ADMIN' => 'admin@pc87.com',
  'SCRIPT_FILENAME' => 'D:/project/bag/core/public/index.php',
  'REMOTE_PORT' => '54320',
  'REDIRECT_URL' => '/core/public/images/logo-mobile.png',
  'GATEWAY_INTERFACE' => 'CGI/1.1',
  'SERVER_PROTOCOL' => 'HTTP/1.1',
  'REQUEST_METHOD' => 'GET',
  'QUERY_STRING' => '',
  'REQUEST_URI' => '/images/logo-mobile.png',
  'SCRIPT_NAME' => '/core/public/index.php',
  'PHP_SELF' => '/core/public/index.php',
  'REQUEST_TIME_FLOAT' => 1419065156.7679999,
  'REQUEST_TIME' => 1419065156,
)</pre></p>﻿Invalid controller specified (images)#0 D:\project\bag\library\framework\Zend\Controller\Front.php(954): Zend_Controller_Dispatcher_Standard->dispatch(Object(Zend_Controller_Request_Http), Object(Zend_Controller_Response_Http))
#1 D:\project\bag\library\framework\Zend\Application\Bootstrap\Bootstrap.php(101): Zend_Controller_Front->dispatch()
#2 D:\project\bag\library\framework\Zend\Application.php(366): Zend_Application_Bootstrap_Bootstrap->run()
#3 D:\project\bag\core\public\index.php(36): Zend_Application->run()
#4 {main}